2025-03-18 20:21:18,676 INFO [long-pulling] client count 0

2025-03-18 20:21:28,657 INFO toNotifyTaskSize = 0

2025-03-18 20:21:28,657 INFO toClientNotifyTaskSize = 0

2025-03-18 20:21:28,661 INFO groupCount = 0, subscriberClientCount = 0, subscriberCount = 0

2025-03-18 20:21:28,677 INFO [long-pulling] client count 0

2025-03-18 20:21:38,657 INFO toNotifyTaskSize = 0

2025-03-18 20:21:38,657 INFO toClientNotifyTaskSize = 0

2025-03-18 20:21:38,661 INFO groupCount = 0, subscriberClientCount = 0, subscriberCount = 0

2025-03-18 20:21:38,678 INFO [long-pulling] client count 0

2025-03-18 20:21:48,658 INFO toNotifyTaskSize = 0

2025-03-18 20:21:48,659 INFO toClientNotifyTaskSize = 0

2025-03-18 20:21:48,662 INFO groupCount = 0, subscriberClientCount = 0, subscriberCount = 0

2025-03-18 20:21:48,678 INFO [long-pulling] client count 0

2025-03-18 20:21:58,659 INFO toNotifyTaskSize = 0

2025-03-18 20:21:58,659 INFO toClientNotifyTaskSize = 0

2025-03-18 20:21:58,662 INFO groupCount = 0, subscriberClientCount = 0, subscriberCount = 0

2025-03-18 20:21:58,679 INFO [long-pulling] client count 0

2025-03-18 20:22:08,660 INFO toNotifyTaskSize = 0

2025-03-18 20:22:08,660 INFO toClientNotifyTaskSize = 0

2025-03-18 20:22:08,663 INFO groupCount = 0, subscriberClientCount = 0, subscriberCount = 0

2025-03-18 20:22:08,679 INFO [long-pulling] client count 0

2025-03-18 20:22:18,661 INFO toNotifyTaskSize = 0

2025-03-18 20:22:18,661 INFO toClientNotifyTaskSize = 0

2025-03-18 20:22:18,663 INFO groupCount = 0, subscriberClientCount = 0, subscriberCount = 0

2025-03-18 20:22:18,680 INFO [long-pulling] client count 0

2025-03-18 20:22:28,662 INFO toNotifyTaskSize = 0

2025-03-18 20:22:28,662 INFO toClientNotifyTaskSize = 0

2025-03-18 20:22:28,664 INFO groupCount = 0, subscriberClientCount = 0, subscriberCount = 0

2025-03-18 20:22:28,680 INFO [long-pulling] client count 0

2025-03-18 20:22:38,662 INFO toNotifyTaskSize = 0

2025-03-18 20:22:38,663 INFO toClientNotifyTaskSize = 0

2025-03-18 20:22:38,665 INFO groupCount = 0, subscriberClientCount = 0, subscriberCount = 0

2025-03-18 20:22:38,681 INFO [long-pulling] client count 0

2025-03-18 20:22:48,663 INFO toNotifyTaskSize = 0

2025-03-18 20:22:48,663 INFO toClientNotifyTaskSize = 0

2025-03-18 20:22:48,665 INFO groupCount = 0, subscriberClientCount = 0, subscriberCount = 0

2025-03-18 20:22:48,681 INFO [long-pulling] client count 0

2025-03-18 20:22:58,663 INFO toNotifyTaskSize = 0

2025-03-18 20:22:58,663 INFO toClientNotifyTaskSize = 0

2025-03-18 20:22:58,665 INFO groupCount = 0, subscriberClientCount = 0, subscriberCount = 0

2025-03-18 20:22:58,681 INFO [long-pulling] client count 0

2025-03-18 20:23:08,664 INFO toNotifyTaskSize = 0

2025-03-18 20:23:08,664 INFO toClientNotifyTaskSize = 0

2025-03-18 20:23:08,665 INFO groupCount = 0, subscriberClientCount = 0, subscriberCount = 0

2025-03-18 20:23:08,681 INFO [long-pulling] client count 0

2025-03-18 20:23:18,665 INFO toNotifyTaskSize = 0

2025-03-18 20:23:18,665 INFO toClientNotifyTaskSize = 0

2025-03-18 20:23:18,666 INFO groupCount = 0, subscriberClientCount = 0, subscriberCount = 0

2025-03-18 20:23:18,682 INFO [long-pulling] client count 0

2025-03-18 20:23:28,665 INFO toNotifyTaskSize = 0

2025-03-18 20:23:28,665 INFO toClientNotifyTaskSize = 0

2025-03-18 20:23:28,666 INFO groupCount = 0, subscriberClientCount = 0, subscriberCount = 0

2025-03-18 20:23:28,682 INFO [long-pulling] client count 0

2025-03-18 20:23:38,665 INFO toNotifyTaskSize = 0

2025-03-18 20:23:38,666 INFO toClientNotifyTaskSize = 0

2025-03-18 20:23:38,666 INFO groupCount = 0, subscriberClientCount = 0, subscriberCount = 0

2025-03-18 20:23:38,682 INFO [long-pulling] client count 0

2025-03-18 20:23:48,666 INFO toNotifyTaskSize = 0

2025-03-18 20:23:48,666 INFO toClientNotifyTaskSize = 0

2025-03-18 20:23:48,666 INFO groupCount = 0, subscriberClientCount = 0, subscriberCount = 0

2025-03-18 20:23:48,683 INFO [long-pulling] client count 0

2025-03-18 20:23:58,667 INFO toNotifyTaskSize = 0

2025-03-18 20:23:58,667 INFO groupCount = 0, subscriberClientCount = 0, subscriberCount = 0

2025-03-18 20:23:58,667 INFO toClientNotifyTaskSize = 0

2025-03-18 20:23:58,683 INFO [long-pulling] client count 0

2025-03-18 20:24:08,667 INFO groupCount = 0, subscriberClientCount = 0, subscriberCount = 0

2025-03-18 20:24:08,667 INFO toNotifyTaskSize = 0

2025-03-18 20:24:08,667 INFO toClientNotifyTaskSize = 0

2025-03-18 20:24:08,683 INFO [long-pulling] client count 0

2025-03-18 20:24:18,668 INFO groupCount = 0, subscriberClientCount = 0, subscriberCount = 0

2025-03-18 20:24:18,668 INFO toNotifyTaskSize = 0

2025-03-18 20:24:18,668 INFO toClientNotifyTaskSize = 0

2025-03-18 20:24:18,684 INFO [long-pulling] client count 0

2025-03-18 20:24:28,668 INFO toNotifyTaskSize = 0

2025-03-18 20:24:28,668 INFO toClientNotifyTaskSize = 0

2025-03-18 20:24:28,668 INFO groupCount = 0, subscriberClientCount = 0, subscriberCount = 0

2025-03-18 20:24:28,684 INFO [long-pulling] client count 0

2025-03-18 20:24:38,669 INFO toNotifyTaskSize = 0

2025-03-18 20:24:38,669 INFO groupCount = 0, subscriberClientCount = 0, subscriberCount = 0

2025-03-18 20:24:38,669 INFO toClientNotifyTaskSize = 0

2025-03-18 20:24:38,684 INFO [long-pulling] client count 0

2025-03-18 20:24:48,669 INFO groupCount = 0, subscriberClientCount = 0, subscriberCount = 0

2025-03-18 20:24:48,669 INFO toNotifyTaskSize = 0

2025-03-18 20:24:48,669 INFO toClientNotifyTaskSize = 0

2025-03-18 20:24:48,685 INFO [long-pulling] client count 0

2025-03-18 20:24:58,669 INFO groupCount = 0, subscriberClientCount = 0, subscriberCount = 0

2025-03-18 20:24:58,669 INFO toNotifyTaskSize = 0

2025-03-18 20:24:58,670 INFO toClientNotifyTaskSize = 0

2025-03-18 20:24:58,685 INFO [long-pulling] client count 0

2025-03-18 20:25:08,670 INFO groupCount = 0, subscriberClientCount = 0, subscriberCount = 0

2025-03-18 20:25:08,670 INFO toNotifyTaskSize = 0

2025-03-18 20:25:08,670 INFO toClientNotifyTaskSize = 0

2025-03-18 20:25:08,685 INFO [long-pulling] client count 0

2025-03-18 20:25:18,670 INFO toNotifyTaskSize = 0

2025-03-18 20:25:18,670 INFO groupCount = 0, subscriberClientCount = 0, subscriberCount = 0

2025-03-18 20:25:18,671 INFO toClientNotifyTaskSize = 0

2025-03-18 20:25:18,685 INFO [long-pulling] client count 0

2025-03-18 20:25:28,671 INFO groupCount = 0, subscriberClientCount = 0, subscriberCount = 0

2025-03-18 20:25:28,671 INFO toNotifyTaskSize = 0

2025-03-18 20:25:28,671 INFO toClientNotifyTaskSize = 0

2025-03-18 20:25:28,686 INFO [long-pulling] client count 0

2025-03-18 20:25:38,671 INFO groupCount = 0, subscriberClientCount = 0, subscriberCount = 0

2025-03-18 20:25:38,672 INFO toNotifyTaskSize = 0

2025-03-18 20:25:38,672 INFO toClientNotifyTaskSize = 0

2025-03-18 20:25:38,686 INFO [long-pulling] client count 0

2025-03-18 20:25:48,672 INFO groupCount = 0, subscriberClientCount = 0, subscriberCount = 0

2025-03-18 20:25:48,672 INFO toNotifyTaskSize = 0

2025-03-18 20:25:48,672 INFO toClientNotifyTaskSize = 0

2025-03-18 20:25:48,686 INFO [long-pulling] client count 0

2025-03-18 20:25:58,672 INFO toNotifyTaskSize = 0

2025-03-18 20:25:58,672 INFO toClientNotifyTaskSize = 0

2025-03-18 20:25:58,672 INFO groupCount = 0, subscriberClientCount = 0, subscriberCount = 0

2025-03-18 20:25:58,686 INFO [long-pulling] client count 0

2025-03-18 20:26:08,673 INFO toNotifyTaskSize = 0

2025-03-18 20:26:08,673 INFO groupCount = 0, subscriberClientCount = 0, subscriberCount = 0

2025-03-18 20:26:08,673 INFO toClientNotifyTaskSize = 0

2025-03-18 20:26:08,749 INFO [long-pulling] client count 0

2025-03-18 20:26:18,673 INFO groupCount = 0, subscriberClientCount = 0, subscriberCount = 0

2025-03-18 20:26:18,673 INFO toNotifyTaskSize = 0

2025-03-18 20:26:18,674 INFO toClientNotifyTaskSize = 0

2025-03-18 20:26:18,749 INFO [long-pulling] client count 0

2025-03-18 20:26:28,674 INFO toNotifyTaskSize = 0

2025-03-18 20:26:28,674 INFO toClientNotifyTaskSize = 0

2025-03-18 20:26:28,674 INFO groupCount = 0, subscriberClientCount = 0, subscriberCount = 0

2025-03-18 20:26:28,750 INFO [long-pulling] client count 0

2025-03-18 20:26:38,674 INFO toNotifyTaskSize = 0

2025-03-18 20:26:38,674 INFO groupCount = 0, subscriberClientCount = 0, subscriberCount = 0

2025-03-18 20:26:38,674 INFO toClientNotifyTaskSize = 0

2025-03-18 20:26:38,750 INFO [long-pulling] client count 0

2025-03-18 20:26:48,674 INFO groupCount = 0, subscriberClientCount = 0, subscriberCount = 0

2025-03-18 20:26:48,675 INFO toNotifyTaskSize = 0

2025-03-18 20:26:48,675 INFO toClientNotifyTaskSize = 0

2025-03-18 20:26:48,750 INFO [long-pulling] client count 0

2025-03-18 20:26:58,675 INFO groupCount = 0, subscriberClientCount = 0, subscriberCount = 0

2025-03-18 20:26:58,675 INFO toNotifyTaskSize = 0

2025-03-18 20:26:58,675 INFO toClientNotifyTaskSize = 0

2025-03-18 20:26:58,751 INFO [long-pulling] client count 0

2025-03-18 20:27:08,675 INFO groupCount = 0, subscriberClientCount = 0, subscriberCount = 0

2025-03-18 20:27:08,676 INFO toNotifyTaskSize = 0

2025-03-18 20:27:08,676 INFO toClientNotifyTaskSize = 0

2025-03-18 20:27:08,751 INFO [long-pulling] client count 0

2025-03-18 20:34:05,880 INFO groupCount = 0, subscriberClientCount = 0, subscriberCount = 0

2025-03-18 20:34:05,880 INFO toNotifyTaskSize = 0

2025-03-18 20:34:05,881 INFO toClientNotifyTaskSize = 0

2025-03-18 20:34:05,956 INFO [long-pulling] client count 0

2025-03-18 20:34:15,881 INFO groupCount = 0, subscriberClientCount = 0, subscriberCount = 0

2025-03-18 20:34:15,881 INFO toNotifyTaskSize = 0

2025-03-18 20:34:15,881 INFO toClientNotifyTaskSize = 0

2025-03-18 20:34:15,956 INFO [long-pulling] client count 0

2025-03-18 20:34:25,881 INFO groupCount = 0, subscriberClientCount = 0, subscriberCount = 0

2025-03-18 20:34:25,881 INFO toNotifyTaskSize = 0

2025-03-18 20:34:25,882 INFO toClientNotifyTaskSize = 0

2025-03-18 20:34:25,956 INFO [long-pulling] client count 0

2025-03-18 20:34:35,882 INFO groupCount = 0, subscriberClientCount = 0, subscriberCount = 0

2025-03-18 20:34:35,882 INFO toNotifyTaskSize = 0

2025-03-18 20:34:35,882 INFO toClientNotifyTaskSize = 0

2025-03-18 20:34:35,957 INFO [long-pulling] client count 0

2025-03-18 20:34:45,882 INFO toNotifyTaskSize = 0

2025-03-18 20:34:45,882 INFO groupCount = 0, subscriberClientCount = 0, subscriberCount = 0

2025-03-18 20:34:45,882 INFO toClientNotifyTaskSize = 0

2025-03-18 20:34:45,957 INFO [long-pulling] client count 0

2025-03-18 20:34:55,882 INFO groupCount = 0, subscriberClientCount = 0, subscriberCount = 0

2025-03-18 20:34:55,882 INFO toNotifyTaskSize = 0

2025-03-18 20:34:55,883 INFO toClientNotifyTaskSize = 0

2025-03-18 20:34:55,958 INFO [long-pulling] client count 0

2025-03-18 20:35:05,883 INFO groupCount = 0, subscriberClientCount = 0, subscriberCount = 0

2025-03-18 20:35:05,883 INFO toNotifyTaskSize = 0

2025-03-18 20:35:05,883 INFO toClientNotifyTaskSize = 0

2025-03-18 20:35:05,958 INFO [long-pulling] client count 0

2025-03-18 20:35:15,883 INFO groupCount = 0, subscriberClientCount = 0, subscriberCount = 0

2025-03-18 20:35:15,884 INFO toNotifyTaskSize = 0

2025-03-18 20:35:15,884 INFO toClientNotifyTaskSize = 0

2025-03-18 20:35:15,958 INFO [long-pulling] client count 0

2025-03-18 20:35:25,884 INFO toNotifyTaskSize = 0

2025-03-18 20:35:25,884 INFO groupCount = 0, subscriberClientCount = 0, subscriberCount = 0

2025-03-18 20:35:25,884 INFO toClientNotifyTaskSize = 0

2025-03-18 20:35:25,959 INFO [long-pulling] client count 0

2025-03-18 20:35:35,885 INFO groupCount = 0, subscriberClientCount = 0, subscriberCount = 0

2025-03-18 20:35:35,885 INFO toNotifyTaskSize = 0

2025-03-18 20:35:35,885 INFO toClientNotifyTaskSize = 0

2025-03-18 20:35:35,959 INFO [long-pulling] client count 0

2025-03-18 20:35:45,885 INFO groupCount = 0, subscriberClientCount = 0, subscriberCount = 0

2025-03-18 20:35:45,885 INFO toNotifyTaskSize = 0

2025-03-18 20:35:45,885 INFO toClientNotifyTaskSize = 0

2025-03-18 20:35:45,959 INFO [long-pulling] client count 0

2025-03-18 20:35:55,885 INFO groupCount = 0, subscriberClientCount = 0, subscriberCount = 0

2025-03-18 20:35:55,885 INFO toNotifyTaskSize = 0

2025-03-18 20:35:55,886 INFO toClientNotifyTaskSize = 0

2025-03-18 20:35:55,960 INFO [long-pulling] client count 0

2025-03-18 20:36:05,886 INFO groupCount = 0, subscriberClientCount = 0, subscriberCount = 0

2025-03-18 20:36:05,886 INFO toNotifyTaskSize = 0

2025-03-18 20:36:05,886 INFO toClientNotifyTaskSize = 0

2025-03-18 20:36:05,960 INFO [long-pulling] client count 0

2025-03-18 20:36:15,886 INFO groupCount = 0, subscriberClientCount = 0, subscriberCount = 0

2025-03-18 20:36:15,887 INFO toNotifyTaskSize = 0

2025-03-18 20:36:15,887 INFO toClientNotifyTaskSize = 0

2025-03-18 20:36:15,960 INFO [long-pulling] client count 0

2025-03-18 20:36:25,887 INFO groupCount = 1, subscriberClientCount = 0, subscriberCount = 0

2025-03-18 20:36:25,887 INFO toNotifyTaskSize = 0

2025-03-18 20:36:25,887 INFO toClientNotifyTaskSize = 0

2025-03-18 20:36:25,960 INFO [long-pulling] client count 0

2025-03-18 20:36:35,887 INFO toNotifyTaskSize = 0

2025-03-18 20:36:35,887 INFO groupCount = 1, subscriberClientCount = 0, subscriberCount = 0

2025-03-18 20:36:35,887 INFO toClientNotifyTaskSize = 0

2025-03-18 20:36:35,960 INFO [long-pulling] client count 0

2025-03-18 20:36:45,887 INFO toNotifyTaskSize = 0

2025-03-18 20:36:45,887 INFO groupCount = 1, subscriberClientCount = 0, subscriberCount = 0

2025-03-18 20:36:45,887 INFO toClientNotifyTaskSize = 0

2025-03-18 20:36:45,961 INFO [long-pulling] client count 0

2025-03-18 20:36:55,888 INFO groupCount = 2, subscriberClientCount = 0, subscriberCount = 0

2025-03-18 20:36:55,888 INFO toNotifyTaskSize = 0

2025-03-18 20:36:55,888 INFO toClientNotifyTaskSize = 0

2025-03-18 20:36:55,961 INFO [long-pulling] client count 0

2025-03-18 20:37:05,888 INFO groupCount = 3, subscriberClientCount = 0, subscriberCount = 0

2025-03-18 20:37:05,888 INFO toNotifyTaskSize = 0

2025-03-18 20:37:05,888 INFO toClientNotifyTaskSize = 0

2025-03-18 20:37:05,961 INFO [long-pulling] client count 0

2025-03-18 20:37:15,888 INFO groupCount = 3, subscriberClientCount = 0, subscriberCount = 0

2025-03-18 20:37:15,889 INFO toNotifyTaskSize = 0

2025-03-18 20:37:15,889 INFO toClientNotifyTaskSize = 0

2025-03-18 20:37:15,962 INFO [long-pulling] client count 0

2025-03-18 20:37:25,889 INFO groupCount = 3, subscriberClientCount = 0, subscriberCount = 0

2025-03-18 20:37:25,889 INFO toNotifyTaskSize = 0

2025-03-18 20:37:25,889 INFO toClientNotifyTaskSize = 0

2025-03-18 20:37:25,962 INFO [long-pulling] client count 0

2025-03-18 20:37:35,889 INFO groupCount = 3, subscriberClientCount = 0, subscriberCount = 0

2025-03-18 20:37:35,889 INFO toNotifyTaskSize = 0

2025-03-18 20:37:35,889 INFO toClientNotifyTaskSize = 0

2025-03-18 20:37:35,962 INFO [long-pulling] client count 0

2025-03-18 20:37:45,889 INFO groupCount = 3, subscriberClientCount = 0, subscriberCount = 0

2025-03-18 20:37:45,889 INFO toNotifyTaskSize = 0

2025-03-18 20:37:45,889 INFO toClientNotifyTaskSize = 0

2025-03-18 20:37:45,962 INFO [long-pulling] client count 0

2025-03-18 20:37:55,890 INFO groupCount = 3, subscriberClientCount = 0, subscriberCount = 0

2025-03-18 20:37:55,890 INFO toNotifyTaskSize = 0

2025-03-18 20:37:55,890 INFO toClientNotifyTaskSize = 0

2025-03-18 20:37:55,963 INFO [long-pulling] client count 0

2025-03-18 20:38:05,890 INFO groupCount = 3, subscriberClientCount = 0, subscriberCount = 0

2025-03-18 20:38:05,890 INFO toNotifyTaskSize = 0

2025-03-18 20:38:05,891 INFO toClientNotifyTaskSize = 0

2025-03-18 20:38:05,963 INFO [long-pulling] client count 0

2025-03-18 20:38:15,891 INFO groupCount = 3, subscriberClientCount = 0, subscriberCount = 0

2025-03-18 20:38:15,891 INFO toNotifyTaskSize = 0

2025-03-18 20:38:15,891 INFO toClientNotifyTaskSize = 0

2025-03-18 20:38:15,963 INFO [long-pulling] client count 0

2025-03-18 20:38:25,891 INFO groupCount = 3, subscriberClientCount = 0, subscriberCount = 0

2025-03-18 20:38:25,891 INFO toNotifyTaskSize = 0

2025-03-18 20:38:25,891 INFO toClientNotifyTaskSize = 0

2025-03-18 20:38:25,963 INFO [long-pulling] client count 0

2025-03-18 20:38:35,891 INFO groupCount = 3, subscriberClientCount = 0, subscriberCount = 0

2025-03-18 20:38:35,892 INFO toNotifyTaskSize = 0

2025-03-18 20:38:35,892 INFO toClientNotifyTaskSize = 0

2025-03-18 20:38:35,964 INFO [long-pulling] client count 0

2025-03-18 20:38:45,892 INFO groupCount = 3, subscriberClientCount = 0, subscriberCount = 0

2025-03-18 20:38:45,892 INFO toNotifyTaskSize = 0

2025-03-18 20:38:45,892 INFO toClientNotifyTaskSize = 0

2025-03-18 20:38:45,964 INFO [long-pulling] client count 0

2025-03-18 20:38:55,893 INFO groupCount = 3, subscriberClientCount = 0, subscriberCount = 0

2025-03-18 20:38:55,893 INFO toNotifyTaskSize = 0

2025-03-18 20:38:55,893 INFO toClientNotifyTaskSize = 0

2025-03-18 20:38:55,964 INFO [long-pulling] client count 0

2025-03-18 20:39:05,893 INFO groupCount = 3, subscriberClientCount = 0, subscriberCount = 0

2025-03-18 20:39:05,893 INFO toNotifyTaskSize = 0

2025-03-18 20:39:05,894 INFO toClientNotifyTaskSize = 0

2025-03-18 20:39:05,964 INFO [long-pulling] client count 0

2025-03-18 20:39:15,894 INFO groupCount = 3, subscriberClientCount = 0, subscriberCount = 0

2025-03-18 20:39:15,894 INFO toNotifyTaskSize = 0

2025-03-18 20:39:15,894 INFO toClientNotifyTaskSize = 0

2025-03-18 20:39:15,965 INFO [long-pulling] client count 0

2025-03-18 20:39:25,894 INFO toNotifyTaskSize = 0

2025-03-18 20:39:25,894 INFO groupCount = 3, subscriberClientCount = 0, subscriberCount = 0

2025-03-18 20:39:25,895 INFO toClientNotifyTaskSize = 0

2025-03-18 20:39:25,965 INFO [long-pulling] client count 0

2025-03-18 20:39:35,895 INFO groupCount = 3, subscriberClientCount = 0, subscriberCount = 0

2025-03-18 20:39:35,895 INFO toNotifyTaskSize = 0

2025-03-18 20:39:35,895 INFO toClientNotifyTaskSize = 0

2025-03-18 20:39:35,965 INFO [long-pulling] client count 0

2025-03-18 20:39:45,895 INFO groupCount = 3, subscriberClientCount = 0, subscriberCount = 0

2025-03-18 20:39:45,895 INFO toNotifyTaskSize = 0

2025-03-18 20:39:45,896 INFO toClientNotifyTaskSize = 0

2025-03-18 20:39:45,965 INFO [long-pulling] client count 0

2025-03-18 20:39:55,896 INFO groupCount = 3, subscriberClientCount = 0, subscriberCount = 0

2025-03-18 20:39:55,896 INFO toNotifyTaskSize = 0

2025-03-18 20:39:55,896 INFO toClientNotifyTaskSize = 0

2025-03-18 20:39:55,966 INFO [long-pulling] client count 0

2025-03-18 20:40:05,896 INFO groupCount = 3, subscriberClientCount = 0, subscriberCount = 0

2025-03-18 20:40:05,896 INFO toNotifyTaskSize = 0

2025-03-18 20:40:05,896 INFO toClientNotifyTaskSize = 0

2025-03-18 20:40:05,966 INFO [long-pulling] client count 0

2025-03-18 20:40:15,896 INFO groupCount = 3, subscriberClientCount = 0, subscriberCount = 0

2025-03-18 20:40:15,896 INFO toNotifyTaskSize = 0

2025-03-18 20:40:15,896 INFO toClientNotifyTaskSize = 0

2025-03-18 20:40:15,966 INFO [long-pulling] client count 0

2025-03-18 20:40:25,897 INFO groupCount = 3, subscriberClientCount = 0, subscriberCount = 0

2025-03-18 20:40:25,897 INFO toNotifyTaskSize = 0

2025-03-18 20:40:25,897 INFO toClientNotifyTaskSize = 0

2025-03-18 20:40:25,966 INFO [long-pulling] client count 0

2025-03-18 20:40:35,897 INFO groupCount = 3, subscriberClientCount = 0, subscriberCount = 0

2025-03-18 20:40:35,897 INFO toNotifyTaskSize = 0

2025-03-18 20:40:35,897 INFO toClientNotifyTaskSize = 0

2025-03-18 20:40:35,967 INFO [long-pulling] client count 0

2025-03-18 20:40:45,898 INFO groupCount = 3, subscriberClientCount = 0, subscriberCount = 0

2025-03-18 20:40:45,898 INFO toNotifyTaskSize = 0

2025-03-18 20:40:45,898 INFO toClientNotifyTaskSize = 0

2025-03-18 20:40:45,967 INFO [long-pulling] client count 0

2025-03-18 20:40:55,898 INFO groupCount = 3, subscriberClientCount = 0, subscriberCount = 0

2025-03-18 20:40:55,898 INFO toNotifyTaskSize = 0

2025-03-18 20:40:55,898 INFO toClientNotifyTaskSize = 0

2025-03-18 20:40:55,967 INFO [long-pulling] client count 0

2025-03-18 20:41:05,898 INFO groupCount = 3, subscriberClientCount = 0, subscriberCount = 0

2025-03-18 20:41:05,898 INFO toNotifyTaskSize = 0

2025-03-18 20:41:05,899 INFO toClientNotifyTaskSize = 0

2025-03-18 20:41:05,967 INFO [long-pulling] client count 0

2025-03-18 20:41:15,899 INFO groupCount = 3, subscriberClientCount = 0, subscriberCount = 0

2025-03-18 20:41:15,899 INFO toNotifyTaskSize = 0

2025-03-18 20:41:15,899 INFO toClientNotifyTaskSize = 0

2025-03-18 20:41:15,968 INFO [long-pulling] client count 0

2025-03-18 20:41:25,899 INFO groupCount = 3, subscriberClientCount = 0, subscriberCount = 0

2025-03-18 20:41:25,899 INFO toNotifyTaskSize = 0

2025-03-18 20:41:25,899 INFO toClientNotifyTaskSize = 0

2025-03-18 20:41:25,968 INFO [long-pulling] client count 0

2025-03-18 20:41:35,900 INFO groupCount = 3, subscriberClientCount = 0, subscriberCount = 0

2025-03-18 20:41:35,900 INFO toNotifyTaskSize = 0

2025-03-18 20:41:35,900 INFO toClientNotifyTaskSize = 0

2025-03-18 20:41:35,968 INFO [long-pulling] client count 0

2025-03-18 20:41:45,900 INFO groupCount = 4, subscriberClientCount = 0, subscriberCount = 0

2025-03-18 20:41:45,900 INFO toNotifyTaskSize = 0

2025-03-18 20:41:45,900 INFO toClientNotifyTaskSize = 0

2025-03-18 20:41:45,968 INFO [long-pulling] client count 0

2025-03-18 20:41:55,900 INFO groupCount = 4, subscriberClientCount = 0, subscriberCount = 0

2025-03-18 20:41:55,900 INFO toNotifyTaskSize = 0

2025-03-18 20:41:55,901 INFO toClientNotifyTaskSize = 0

2025-03-18 20:41:55,969 INFO [long-pulling] client count 0

2025-03-18 20:42:05,901 INFO groupCount = 4, subscriberClientCount = 0, subscriberCount = 0

2025-03-18 20:42:05,901 INFO toNotifyTaskSize = 0

2025-03-18 20:42:05,901 INFO toClientNotifyTaskSize = 0

2025-03-18 20:42:05,969 INFO [long-pulling] client count 0

2025-03-18 20:42:15,901 INFO groupCount = 4, subscriberClientCount = 0, subscriberCount = 0

2025-03-18 20:42:15,901 INFO toNotifyTaskSize = 0

2025-03-18 20:42:15,902 INFO toClientNotifyTaskSize = 0

2025-03-18 20:42:15,969 INFO [long-pulling] client count 0

2025-03-18 20:42:25,902 INFO toNotifyTaskSize = 0

2025-03-18 20:42:25,902 INFO groupCount = 4, subscriberClientCount = 0, subscriberCount = 0

2025-03-18 20:42:25,902 INFO toClientNotifyTaskSize = 0

2025-03-18 20:42:25,970 INFO [long-pulling] client count 0

2025-03-18 20:42:35,902 INFO groupCount = 4, subscriberClientCount = 0, subscriberCount = 0

2025-03-18 20:42:35,903 INFO toNotifyTaskSize = 0

2025-03-18 20:42:35,903 INFO toClientNotifyTaskSize = 0

2025-03-18 20:42:35,970 INFO [long-pulling] client count 0

2025-03-18 20:42:45,903 INFO groupCount = 4, subscriberClientCount = 0, subscriberCount = 0

2025-03-18 20:42:45,903 INFO toNotifyTaskSize = 0

2025-03-18 20:42:45,903 INFO toClientNotifyTaskSize = 0

2025-03-18 20:42:45,970 INFO [long-pulling] client count 0

2025-03-18 20:42:55,903 INFO toNotifyTaskSize = 0

2025-03-18 20:42:55,903 INFO groupCount = 4, subscriberClientCount = 0, subscriberCount = 0

2025-03-18 20:42:55,903 INFO toClientNotifyTaskSize = 0

2025-03-18 20:42:55,970 INFO [long-pulling] client count 0

2025-03-18 20:43:05,903 INFO groupCount = 4, subscriberClientCount = 0, subscriberCount = 0

2025-03-18 20:43:05,903 INFO toNotifyTaskSize = 0

2025-03-18 20:43:05,903 INFO toClientNotifyTaskSize = 0

2025-03-18 20:43:05,970 INFO [long-pulling] client count 0

2025-03-18 20:43:15,904 INFO groupCount = 4, subscriberClientCount = 0, subscriberCount = 0

2025-03-18 20:43:15,904 INFO toNotifyTaskSize = 0

2025-03-18 20:43:15,904 INFO toClientNotifyTaskSize = 0

2025-03-18 20:43:15,971 INFO [long-pulling] client count 0

2025-03-18 20:43:25,904 INFO groupCount = 4, subscriberClientCount = 0, subscriberCount = 0

2025-03-18 20:43:25,904 INFO toNotifyTaskSize = 0

2025-03-18 20:43:25,971 INFO [long-pulling] client count 0

2025-03-18 20:43:25,975 INFO toClientNotifyTaskSize = 0

2025-03-18 20:43:35,905 INFO groupCount = 4, subscriberClientCount = 0, subscriberCount = 0

2025-03-18 20:43:35,976 INFO [long-pulling] client count 0

2025-03-18 20:43:35,976 INFO toNotifyTaskSize = 0

2025-03-18 20:43:35,976 INFO toClientNotifyTaskSize = 0

2025-03-18 20:43:45,905 INFO groupCount = 4, subscriberClientCount = 0, subscriberCount = 0

2025-03-18 20:43:45,976 INFO [long-pulling] client count 0

2025-03-18 20:43:45,977 INFO toNotifyTaskSize = 0

2025-03-18 20:43:45,977 INFO toClientNotifyTaskSize = 0

2025-03-18 20:43:55,906 INFO groupCount = 4, subscriberClientCount = 0, subscriberCount = 0

2025-03-18 20:43:55,977 INFO [long-pulling] client count 0

2025-03-18 20:43:55,977 INFO toNotifyTaskSize = 0

2025-03-18 20:43:55,977 INFO toClientNotifyTaskSize = 0

2025-03-18 20:44:05,906 INFO groupCount = 4, subscriberClientCount = 0, subscriberCount = 0

2025-03-18 20:44:05,977 INFO [long-pulling] client count 0

2025-03-18 20:44:05,977 INFO toNotifyTaskSize = 0

2025-03-18 20:44:05,977 INFO toClientNotifyTaskSize = 0

2025-03-18 20:44:15,907 INFO groupCount = 4, subscriberClientCount = 0, subscriberCount = 0

2025-03-18 20:44:15,978 INFO [long-pulling] client count 0

2025-03-18 20:44:15,978 INFO toNotifyTaskSize = 0

2025-03-18 20:44:15,978 INFO toClientNotifyTaskSize = 0

2025-03-18 20:44:25,907 INFO groupCount = 4, subscriberClientCount = 0, subscriberCount = 0

2025-03-18 20:44:25,978 INFO [long-pulling] client count 0

2025-03-18 20:44:25,978 INFO toNotifyTaskSize = 0

2025-03-18 20:44:25,978 INFO toClientNotifyTaskSize = 0

2025-03-18 20:44:35,907 INFO groupCount = 4, subscriberClientCount = 0, subscriberCount = 0

2025-03-18 20:44:35,978 INFO [long-pulling] client count 0

2025-03-18 20:44:35,979 INFO toNotifyTaskSize = 0

2025-03-18 20:44:35,979 INFO toClientNotifyTaskSize = 0

2025-03-18 20:44:45,908 INFO groupCount = 4, subscriberClientCount = 0, subscriberCount = 0

2025-03-18 20:44:45,979 INFO [long-pulling] client count 0

2025-03-18 20:44:45,979 INFO toNotifyTaskSize = 0

2025-03-18 20:44:45,979 INFO toClientNotifyTaskSize = 0

2025-03-18 20:44:55,908 INFO groupCount = 4, subscriberClientCount = 0, subscriberCount = 0

2025-03-18 20:44:55,979 INFO toNotifyTaskSize = 0

2025-03-18 20:44:55,979 INFO [long-pulling] client count 0

2025-03-18 20:44:55,979 INFO toClientNotifyTaskSize = 0

2025-03-18 20:45:05,909 INFO groupCount = 4, subscriberClientCount = 0, subscriberCount = 0

2025-03-18 20:45:05,979 INFO [long-pulling] client count 0

2025-03-18 20:45:05,979 INFO toNotifyTaskSize = 0

2025-03-18 20:45:05,979 INFO toClientNotifyTaskSize = 0

2025-03-18 20:45:15,909 INFO groupCount = 4, subscriberClientCount = 0, subscriberCount = 0

2025-03-18 20:45:15,980 INFO toNotifyTaskSize = 0

2025-03-18 20:45:15,980 INFO [long-pulling] client count 0

2025-03-18 20:45:15,980 INFO toClientNotifyTaskSize = 0

2025-03-18 20:45:25,910 INFO groupCount = 4, subscriberClientCount = 0, subscriberCount = 0

2025-03-18 20:45:25,980 INFO [long-pulling] client count 0

2025-03-18 20:45:25,980 INFO toNotifyTaskSize = 0

2025-03-18 20:45:25,980 INFO toClientNotifyTaskSize = 0

2025-03-18 20:45:35,910 INFO groupCount = 4, subscriberClientCount = 0, subscriberCount = 0

2025-03-18 20:45:35,980 INFO toNotifyTaskSize = 0

2025-03-18 20:45:35,980 INFO toClientNotifyTaskSize = 0

2025-03-18 20:45:35,980 INFO [long-pulling] client count 0

2025-03-18 20:45:45,910 INFO groupCount = 4, subscriberClientCount = 0, subscriberCount = 0

2025-03-18 20:45:45,980 INFO [long-pulling] client count 0

2025-03-18 20:45:45,980 INFO toNotifyTaskSize = 0

2025-03-18 20:45:45,981 INFO toClientNotifyTaskSize = 0

2025-03-18 20:45:55,910 INFO groupCount = 4, subscriberClientCount = 0, subscriberCount = 0

2025-03-18 20:45:55,981 INFO [long-pulling] client count 0

2025-03-18 20:45:55,981 INFO toNotifyTaskSize = 0

2025-03-18 20:45:55,981 INFO toClientNotifyTaskSize = 0

2025-03-18 20:46:05,910 INFO groupCount = 4, subscriberClientCount = 0, subscriberCount = 0

2025-03-18 20:46:05,981 INFO [long-pulling] client count 0

2025-03-18 20:46:05,981 INFO toNotifyTaskSize = 0

2025-03-18 20:46:05,982 INFO toClientNotifyTaskSize = 0

2025-03-18 20:46:15,911 INFO groupCount = 4, subscriberClientCount = 0, subscriberCount = 0

2025-03-18 20:46:15,982 INFO [long-pulling] client count 0

2025-03-18 20:46:15,982 INFO toNotifyTaskSize = 0

2025-03-18 20:46:15,982 INFO toClientNotifyTaskSize = 0

2025-03-18 20:46:25,911 INFO groupCount = 4, subscriberClientCount = 0, subscriberCount = 0

2025-03-18 20:46:25,982 INFO [long-pulling] client count 0

2025-03-18 20:46:25,982 INFO toNotifyTaskSize = 0

2025-03-18 20:46:25,982 INFO toClientNotifyTaskSize = 0

2025-03-18 20:46:35,912 INFO groupCount = 4, subscriberClientCount = 0, subscriberCount = 0

2025-03-18 20:46:35,982 INFO [long-pulling] client count 0

2025-03-18 20:46:35,982 INFO toNotifyTaskSize = 0

2025-03-18 20:46:35,982 INFO toClientNotifyTaskSize = 0

2025-03-18 20:46:45,912 INFO groupCount = 4, subscriberClientCount = 0, subscriberCount = 0

2025-03-18 20:46:45,982 INFO [long-pulling] client count 0

2025-03-18 20:46:45,982 INFO toNotifyTaskSize = 0

2025-03-18 20:46:45,982 INFO toClientNotifyTaskSize = 0

2025-03-18 20:46:55,912 INFO groupCount = 4, subscriberClientCount = 0, subscriberCount = 0

2025-03-18 20:46:55,983 INFO [long-pulling] client count 0

2025-03-18 20:46:55,983 INFO toNotifyTaskSize = 0

2025-03-18 20:46:55,983 INFO toClientNotifyTaskSize = 0

2025-03-18 20:47:05,913 INFO groupCount = 4, subscriberClientCount = 0, subscriberCount = 0

2025-03-18 20:47:05,983 INFO [long-pulling] client count 0

2025-03-18 20:47:05,983 INFO toNotifyTaskSize = 0

2025-03-18 20:47:05,983 INFO toClientNotifyTaskSize = 0

2025-03-18 20:47:15,913 INFO groupCount = 4, subscriberClientCount = 0, subscriberCount = 0

2025-03-18 20:47:15,983 INFO [long-pulling] client count 0

2025-03-18 20:47:15,983 INFO toNotifyTaskSize = 0

2025-03-18 20:47:15,983 INFO toClientNotifyTaskSize = 0

2025-03-18 20:47:25,913 INFO groupCount = 4, subscriberClientCount = 0, subscriberCount = 0

2025-03-18 20:47:25,984 INFO [long-pulling] client count 0

2025-03-18 20:47:25,984 INFO toNotifyTaskSize = 0

2025-03-18 20:47:25,984 INFO toClientNotifyTaskSize = 0

2025-03-18 20:47:35,914 INFO groupCount = 4, subscriberClientCount = 0, subscriberCount = 0

2025-03-18 20:47:35,984 INFO [long-pulling] client count 0

2025-03-18 20:47:35,984 INFO toNotifyTaskSize = 0

2025-03-18 20:47:35,985 INFO toClientNotifyTaskSize = 0

2025-03-18 20:47:45,914 INFO groupCount = 4, subscriberClientCount = 0, subscriberCount = 0

2025-03-18 20:47:45,985 INFO [long-pulling] client count 0

2025-03-18 20:47:45,985 INFO toNotifyTaskSize = 0

2025-03-18 20:47:45,985 INFO toClientNotifyTaskSize = 0

2025-03-18 20:47:55,914 INFO groupCount = 4, subscriberClientCount = 0, subscriberCount = 0

2025-03-18 20:47:55,985 INFO [long-pulling] client count 0

2025-03-18 20:47:55,985 INFO toNotifyTaskSize = 0

2025-03-18 20:47:55,994 INFO toClientNotifyTaskSize = 0

2025-03-18 20:48:05,915 INFO groupCount = 4, subscriberClientCount = 0, subscriberCount = 0

2025-03-18 20:48:05,994 INFO [long-pulling] client count 0

2025-03-18 20:48:05,995 INFO toNotifyTaskSize = 0

2025-03-18 20:48:05,995 INFO toClientNotifyTaskSize = 0

2025-03-18 20:48:15,915 INFO groupCount = 4, subscriberClientCount = 0, subscriberCount = 0

2025-03-18 20:48:15,995 INFO [long-pulling] client count 0

2025-03-18 20:48:15,995 INFO toNotifyTaskSize = 0

2025-03-18 20:48:15,995 INFO toClientNotifyTaskSize = 0

2025-03-18 20:48:25,915 INFO groupCount = 4, subscriberClientCount = 0, subscriberCount = 0

2025-03-18 20:48:25,995 INFO [long-pulling] client count 0

2025-03-18 20:48:25,995 INFO toNotifyTaskSize = 0

2025-03-18 20:48:25,995 INFO toClientNotifyTaskSize = 0

2025-03-18 20:48:35,916 INFO groupCount = 4, subscriberClientCount = 0, subscriberCount = 0

2025-03-18 20:48:35,995 INFO [long-pulling] client count 0

2025-03-18 20:48:35,995 INFO toNotifyTaskSize = 0

2025-03-18 20:48:35,996 INFO toClientNotifyTaskSize = 0

2025-03-18 20:48:45,916 INFO groupCount = 4, subscriberClientCount = 0, subscriberCount = 0

2025-03-18 20:48:45,995 INFO [long-pulling] client count 0

2025-03-18 20:48:45,996 INFO toNotifyTaskSize = 0

2025-03-18 20:48:45,996 INFO toClientNotifyTaskSize = 0

2025-03-18 20:48:55,916 INFO groupCount = 4, subscriberClientCount = 0, subscriberCount = 0

2025-03-18 20:48:55,996 INFO [long-pulling] client count 0

2025-03-18 20:48:55,996 INFO toNotifyTaskSize = 0

2025-03-18 20:48:55,996 INFO toClientNotifyTaskSize = 0

2025-03-18 20:49:05,917 INFO groupCount = 4, subscriberClientCount = 0, subscriberCount = 0

2025-03-18 20:49:05,996 INFO [long-pulling] client count 0

2025-03-18 20:49:05,996 INFO toNotifyTaskSize = 0

2025-03-18 20:49:05,996 INFO toClientNotifyTaskSize = 0

2025-03-18 20:49:15,917 INFO groupCount = 4, subscriberClientCount = 0, subscriberCount = 0

2025-03-18 20:49:15,996 INFO [long-pulling] client count 0

2025-03-18 20:49:15,996 INFO toNotifyTaskSize = 0

2025-03-18 20:49:15,996 INFO toClientNotifyTaskSize = 0

2025-03-18 20:49:25,917 INFO groupCount = 4, subscriberClientCount = 0, subscriberCount = 0

2025-03-18 20:49:25,996 INFO [long-pulling] client count 0

2025-03-18 20:49:25,997 INFO toNotifyTaskSize = 0

2025-03-18 20:49:25,997 INFO toClientNotifyTaskSize = 0

2025-03-18 20:49:35,918 INFO groupCount = 4, subscriberClientCount = 0, subscriberCount = 0

2025-03-18 20:49:35,997 INFO [long-pulling] client count 0

2025-03-18 20:49:35,997 INFO toNotifyTaskSize = 0

2025-03-18 20:49:35,997 INFO toClientNotifyTaskSize = 0

2025-03-18 20:49:45,918 INFO groupCount = 4, subscriberClientCount = 0, subscriberCount = 0

2025-03-18 20:49:45,997 INFO [long-pulling] client count 0

2025-03-18 20:49:45,997 INFO toNotifyTaskSize = 0

2025-03-18 20:49:45,997 INFO toClientNotifyTaskSize = 0

2025-03-18 20:49:55,918 INFO groupCount = 4, subscriberClientCount = 0, subscriberCount = 0

2025-03-18 20:49:55,997 INFO [long-pulling] client count 0

2025-03-18 20:49:55,997 INFO toNotifyTaskSize = 0

2025-03-18 20:49:55,997 INFO toClientNotifyTaskSize = 0

2025-03-18 20:50:05,918 INFO groupCount = 4, subscriberClientCount = 0, subscriberCount = 0

2025-03-18 20:50:05,997 INFO [long-pulling] client count 0

2025-03-18 20:50:05,998 INFO toNotifyTaskSize = 0

2025-03-18 20:50:05,998 INFO toClientNotifyTaskSize = 0

2025-03-18 20:50:15,919 INFO groupCount = 4, subscriberClientCount = 0, subscriberCount = 0

2025-03-18 20:50:15,998 INFO [long-pulling] client count 0

2025-03-18 20:50:15,998 INFO toNotifyTaskSize = 0

2025-03-18 20:50:15,998 INFO toClientNotifyTaskSize = 0

2025-03-18 20:50:25,919 INFO groupCount = 4, subscriberClientCount = 0, subscriberCount = 0

2025-03-18 20:50:25,998 INFO [long-pulling] client count 0

2025-03-18 20:50:25,998 INFO toNotifyTaskSize = 0

2025-03-18 20:50:25,998 INFO toClientNotifyTaskSize = 0

2025-03-18 20:50:35,919 INFO groupCount = 4, subscriberClientCount = 0, subscriberCount = 0

2025-03-18 20:50:35,998 INFO [long-pulling] client count 0

2025-03-18 20:50:35,998 INFO toNotifyTaskSize = 0

2025-03-18 20:50:35,998 INFO toClientNotifyTaskSize = 0

2025-03-18 20:50:45,920 INFO groupCount = 4, subscriberClientCount = 0, subscriberCount = 0

2025-03-18 20:50:45,998 INFO [long-pulling] client count 0

2025-03-18 20:50:45,999 INFO toNotifyTaskSize = 0

2025-03-18 20:50:45,999 INFO toClientNotifyTaskSize = 0

2025-03-18 20:50:55,920 INFO groupCount = 4, subscriberClientCount = 0, subscriberCount = 0

2025-03-18 20:50:55,999 INFO [long-pulling] client count 0

2025-03-18 20:50:55,999 INFO toNotifyTaskSize = 0

2025-03-18 20:50:55,999 INFO toClientNotifyTaskSize = 0

2025-03-18 20:51:05,921 INFO groupCount = 4, subscriberClientCount = 0, subscriberCount = 0

2025-03-18 20:51:05,999 INFO [long-pulling] client count 0

2025-03-18 20:51:05,999 INFO toNotifyTaskSize = 0

2025-03-18 20:51:05,999 INFO toClientNotifyTaskSize = 0

2025-03-18 20:51:15,921 INFO groupCount = 4, subscriberClientCount = 0, subscriberCount = 0

2025-03-18 20:51:15,999 INFO [long-pulling] client count 0

2025-03-18 20:51:15,999 INFO toNotifyTaskSize = 0

2025-03-18 20:51:15,999 INFO toClientNotifyTaskSize = 0

2025-03-18 20:51:25,921 INFO groupCount = 4, subscriberClientCount = 0, subscriberCount = 0

2025-03-18 20:51:26,000 INFO [long-pulling] client count 0

2025-03-18 20:51:26,000 INFO toNotifyTaskSize = 0

2025-03-18 20:51:26,000 INFO toClientNotifyTaskSize = 0

2025-03-18 20:51:35,922 INFO groupCount = 4, subscriberClientCount = 0, subscriberCount = 0

2025-03-18 20:51:36,000 INFO [long-pulling] client count 0

2025-03-18 20:51:36,000 INFO toNotifyTaskSize = 0

2025-03-18 20:51:36,000 INFO toClientNotifyTaskSize = 0

2025-03-18 20:51:45,923 INFO groupCount = 4, subscriberClientCount = 0, subscriberCount = 0

2025-03-18 20:51:46,000 INFO [long-pulling] client count 0

2025-03-18 20:51:46,000 INFO toNotifyTaskSize = 0

2025-03-18 20:51:46,000 INFO toClientNotifyTaskSize = 0

2025-03-18 20:51:55,923 INFO groupCount = 4, subscriberClientCount = 0, subscriberCount = 0

2025-03-18 20:51:56,000 INFO [long-pulling] client count 0

2025-03-18 20:51:56,000 INFO toNotifyTaskSize = 0

2025-03-18 20:51:56,001 INFO toClientNotifyTaskSize = 0

2025-03-18 20:52:05,923 INFO groupCount = 4, subscriberClientCount = 0, subscriberCount = 0

2025-03-18 20:52:06,001 INFO [long-pulling] client count 0

2025-03-18 20:52:06,001 INFO toNotifyTaskSize = 0

2025-03-18 20:52:06,001 INFO toClientNotifyTaskSize = 0

2025-03-18 20:52:15,924 INFO groupCount = 4, subscriberClientCount = 0, subscriberCount = 0

2025-03-18 20:52:16,001 INFO [long-pulling] client count 0

2025-03-18 20:52:16,001 INFO toNotifyTaskSize = 0

2025-03-18 20:52:16,001 INFO toClientNotifyTaskSize = 0

2025-03-18 20:52:25,924 INFO groupCount = 4, subscriberClientCount = 0, subscriberCount = 0

2025-03-18 20:52:26,001 INFO [long-pulling] client count 0

2025-03-18 20:52:26,001 INFO toNotifyTaskSize = 0

2025-03-18 20:52:26,001 INFO toClientNotifyTaskSize = 0

2025-03-18 20:52:35,924 INFO groupCount = 4, subscriberClientCount = 0, subscriberCount = 0

2025-03-18 20:52:36,002 INFO [long-pulling] client count 0

2025-03-18 20:52:36,002 INFO toNotifyTaskSize = 0

2025-03-18 20:52:36,002 INFO toClientNotifyTaskSize = 0

2025-03-18 20:52:45,924 INFO groupCount = 4, subscriberClientCount = 0, subscriberCount = 0

2025-03-18 20:52:46,002 INFO [long-pulling] client count 0

2025-03-18 20:52:46,002 INFO toNotifyTaskSize = 0

2025-03-18 20:52:46,002 INFO toClientNotifyTaskSize = 0

2025-03-18 20:52:55,925 INFO groupCount = 4, subscriberClientCount = 0, subscriberCount = 0

2025-03-18 20:52:56,002 INFO [long-pulling] client count 0

2025-03-18 20:52:56,002 INFO toNotifyTaskSize = 0

2025-03-18 20:52:56,002 INFO toClientNotifyTaskSize = 0

2025-03-18 20:53:05,926 INFO groupCount = 4, subscriberClientCount = 0, subscriberCount = 0

2025-03-18 20:53:06,002 INFO [long-pulling] client count 0

2025-03-18 20:53:06,003 INFO toNotifyTaskSize = 0

2025-03-18 20:53:06,003 INFO toClientNotifyTaskSize = 0

2025-03-18 20:53:15,926 INFO groupCount = 4, subscriberClientCount = 0, subscriberCount = 0

2025-03-18 20:53:16,003 INFO [long-pulling] client count 0

2025-03-18 20:53:16,003 INFO toNotifyTaskSize = 0

2025-03-18 20:53:16,003 INFO toClientNotifyTaskSize = 0

2025-03-18 20:53:25,926 INFO groupCount = 4, subscriberClientCount = 0, subscriberCount = 0

2025-03-18 20:53:26,003 INFO [long-pulling] client count 0

2025-03-18 20:53:26,003 INFO toNotifyTaskSize = 0

2025-03-18 20:53:26,003 INFO toClientNotifyTaskSize = 0

2025-03-18 20:53:35,927 INFO groupCount = 4, subscriberClientCount = 0, subscriberCount = 0

2025-03-18 20:53:36,003 INFO [long-pulling] client count 0

2025-03-18 20:53:36,004 INFO toNotifyTaskSize = 0

2025-03-18 20:53:36,004 INFO toClientNotifyTaskSize = 0

2025-03-18 20:53:45,927 INFO groupCount = 4, subscriberClientCount = 0, subscriberCount = 0

2025-03-18 20:53:46,004 INFO [long-pulling] client count 0

2025-03-18 20:53:46,004 INFO toNotifyTaskSize = 0

2025-03-18 20:53:46,004 INFO toClientNotifyTaskSize = 0

2025-03-18 20:53:55,927 INFO groupCount = 4, subscriberClientCount = 0, subscriberCount = 0

2025-03-18 20:53:56,004 INFO [long-pulling] client count 0

2025-03-18 20:53:56,004 INFO toNotifyTaskSize = 0

2025-03-18 20:53:56,004 INFO toClientNotifyTaskSize = 0

2025-03-18 20:54:05,928 INFO groupCount = 4, subscriberClientCount = 0, subscriberCount = 0

2025-03-18 20:54:06,004 INFO [long-pulling] client count 0

2025-03-18 20:54:06,005 INFO toNotifyTaskSize = 0

2025-03-18 20:54:06,005 INFO toClientNotifyTaskSize = 0

2025-03-18 20:54:15,928 INFO groupCount = 4, subscriberClientCount = 0, subscriberCount = 0

2025-03-18 20:54:16,005 INFO [long-pulling] client count 0

2025-03-18 20:54:16,005 INFO toNotifyTaskSize = 0

2025-03-18 20:54:16,005 INFO toClientNotifyTaskSize = 0

2025-03-18 20:54:25,928 INFO groupCount = 4, subscriberClientCount = 0, subscriberCount = 0

2025-03-18 20:54:26,005 INFO [long-pulling] client count 0

2025-03-18 20:54:26,005 INFO toNotifyTaskSize = 0

2025-03-18 20:54:26,005 INFO toClientNotifyTaskSize = 0

2025-03-18 20:54:35,929 INFO groupCount = 4, subscriberClientCount = 0, subscriberCount = 0

2025-03-18 20:54:36,005 INFO [long-pulling] client count 0

2025-03-18 20:54:36,005 INFO toNotifyTaskSize = 0

2025-03-18 20:54:36,005 INFO toClientNotifyTaskSize = 0

2025-03-18 20:54:45,929 INFO groupCount = 4, subscriberClientCount = 0, subscriberCount = 0

2025-03-18 20:54:46,005 INFO [long-pulling] client count 0

2025-03-18 20:54:46,006 INFO toNotifyTaskSize = 0

2025-03-18 20:54:46,006 INFO toClientNotifyTaskSize = 0

2025-03-18 20:54:55,929 INFO groupCount = 4, subscriberClientCount = 0, subscriberCount = 0

2025-03-18 20:54:56,006 INFO [long-pulling] client count 0

2025-03-18 20:54:56,006 INFO toNotifyTaskSize = 0

2025-03-18 20:54:56,006 INFO toClientNotifyTaskSize = 0

2025-03-18 20:55:05,930 INFO groupCount = 4, subscriberClientCount = 0, subscriberCount = 0

2025-03-18 20:55:06,006 INFO [long-pulling] client count 0

2025-03-18 20:55:06,006 INFO toNotifyTaskSize = 0

2025-03-18 20:55:06,006 INFO toClientNotifyTaskSize = 0

2025-03-18 20:55:15,930 INFO groupCount = 4, subscriberClientCount = 0, subscriberCount = 0

2025-03-18 20:55:16,006 INFO [long-pulling] client count 0

2025-03-18 20:55:16,006 INFO toNotifyTaskSize = 0

2025-03-18 20:55:16,006 INFO toClientNotifyTaskSize = 0

2025-03-18 20:55:25,930 INFO groupCount = 4, subscriberClientCount = 0, subscriberCount = 0

2025-03-18 20:55:26,007 INFO [long-pulling] client count 0

2025-03-18 20:55:26,007 INFO toNotifyTaskSize = 0

2025-03-18 20:55:26,007 INFO toClientNotifyTaskSize = 0

2025-03-18 20:55:35,931 INFO groupCount = 4, subscriberClientCount = 0, subscriberCount = 0

2025-03-18 20:55:36,007 INFO [long-pulling] client count 0

2025-03-18 20:55:36,007 INFO toNotifyTaskSize = 0

2025-03-18 20:55:36,007 INFO toClientNotifyTaskSize = 0

2025-03-18 20:55:45,931 INFO groupCount = 4, subscriberClientCount = 0, subscriberCount = 0

2025-03-18 20:55:46,007 INFO [long-pulling] client count 0

2025-03-18 20:55:46,007 INFO toNotifyTaskSize = 0

2025-03-18 20:55:46,007 INFO toClientNotifyTaskSize = 0

2025-03-18 20:55:55,931 INFO groupCount = 4, subscriberClientCount = 0, subscriberCount = 0

2025-03-18 20:55:56,007 INFO [long-pulling] client count 0

2025-03-18 20:55:56,008 INFO toNotifyTaskSize = 0

2025-03-18 20:55:56,008 INFO toClientNotifyTaskSize = 0

2025-03-18 20:56:05,932 INFO groupCount = 4, subscriberClientCount = 0, subscriberCount = 0

2025-03-18 20:56:06,008 INFO [long-pulling] client count 0

2025-03-18 20:56:06,008 INFO toNotifyTaskSize = 0

2025-03-18 20:56:06,008 INFO toClientNotifyTaskSize = 0

2025-03-18 20:56:15,932 INFO groupCount = 4, subscriberClientCount = 0, subscriberCount = 0

2025-03-18 20:56:16,008 INFO [long-pulling] client count 0

2025-03-18 20:56:16,008 INFO toNotifyTaskSize = 0

2025-03-18 20:56:16,008 INFO toClientNotifyTaskSize = 0

2025-03-18 20:56:25,932 INFO groupCount = 4, subscriberClientCount = 0, subscriberCount = 0

2025-03-18 20:56:26,008 INFO [long-pulling] client count 0

2025-03-18 20:56:26,008 INFO toNotifyTaskSize = 0

2025-03-18 20:56:26,008 INFO toClientNotifyTaskSize = 0

2025-03-18 20:56:35,932 INFO groupCount = 4, subscriberClientCount = 0, subscriberCount = 0

2025-03-18 20:56:36,008 INFO toNotifyTaskSize = 0

2025-03-18 20:56:36,008 INFO [long-pulling] client count 0

2025-03-18 20:56:36,009 INFO toClientNotifyTaskSize = 0

2025-03-18 20:56:45,933 INFO groupCount = 4, subscriberClientCount = 0, subscriberCount = 0

2025-03-18 20:56:46,009 INFO [long-pulling] client count 0

2025-03-18 20:56:46,009 INFO toNotifyTaskSize = 0

2025-03-18 20:56:46,009 INFO toClientNotifyTaskSize = 0

2025-03-18 20:56:55,933 INFO groupCount = 4, subscriberClientCount = 0, subscriberCount = 0

2025-03-18 20:56:56,009 INFO [long-pulling] client count 0

2025-03-18 20:56:56,009 INFO toNotifyTaskSize = 0

2025-03-18 20:56:56,009 INFO toClientNotifyTaskSize = 0

2025-03-18 20:57:05,933 INFO groupCount = 4, subscriberClientCount = 0, subscriberCount = 0

2025-03-18 20:57:06,009 INFO [long-pulling] client count 0

2025-03-18 20:57:06,009 INFO toNotifyTaskSize = 0

2025-03-18 20:57:06,009 INFO toClientNotifyTaskSize = 0

2025-03-18 20:57:15,934 INFO groupCount = 4, subscriberClientCount = 0, subscriberCount = 0

2025-03-18 20:57:16,009 INFO [long-pulling] client count 0

2025-03-18 20:57:16,010 INFO toNotifyTaskSize = 0

2025-03-18 20:57:16,013 INFO toClientNotifyTaskSize = 0

2025-03-18 20:57:25,934 INFO groupCount = 4, subscriberClientCount = 0, subscriberCount = 0

2025-03-18 20:57:26,013 INFO [long-pulling] client count 0

2025-03-18 20:57:26,013 INFO toNotifyTaskSize = 0

2025-03-18 20:57:26,013 INFO toClientNotifyTaskSize = 0

2025-03-18 20:57:35,934 INFO groupCount = 4, subscriberClientCount = 0, subscriberCount = 0

2025-03-18 20:57:36,013 INFO [long-pulling] client count 0

2025-03-18 20:57:36,013 INFO toNotifyTaskSize = 0

2025-03-18 20:57:36,013 INFO toClientNotifyTaskSize = 0

2025-03-18 20:57:45,934 INFO groupCount = 4, subscriberClientCount = 0, subscriberCount = 0

2025-03-18 20:57:46,013 INFO [long-pulling] client count 0

2025-03-18 20:57:46,013 INFO toNotifyTaskSize = 0

2025-03-18 20:57:46,013 INFO toClientNotifyTaskSize = 0

2025-03-18 20:57:55,934 INFO groupCount = 4, subscriberClientCount = 0, subscriberCount = 0

2025-03-18 20:57:56,014 INFO [long-pulling] client count 0

2025-03-18 20:57:56,014 INFO toNotifyTaskSize = 0

2025-03-18 20:57:56,014 INFO toClientNotifyTaskSize = 0

2025-03-18 20:58:05,935 INFO groupCount = 4, subscriberClientCount = 0, subscriberCount = 0

2025-03-18 20:58:06,014 INFO [long-pulling] client count 0

2025-03-18 20:58:06,014 INFO toNotifyTaskSize = 0

2025-03-18 20:58:06,014 INFO toClientNotifyTaskSize = 0

2025-03-18 20:58:15,935 INFO groupCount = 4, subscriberClientCount = 0, subscriberCount = 0

2025-03-18 20:58:16,014 INFO [long-pulling] client count 0

2025-03-18 20:58:16,014 INFO toNotifyTaskSize = 0

2025-03-18 20:58:16,014 INFO toClientNotifyTaskSize = 0

2025-03-18 20:58:25,935 INFO groupCount = 4, subscriberClientCount = 0, subscriberCount = 0

2025-03-18 20:58:26,014 INFO [long-pulling] client count 0

2025-03-18 20:58:26,014 INFO toNotifyTaskSize = 0

2025-03-18 20:58:26,014 INFO toClientNotifyTaskSize = 0

2025-03-18 20:58:35,935 INFO groupCount = 4, subscriberClientCount = 0, subscriberCount = 0

2025-03-18 20:58:36,014 INFO [long-pulling] client count 0

2025-03-18 20:58:36,015 INFO toNotifyTaskSize = 0

2025-03-18 20:58:36,015 INFO toClientNotifyTaskSize = 0

2025-03-18 20:58:45,936 INFO groupCount = 4, subscriberClientCount = 0, subscriberCount = 0

2025-03-18 20:58:46,015 INFO [long-pulling] client count 0

2025-03-18 20:58:46,015 INFO toNotifyTaskSize = 0

2025-03-18 20:58:46,015 INFO toClientNotifyTaskSize = 0

2025-03-18 20:58:55,936 INFO groupCount = 4, subscriberClientCount = 0, subscriberCount = 0

2025-03-18 20:58:56,015 INFO [long-pulling] client count 0

2025-03-18 20:58:56,015 INFO toNotifyTaskSize = 0

2025-03-18 20:58:56,015 INFO toClientNotifyTaskSize = 0

2025-03-18 20:59:05,936 INFO groupCount = 4, subscriberClientCount = 0, subscriberCount = 0

2025-03-18 20:59:06,015 INFO [long-pulling] client count 0

2025-03-18 20:59:06,015 INFO toNotifyTaskSize = 0

2025-03-18 20:59:06,015 INFO toClientNotifyTaskSize = 0

2025-03-18 20:59:15,937 INFO groupCount = 4, subscriberClientCount = 0, subscriberCount = 0

2025-03-18 20:59:16,016 INFO [long-pulling] client count 0

2025-03-18 20:59:16,016 INFO toNotifyTaskSize = 0

2025-03-18 20:59:16,016 INFO toClientNotifyTaskSize = 0

2025-03-18 20:59:25,937 INFO groupCount = 4, subscriberClientCount = 0, subscriberCount = 0

2025-03-18 20:59:26,016 INFO [long-pulling] client count 0

2025-03-18 20:59:26,016 INFO toNotifyTaskSize = 0

2025-03-18 20:59:26,016 INFO toClientNotifyTaskSize = 0

2025-03-18 20:59:35,938 INFO groupCount = 4, subscriberClientCount = 0, subscriberCount = 0

2025-03-18 20:59:36,016 INFO [long-pulling] client count 0

2025-03-18 20:59:36,016 INFO toNotifyTaskSize = 0

2025-03-18 20:59:36,016 INFO toClientNotifyTaskSize = 0

2025-03-18 20:59:45,938 INFO groupCount = 4, subscriberClientCount = 0, subscriberCount = 0

2025-03-18 20:59:46,016 INFO [long-pulling] client count 0

2025-03-18 20:59:46,017 INFO toNotifyTaskSize = 0

2025-03-18 20:59:46,017 INFO toClientNotifyTaskSize = 0

2025-03-18 20:59:55,938 INFO groupCount = 4, subscriberClientCount = 0, subscriberCount = 0

2025-03-18 20:59:56,017 INFO [long-pulling] client count 0

2025-03-18 20:59:56,017 INFO toNotifyTaskSize = 0

2025-03-18 20:59:56,017 INFO toClientNotifyTaskSize = 0

2025-03-18 21:00:05,939 INFO groupCount = 4, subscriberClientCount = 0, subscriberCount = 0

2025-03-18 21:00:06,017 INFO [long-pulling] client count 0

2025-03-18 21:00:06,017 INFO toNotifyTaskSize = 0

2025-03-18 21:00:06,017 INFO toClientNotifyTaskSize = 0

2025-03-18 21:00:15,939 INFO groupCount = 4, subscriberClientCount = 0, subscriberCount = 0

2025-03-18 21:00:16,017 INFO [long-pulling] client count 0

2025-03-18 21:00:16,017 INFO toNotifyTaskSize = 0

2025-03-18 21:00:16,017 INFO toClientNotifyTaskSize = 0

2025-03-18 21:00:25,940 INFO groupCount = 4, subscriberClientCount = 0, subscriberCount = 0

2025-03-18 21:00:26,017 INFO [long-pulling] client count 0

2025-03-18 21:00:26,017 INFO toNotifyTaskSize = 0

2025-03-18 21:00:26,018 INFO toClientNotifyTaskSize = 0

2025-03-18 21:00:35,940 INFO groupCount = 4, subscriberClientCount = 0, subscriberCount = 0

2025-03-18 21:00:36,018 INFO [long-pulling] client count 0

2025-03-18 21:00:36,018 INFO toNotifyTaskSize = 0

2025-03-18 21:00:36,018 INFO toClientNotifyTaskSize = 0

2025-03-18 21:00:45,940 INFO groupCount = 4, subscriberClientCount = 0, subscriberCount = 0

2025-03-18 21:00:46,018 INFO [long-pulling] client count 0

2025-03-18 21:00:46,018 INFO toNotifyTaskSize = 0

2025-03-18 21:00:46,018 INFO toClientNotifyTaskSize = 0

2025-03-18 21:00:55,941 INFO groupCount = 4, subscriberClientCount = 0, subscriberCount = 0

2025-03-18 21:00:56,018 INFO [long-pulling] client count 0

2025-03-18 21:00:56,018 INFO toNotifyTaskSize = 0

2025-03-18 21:00:56,019 INFO toClientNotifyTaskSize = 0

2025-03-18 21:01:05,941 INFO groupCount = 4, subscriberClientCount = 0, subscriberCount = 0

2025-03-18 21:01:06,019 INFO [long-pulling] client count 0

2025-03-18 21:01:06,019 INFO toNotifyTaskSize = 0

2025-03-18 21:01:06,019 INFO toClientNotifyTaskSize = 0

2025-03-18 21:01:15,942 INFO groupCount = 4, subscriberClientCount = 0, subscriberCount = 0

2025-03-18 21:01:16,019 INFO [long-pulling] client count 0

2025-03-18 21:01:16,019 INFO toNotifyTaskSize = 0

2025-03-18 21:01:16,019 INFO toClientNotifyTaskSize = 0

2025-03-18 21:01:25,942 INFO groupCount = 4, subscriberClientCount = 0, subscriberCount = 0

2025-03-18 21:01:26,019 INFO [long-pulling] client count 0

2025-03-18 21:01:26,019 INFO toNotifyTaskSize = 0

2025-03-18 21:01:26,019 INFO toClientNotifyTaskSize = 0

2025-03-18 21:01:35,943 INFO groupCount = 4, subscriberClientCount = 0, subscriberCount = 0

2025-03-18 21:01:36,019 INFO [long-pulling] client count 0

2025-03-18 21:01:36,020 INFO toNotifyTaskSize = 0

2025-03-18 21:01:36,020 INFO toClientNotifyTaskSize = 0

2025-03-18 21:01:45,943 INFO groupCount = 4, subscriberClientCount = 0, subscriberCount = 0

2025-03-18 21:01:46,019 INFO [long-pulling] client count 0

2025-03-18 21:01:46,020 INFO toNotifyTaskSize = 0

2025-03-18 21:01:46,020 INFO toClientNotifyTaskSize = 0

2025-03-18 21:01:55,943 INFO groupCount = 4, subscriberClientCount = 0, subscriberCount = 0

2025-03-18 21:01:56,020 INFO [long-pulling] client count 0

2025-03-18 21:01:56,020 INFO toNotifyTaskSize = 0

2025-03-18 21:01:56,020 INFO toClientNotifyTaskSize = 0

2025-03-18 21:02:05,944 INFO groupCount = 4, subscriberClientCount = 0, subscriberCount = 0

2025-03-18 21:02:06,020 INFO [long-pulling] client count 0

2025-03-18 21:02:06,020 INFO toNotifyTaskSize = 0

2025-03-18 21:02:06,020 INFO toClientNotifyTaskSize = 0

2025-03-18 21:02:15,944 INFO groupCount = 4, subscriberClientCount = 0, subscriberCount = 0

2025-03-18 21:02:16,020 INFO [long-pulling] client count 0

2025-03-18 21:02:16,021 INFO toNotifyTaskSize = 0

2025-03-18 21:02:16,021 INFO toClientNotifyTaskSize = 0

2025-03-18 21:02:25,944 INFO groupCount = 4, subscriberClientCount = 0, subscriberCount = 0

2025-03-18 21:02:26,021 INFO [long-pulling] client count 0

2025-03-18 21:02:26,021 INFO toNotifyTaskSize = 0

2025-03-18 21:02:26,021 INFO toClientNotifyTaskSize = 0

2025-03-18 21:02:35,944 INFO groupCount = 4, subscriberClientCount = 0, subscriberCount = 0

2025-03-18 21:02:36,021 INFO [long-pulling] client count 0

2025-03-18 21:02:36,021 INFO toNotifyTaskSize = 0

2025-03-18 21:02:36,021 INFO toClientNotifyTaskSize = 0

2025-03-18 21:02:45,944 INFO groupCount = 4, subscriberClientCount = 0, subscriberCount = 0

2025-03-18 21:02:46,021 INFO [long-pulling] client count 0

2025-03-18 21:02:46,021 INFO toNotifyTaskSize = 0

2025-03-18 21:02:46,021 INFO toClientNotifyTaskSize = 0

2025-03-18 21:02:55,945 INFO groupCount = 4, subscriberClientCount = 0, subscriberCount = 0

2025-03-18 21:02:56,021 INFO [long-pulling] client count 0

2025-03-18 21:02:56,022 INFO toNotifyTaskSize = 0

2025-03-18 21:02:56,022 INFO toClientNotifyTaskSize = 0

2025-03-18 21:03:05,945 INFO groupCount = 4, subscriberClientCount = 0, subscriberCount = 0

2025-03-18 21:03:06,022 INFO [long-pulling] client count 0

2025-03-18 21:03:06,022 INFO toNotifyTaskSize = 0

2025-03-18 21:03:06,022 INFO toClientNotifyTaskSize = 0

2025-03-18 21:03:15,946 INFO groupCount = 4, subscriberClientCount = 0, subscriberCount = 0

2025-03-18 21:03:16,022 INFO [long-pulling] client count 0

2025-03-18 21:03:16,022 INFO toNotifyTaskSize = 0

2025-03-18 21:03:16,022 INFO toClientNotifyTaskSize = 0

2025-03-18 21:03:25,946 INFO groupCount = 4, subscriberClientCount = 0, subscriberCount = 0

2025-03-18 21:03:26,022 INFO [long-pulling] client count 0

2025-03-18 21:03:26,022 INFO toNotifyTaskSize = 0

2025-03-18 21:03:26,022 INFO toClientNotifyTaskSize = 0

2025-03-18 21:03:35,946 INFO groupCount = 4, subscriberClientCount = 0, subscriberCount = 0

2025-03-18 21:03:36,022 INFO [long-pulling] client count 0

2025-03-18 21:03:36,022 INFO toNotifyTaskSize = 0

2025-03-18 21:03:36,022 INFO toClientNotifyTaskSize = 0

2025-03-18 21:03:45,946 INFO groupCount = 4, subscriberClientCount = 0, subscriberCount = 0

2025-03-18 21:03:46,022 INFO [long-pulling] client count 0

2025-03-18 21:03:46,022 INFO toNotifyTaskSize = 0

2025-03-18 21:03:46,022 INFO toClientNotifyTaskSize = 0

2025-03-18 21:03:55,947 INFO groupCount = 4, subscriberClientCount = 0, subscriberCount = 0

2025-03-18 21:03:56,022 INFO [long-pulling] client count 0

2025-03-18 21:03:56,023 INFO toNotifyTaskSize = 0

2025-03-18 21:03:56,023 INFO toClientNotifyTaskSize = 0

2025-03-18 21:04:05,947 INFO groupCount = 4, subscriberClientCount = 0, subscriberCount = 0

2025-03-18 21:04:06,023 INFO [long-pulling] client count 0

2025-03-18 21:04:06,023 INFO toNotifyTaskSize = 0

2025-03-18 21:04:06,023 INFO toClientNotifyTaskSize = 0

2025-03-18 21:04:15,947 INFO groupCount = 4, subscriberClientCount = 0, subscriberCount = 0

2025-03-18 21:04:16,023 INFO [long-pulling] client count 0

2025-03-18 21:04:16,023 INFO toNotifyTaskSize = 0

2025-03-18 21:04:16,023 INFO toClientNotifyTaskSize = 0

2025-03-18 21:04:25,948 INFO groupCount = 4, subscriberClientCount = 0, subscriberCount = 0

2025-03-18 21:04:26,023 INFO toNotifyTaskSize = 0

2025-03-18 21:04:26,023 INFO toClientNotifyTaskSize = 0

2025-03-18 21:04:26,023 INFO [long-pulling] client count 0

2025-03-18 21:04:35,948 INFO groupCount = 4, subscriberClientCount = 0, subscriberCount = 0

2025-03-18 21:04:36,024 INFO toNotifyTaskSize = 0

2025-03-18 21:04:36,024 INFO toClientNotifyTaskSize = 0

2025-03-18 21:04:36,024 INFO [long-pulling] client count 0

2025-03-18 21:04:45,949 INFO groupCount = 4, subscriberClientCount = 0, subscriberCount = 0

2025-03-18 21:04:46,024 INFO toNotifyTaskSize = 0

2025-03-18 21:04:46,024 INFO toClientNotifyTaskSize = 0

2025-03-18 21:04:46,024 INFO [long-pulling] client count 0

2025-03-18 21:04:55,949 INFO groupCount = 4, subscriberClientCount = 0, subscriberCount = 0

2025-03-18 21:04:56,024 INFO toNotifyTaskSize = 0

2025-03-18 21:04:56,024 INFO toClientNotifyTaskSize = 0

2025-03-18 21:04:56,024 INFO [long-pulling] client count 0

2025-03-18 21:05:05,949 INFO groupCount = 4, subscriberClientCount = 0, subscriberCount = 0

2025-03-18 21:05:06,025 INFO toNotifyTaskSize = 0

2025-03-18 21:05:06,025 INFO [long-pulling] client count 0

2025-03-18 21:05:06,025 INFO toClientNotifyTaskSize = 0

2025-03-18 21:05:15,950 INFO groupCount = 4, subscriberClientCount = 0, subscriberCount = 0

2025-03-18 21:05:16,025 INFO [long-pulling] client count 0

2025-03-18 21:05:16,025 INFO toNotifyTaskSize = 0

2025-03-18 21:05:16,025 INFO toClientNotifyTaskSize = 0

2025-03-18 21:05:25,950 INFO groupCount = 4, subscriberClientCount = 0, subscriberCount = 0

2025-03-18 21:05:26,025 INFO [long-pulling] client count 0

2025-03-18 21:05:26,025 INFO toNotifyTaskSize = 0

2025-03-18 21:05:26,025 INFO toClientNotifyTaskSize = 0

2025-03-18 21:05:35,950 INFO groupCount = 4, subscriberClientCount = 0, subscriberCount = 0

2025-03-18 21:05:36,025 INFO [long-pulling] client count 0

2025-03-18 21:05:36,025 INFO toNotifyTaskSize = 0

2025-03-18 21:05:36,025 INFO toClientNotifyTaskSize = 0

2025-03-18 21:05:45,951 INFO groupCount = 4, subscriberClientCount = 0, subscriberCount = 0

2025-03-18 21:05:46,026 INFO [long-pulling] client count 0

2025-03-18 21:05:46,026 INFO toNotifyTaskSize = 0

2025-03-18 21:05:46,026 INFO toClientNotifyTaskSize = 0

2025-03-18 21:05:55,951 INFO groupCount = 4, subscriberClientCount = 0, subscriberCount = 0

2025-03-18 21:05:56,026 INFO [long-pulling] client count 0

2025-03-18 21:05:56,026 INFO toNotifyTaskSize = 0

2025-03-18 21:05:56,026 INFO toClientNotifyTaskSize = 0

2025-03-18 21:06:05,951 INFO groupCount = 4, subscriberClientCount = 0, subscriberCount = 0

2025-03-18 21:06:06,026 INFO [long-pulling] client count 0

2025-03-18 21:06:06,026 INFO toNotifyTaskSize = 0

2025-03-18 21:06:06,026 INFO toClientNotifyTaskSize = 0

2025-03-18 21:06:15,951 INFO groupCount = 4, subscriberClientCount = 0, subscriberCount = 0

2025-03-18 21:06:16,026 INFO toNotifyTaskSize = 0

2025-03-18 21:06:16,026 INFO toClientNotifyTaskSize = 0

2025-03-18 21:06:16,026 INFO [long-pulling] client count 0

2025-03-18 21:06:25,952 INFO groupCount = 4, subscriberClientCount = 0, subscriberCount = 0

2025-03-18 21:06:26,026 INFO toNotifyTaskSize = 0

2025-03-18 21:06:26,026 INFO toClientNotifyTaskSize = 0

2025-03-18 21:06:26,026 INFO [long-pulling] client count 0

2025-03-18 21:06:35,952 INFO groupCount = 4, subscriberClientCount = 0, subscriberCount = 0

2025-03-18 21:06:36,027 INFO [long-pulling] client count 0

2025-03-18 21:06:36,027 INFO toNotifyTaskSize = 0

2025-03-18 21:06:36,027 INFO toClientNotifyTaskSize = 0

2025-03-18 21:06:45,952 INFO groupCount = 4, subscriberClientCount = 0, subscriberCount = 0

2025-03-18 21:06:46,027 INFO [long-pulling] client count 0

2025-03-18 21:06:46,027 INFO toNotifyTaskSize = 0

2025-03-18 21:06:46,027 INFO toClientNotifyTaskSize = 0

2025-03-18 21:06:55,953 INFO groupCount = 4, subscriberClientCount = 0, subscriberCount = 0

2025-03-18 21:06:56,027 INFO [long-pulling] client count 0

2025-03-18 21:06:56,027 INFO toNotifyTaskSize = 0

2025-03-18 21:06:56,028 INFO toClientNotifyTaskSize = 0

2025-03-18 21:07:05,953 INFO groupCount = 4, subscriberClientCount = 0, subscriberCount = 0

2025-03-18 21:07:06,028 INFO [long-pulling] client count 0

2025-03-18 21:07:06,028 INFO toNotifyTaskSize = 0

2025-03-18 21:07:06,028 INFO toClientNotifyTaskSize = 0

2025-03-18 21:07:15,954 INFO groupCount = 4, subscriberClientCount = 0, subscriberCount = 0

2025-03-18 21:07:16,028 INFO [long-pulling] client count 0

2025-03-18 21:07:16,028 INFO toNotifyTaskSize = 0

2025-03-18 21:07:16,028 INFO toClientNotifyTaskSize = 0

2025-03-18 21:07:25,954 INFO groupCount = 4, subscriberClientCount = 0, subscriberCount = 0

2025-03-18 21:07:26,029 INFO [long-pulling] client count 0

2025-03-18 21:07:26,029 INFO toNotifyTaskSize = 0

2025-03-18 21:07:26,029 INFO toClientNotifyTaskSize = 0

2025-03-18 21:07:35,954 INFO groupCount = 4, subscriberClientCount = 0, subscriberCount = 0

2025-03-18 21:07:36,029 INFO [long-pulling] client count 0

2025-03-18 21:07:36,029 INFO toNotifyTaskSize = 0

2025-03-18 21:07:36,030 INFO toClientNotifyTaskSize = 0

2025-03-18 21:07:45,954 INFO groupCount = 4, subscriberClientCount = 0, subscriberCount = 0

2025-03-18 21:07:46,030 INFO [long-pulling] client count 0

2025-03-18 21:07:46,030 INFO toNotifyTaskSize = 0

2025-03-18 21:07:46,030 INFO toClientNotifyTaskSize = 0

2025-03-18 21:07:55,955 INFO groupCount = 4, subscriberClientCount = 0, subscriberCount = 0

2025-03-18 21:07:56,030 INFO [long-pulling] client count 0

2025-03-18 21:07:56,030 INFO toNotifyTaskSize = 0

2025-03-18 21:07:56,031 INFO toClientNotifyTaskSize = 0

2025-03-18 21:08:05,955 INFO groupCount = 4, subscriberClientCount = 0, subscriberCount = 0

2025-03-18 21:08:06,031 INFO [long-pulling] client count 0

2025-03-18 21:08:06,031 INFO toNotifyTaskSize = 0

2025-03-18 21:08:06,031 INFO toClientNotifyTaskSize = 0

2025-03-18 21:08:16,478 INFO groupCount = 4, subscriberClientCount = 0, subscriberCount = 0

2025-03-18 21:08:16,554 INFO [long-pulling] client count 0

2025-03-18 21:08:16,554 INFO toNotifyTaskSize = 0

2025-03-18 21:08:16,555 INFO toClientNotifyTaskSize = 0

2025-03-18 21:08:26,479 INFO groupCount = 4, subscriberClientCount = 0, subscriberCount = 0

2025-03-18 21:08:26,555 INFO [long-pulling] client count 0

2025-03-18 21:08:26,555 INFO toNotifyTaskSize = 0

2025-03-18 21:08:26,555 INFO toClientNotifyTaskSize = 0

2025-03-18 21:08:36,480 INFO groupCount = 4, subscriberClientCount = 0, subscriberCount = 0

2025-03-18 21:08:36,555 INFO [long-pulling] client count 0

2025-03-18 21:08:36,555 INFO toNotifyTaskSize = 0

2025-03-18 21:08:36,555 INFO toClientNotifyTaskSize = 0

2025-03-18 21:08:46,480 INFO groupCount = 4, subscriberClientCount = 0, subscriberCount = 0

2025-03-18 21:08:46,556 INFO [long-pulling] client count 0

2025-03-18 21:08:46,556 INFO toNotifyTaskSize = 0

2025-03-18 21:08:46,556 INFO toClientNotifyTaskSize = 0

2025-03-18 21:08:56,480 INFO groupCount = 4, subscriberClientCount = 0, subscriberCount = 0

2025-03-18 21:08:56,556 INFO [long-pulling] client count 0

2025-03-18 21:08:56,556 INFO toNotifyTaskSize = 0

2025-03-18 21:08:56,556 INFO toClientNotifyTaskSize = 0

2025-03-18 21:09:06,481 INFO groupCount = 4, subscriberClientCount = 0, subscriberCount = 0

2025-03-18 21:09:06,557 INFO [long-pulling] client count 0

2025-03-18 21:09:06,557 INFO toNotifyTaskSize = 0

2025-03-18 21:09:06,557 INFO toClientNotifyTaskSize = 0

2025-03-18 21:09:16,482 INFO groupCount = 4, subscriberClientCount = 0, subscriberCount = 0

2025-03-18 21:09:16,557 INFO [long-pulling] client count 0

2025-03-18 21:09:16,557 INFO toNotifyTaskSize = 0

2025-03-18 21:09:16,558 INFO toClientNotifyTaskSize = 0

2025-03-18 21:09:26,482 INFO groupCount = 4, subscriberClientCount = 0, subscriberCount = 0

2025-03-18 21:09:26,557 INFO [long-pulling] client count 0

2025-03-18 21:09:26,558 INFO toNotifyTaskSize = 0

2025-03-18 21:09:26,558 INFO toClientNotifyTaskSize = 0

2025-03-18 21:09:36,482 INFO groupCount = 4, subscriberClientCount = 0, subscriberCount = 0

2025-03-18 21:09:36,558 INFO [long-pulling] client count 0

2025-03-18 21:09:36,558 INFO toNotifyTaskSize = 0

2025-03-18 21:09:36,558 INFO toClientNotifyTaskSize = 0

2025-03-18 21:09:46,482 INFO groupCount = 4, subscriberClientCount = 0, subscriberCount = 0

2025-03-18 21:09:46,558 INFO [long-pulling] client count 0

2025-03-18 21:09:46,558 INFO toNotifyTaskSize = 0

2025-03-18 21:09:46,558 INFO toClientNotifyTaskSize = 0

2025-03-18 21:09:56,483 INFO groupCount = 4, subscriberClientCount = 0, subscriberCount = 0

2025-03-18 21:09:56,558 INFO [long-pulling] client count 0

2025-03-18 21:09:56,558 INFO toNotifyTaskSize = 0

2025-03-18 21:09:56,558 INFO toClientNotifyTaskSize = 0

2025-03-18 21:10:06,483 INFO groupCount = 4, subscriberClientCount = 0, subscriberCount = 0

2025-03-18 21:10:06,558 INFO [long-pulling] client count 0

2025-03-18 21:10:06,559 INFO toNotifyTaskSize = 0

2025-03-18 21:10:06,559 INFO toClientNotifyTaskSize = 0

2025-03-18 21:10:16,484 INFO groupCount = 4, subscriberClientCount = 0, subscriberCount = 0

2025-03-18 21:10:16,559 INFO [long-pulling] client count 0

2025-03-18 21:10:16,559 INFO toNotifyTaskSize = 0

2025-03-18 21:10:16,559 INFO toClientNotifyTaskSize = 0

2025-03-18 21:10:26,484 INFO groupCount = 4, subscriberClientCount = 0, subscriberCount = 0

2025-03-18 21:10:26,559 INFO [long-pulling] client count 0

2025-03-18 21:10:26,559 INFO toNotifyTaskSize = 0

2025-03-18 21:10:26,559 INFO toClientNotifyTaskSize = 0

2025-03-18 21:10:36,485 INFO groupCount = 4, subscriberClientCount = 0, subscriberCount = 0

2025-03-18 21:10:36,560 INFO toNotifyTaskSize = 0

2025-03-18 21:10:36,560 INFO toClientNotifyTaskSize = 0

2025-03-18 21:10:36,560 INFO [long-pulling] client count 0

2025-03-18 21:10:46,485 INFO groupCount = 4, subscriberClientCount = 0, subscriberCount = 0

2025-03-18 21:10:46,560 INFO toNotifyTaskSize = 0

2025-03-18 21:10:46,560 INFO [long-pulling] client count 0

2025-03-18 21:10:46,560 INFO toClientNotifyTaskSize = 0

2025-03-18 21:10:56,486 INFO groupCount = 4, subscriberClientCount = 0, subscriberCount = 0

2025-03-18 21:10:56,561 INFO [long-pulling] client count 0

2025-03-18 21:10:56,561 INFO toNotifyTaskSize = 0

2025-03-18 21:10:56,561 INFO toClientNotifyTaskSize = 0

2025-03-18 21:11:06,486 INFO groupCount = 4, subscriberClientCount = 0, subscriberCount = 0

2025-03-18 21:11:06,561 INFO [long-pulling] client count 0

2025-03-18 21:11:06,561 INFO toNotifyTaskSize = 0

2025-03-18 21:11:06,561 INFO toClientNotifyTaskSize = 0

2025-03-18 21:11:16,486 INFO groupCount = 4, subscriberClientCount = 0, subscriberCount = 0

2025-03-18 21:11:16,561 INFO [long-pulling] client count 0

2025-03-18 21:11:16,561 INFO toNotifyTaskSize = 0

2025-03-18 21:11:16,561 INFO toClientNotifyTaskSize = 0

2025-03-18 21:11:26,487 INFO groupCount = 4, subscriberClientCount = 0, subscriberCount = 0

2025-03-18 21:11:26,561 INFO [long-pulling] client count 0

2025-03-18 21:11:26,562 INFO toNotifyTaskSize = 0

2025-03-18 21:11:26,562 INFO toClientNotifyTaskSize = 0

2025-03-18 21:11:36,487 INFO groupCount = 4, subscriberClientCount = 0, subscriberCount = 0

2025-03-18 21:11:36,562 INFO [long-pulling] client count 0

2025-03-18 21:11:36,562 INFO toNotifyTaskSize = 0

2025-03-18 21:11:36,562 INFO toClientNotifyTaskSize = 0

2025-03-18 21:11:46,487 INFO groupCount = 4, subscriberClientCount = 0, subscriberCount = 0

2025-03-18 21:11:46,562 INFO [long-pulling] client count 0

2025-03-18 21:11:46,562 INFO toNotifyTaskSize = 0

2025-03-18 21:11:46,562 INFO toClientNotifyTaskSize = 0

2025-03-18 21:11:56,488 INFO groupCount = 4, subscriberClientCount = 0, subscriberCount = 0

2025-03-18 21:11:56,562 INFO [long-pulling] client count 0

2025-03-18 21:11:56,562 INFO toNotifyTaskSize = 0

2025-03-18 21:11:56,563 INFO toClientNotifyTaskSize = 0

2025-03-18 21:12:06,488 INFO groupCount = 4, subscriberClientCount = 0, subscriberCount = 0

2025-03-18 21:12:06,563 INFO [long-pulling] client count 0

2025-03-18 21:12:06,563 INFO toNotifyTaskSize = 0

2025-03-18 21:12:06,563 INFO toClientNotifyTaskSize = 0

2025-03-18 21:12:16,489 INFO groupCount = 4, subscriberClientCount = 0, subscriberCount = 0

2025-03-18 21:12:16,563 INFO [long-pulling] client count 0

2025-03-18 21:12:16,563 INFO toNotifyTaskSize = 0

2025-03-18 21:12:16,563 INFO toClientNotifyTaskSize = 0

2025-03-18 21:12:26,489 INFO groupCount = 4, subscriberClientCount = 0, subscriberCount = 0

2025-03-18 21:12:26,563 INFO [long-pulling] client count 0

2025-03-18 21:12:26,563 INFO toNotifyTaskSize = 0

2025-03-18 21:12:26,564 INFO toClientNotifyTaskSize = 0

2025-03-18 21:12:36,490 INFO groupCount = 4, subscriberClientCount = 0, subscriberCount = 0

2025-03-18 21:12:36,564 INFO [long-pulling] client count 0

2025-03-18 21:12:36,564 INFO toNotifyTaskSize = 0

2025-03-18 21:12:36,564 INFO toClientNotifyTaskSize = 0

2025-03-18 21:12:46,490 INFO groupCount = 4, subscriberClientCount = 0, subscriberCount = 0

2025-03-18 21:12:46,564 INFO [long-pulling] client count 0

2025-03-18 21:12:46,565 INFO toNotifyTaskSize = 0

2025-03-18 21:12:46,565 INFO toClientNotifyTaskSize = 0

2025-03-18 21:12:56,490 INFO groupCount = 4, subscriberClientCount = 0, subscriberCount = 0

2025-03-18 21:12:56,565 INFO [long-pulling] client count 0

2025-03-18 21:12:56,565 INFO toNotifyTaskSize = 0

2025-03-18 21:12:56,565 INFO toClientNotifyTaskSize = 0

2025-03-18 21:13:06,491 INFO groupCount = 4, subscriberClientCount = 0, subscriberCount = 0

2025-03-18 21:13:06,565 INFO [long-pulling] client count 0

2025-03-18 21:13:06,565 INFO toNotifyTaskSize = 0

2025-03-18 21:13:06,565 INFO toClientNotifyTaskSize = 0

2025-03-18 21:13:16,491 INFO groupCount = 4, subscriberClientCount = 0, subscriberCount = 0

2025-03-18 21:13:16,565 INFO [long-pulling] client count 0

2025-03-18 21:13:16,565 INFO toNotifyTaskSize = 0

2025-03-18 21:13:16,566 INFO toClientNotifyTaskSize = 0

2025-03-18 21:13:26,492 INFO groupCount = 4, subscriberClientCount = 0, subscriberCount = 0

2025-03-18 21:13:26,566 INFO [long-pulling] client count 0

2025-03-18 21:13:26,566 INFO toNotifyTaskSize = 0

2025-03-18 21:13:26,566 INFO toClientNotifyTaskSize = 0

2025-03-18 21:13:36,492 INFO groupCount = 4, subscriberClientCount = 0, subscriberCount = 0

2025-03-18 21:13:36,566 INFO [long-pulling] client count 0

2025-03-18 21:13:36,566 INFO toNotifyTaskSize = 0

2025-03-18 21:13:36,566 INFO toClientNotifyTaskSize = 0

2025-03-18 21:13:46,519 INFO groupCount = 4, subscriberClientCount = 0, subscriberCount = 0

2025-03-18 21:13:46,566 INFO [long-pulling] client count 0

2025-03-18 21:13:46,566 INFO toNotifyTaskSize = 0

2025-03-18 21:13:46,566 INFO toClientNotifyTaskSize = 0

2025-03-18 21:13:56,520 INFO groupCount = 4, subscriberClientCount = 0, subscriberCount = 0

2025-03-18 21:13:56,566 INFO [long-pulling] client count 0

2025-03-18 21:13:56,566 INFO toNotifyTaskSize = 0

2025-03-18 21:13:56,567 INFO toClientNotifyTaskSize = 0

2025-03-18 21:14:06,520 INFO groupCount = 4, subscriberClientCount = 0, subscriberCount = 0

2025-03-18 21:14:06,567 INFO toNotifyTaskSize = 0

2025-03-18 21:14:06,567 INFO toClientNotifyTaskSize = 0

2025-03-18 21:14:06,567 INFO [long-pulling] client count 0

2025-03-18 21:14:16,520 INFO groupCount = 4, subscriberClientCount = 0, subscriberCount = 0

2025-03-18 21:14:16,567 INFO toNotifyTaskSize = 0

2025-03-18 21:14:16,567 INFO toClientNotifyTaskSize = 0

2025-03-18 21:14:16,567 INFO [long-pulling] client count 0

2025-03-18 21:14:26,520 INFO groupCount = 4, subscriberClientCount = 0, subscriberCount = 0

2025-03-18 21:14:26,567 INFO toNotifyTaskSize = 0

2025-03-18 21:14:26,567 INFO toClientNotifyTaskSize = 0

2025-03-18 21:14:26,567 INFO [long-pulling] client count 0

2025-03-18 21:14:36,521 INFO groupCount = 4, subscriberClientCount = 0, subscriberCount = 0

2025-03-18 21:14:36,567 INFO toNotifyTaskSize = 0

2025-03-18 21:14:36,567 INFO toClientNotifyTaskSize = 0

2025-03-18 21:14:36,567 INFO [long-pulling] client count 0

2025-03-18 21:14:46,521 INFO groupCount = 4, subscriberClientCount = 0, subscriberCount = 0

2025-03-18 21:14:46,567 INFO [long-pulling] client count 0

2025-03-18 21:14:46,567 INFO toNotifyTaskSize = 0

2025-03-18 21:14:46,567 INFO toClientNotifyTaskSize = 0

2025-03-18 21:14:56,521 INFO groupCount = 4, subscriberClientCount = 0, subscriberCount = 0

2025-03-18 21:14:56,567 INFO [long-pulling] client count 0

2025-03-18 21:14:56,568 INFO toNotifyTaskSize = 0

2025-03-18 21:14:56,568 INFO toClientNotifyTaskSize = 0

2025-03-18 21:15:06,521 INFO groupCount = 4, subscriberClientCount = 0, subscriberCount = 0

2025-03-18 21:15:06,568 INFO [long-pulling] client count 0

2025-03-18 21:15:06,568 INFO toNotifyTaskSize = 0

2025-03-18 21:15:06,568 INFO toClientNotifyTaskSize = 0

2025-03-18 21:15:16,522 INFO groupCount = 4, subscriberClientCount = 0, subscriberCount = 0

2025-03-18 21:15:16,568 INFO [long-pulling] client count 0

2025-03-18 21:15:16,568 INFO toNotifyTaskSize = 0

2025-03-18 21:15:16,568 INFO toClientNotifyTaskSize = 0

2025-03-18 21:15:26,522 INFO groupCount = 4, subscriberClientCount = 0, subscriberCount = 0

2025-03-18 21:15:26,568 INFO [long-pulling] client count 0

2025-03-18 21:15:26,568 INFO toNotifyTaskSize = 0

2025-03-18 21:15:26,568 INFO toClientNotifyTaskSize = 0

2025-03-18 21:15:36,522 INFO groupCount = 4, subscriberClientCount = 0, subscriberCount = 0

2025-03-18 21:15:36,568 INFO [long-pulling] client count 0

2025-03-18 21:15:36,569 INFO toNotifyTaskSize = 0

2025-03-18 21:15:36,569 INFO toClientNotifyTaskSize = 0

2025-03-18 21:15:46,523 INFO groupCount = 4, subscriberClientCount = 0, subscriberCount = 0

2025-03-18 21:15:46,569 INFO toNotifyTaskSize = 0

2025-03-18 21:15:46,569 INFO toClientNotifyTaskSize = 0

2025-03-18 21:15:46,569 INFO [long-pulling] client count 0

2025-03-18 21:15:56,523 INFO groupCount = 4, subscriberClientCount = 0, subscriberCount = 0

2025-03-18 21:15:56,569 INFO [long-pulling] client count 0

2025-03-18 21:15:56,569 INFO toNotifyTaskSize = 0

2025-03-18 21:15:56,570 INFO toClientNotifyTaskSize = 0

2025-03-18 21:16:06,523 INFO groupCount = 4, subscriberClientCount = 0, subscriberCount = 0

2025-03-18 21:16:06,570 INFO [long-pulling] client count 0

2025-03-18 21:16:06,570 INFO toNotifyTaskSize = 0

2025-03-18 21:16:06,570 INFO toClientNotifyTaskSize = 0

2025-03-18 21:16:16,524 INFO groupCount = 4, subscriberClientCount = 0, subscriberCount = 0

2025-03-18 21:16:16,570 INFO [long-pulling] client count 0

2025-03-18 21:16:16,570 INFO toNotifyTaskSize = 0

2025-03-18 21:16:16,570 INFO toClientNotifyTaskSize = 0

2025-03-18 21:16:26,524 INFO groupCount = 4, subscriberClientCount = 0, subscriberCount = 0

2025-03-18 21:16:26,571 INFO [long-pulling] client count 0

2025-03-18 21:16:26,571 INFO toNotifyTaskSize = 0

2025-03-18 21:16:26,571 INFO toClientNotifyTaskSize = 0

2025-03-18 21:16:36,524 INFO groupCount = 4, subscriberClientCount = 0, subscriberCount = 0

2025-03-18 21:16:36,571 INFO [long-pulling] client count 0

2025-03-18 21:16:36,571 INFO toNotifyTaskSize = 0

2025-03-18 21:16:36,571 INFO toClientNotifyTaskSize = 0

2025-03-18 21:16:46,524 INFO groupCount = 4, subscriberClientCount = 0, subscriberCount = 0

2025-03-18 21:16:46,571 INFO [long-pulling] client count 0

2025-03-18 21:16:46,571 INFO toNotifyTaskSize = 0

2025-03-18 21:16:46,571 INFO toClientNotifyTaskSize = 0

2025-03-18 21:16:56,524 INFO groupCount = 4, subscriberClientCount = 0, subscriberCount = 0

2025-03-18 21:16:56,571 INFO [long-pulling] client count 0

2025-03-18 21:16:56,571 INFO toNotifyTaskSize = 0

2025-03-18 21:16:56,571 INFO toClientNotifyTaskSize = 0

2025-03-18 21:17:06,524 INFO groupCount = 4, subscriberClientCount = 0, subscriberCount = 0

2025-03-18 21:17:06,571 INFO [long-pulling] client count 0

2025-03-18 21:17:06,572 INFO toNotifyTaskSize = 0

2025-03-18 21:17:06,572 INFO toClientNotifyTaskSize = 0

2025-03-18 21:17:16,525 INFO groupCount = 4, subscriberClientCount = 0, subscriberCount = 0

2025-03-18 21:17:16,572 INFO [long-pulling] client count 0

2025-03-18 21:17:16,572 INFO toNotifyTaskSize = 0

2025-03-18 21:17:16,572 INFO toClientNotifyTaskSize = 0

2025-03-18 21:17:26,525 INFO groupCount = 4, subscriberClientCount = 0, subscriberCount = 0

2025-03-18 21:17:26,572 INFO [long-pulling] client count 0

2025-03-18 21:17:26,572 INFO toNotifyTaskSize = 0

2025-03-18 21:17:26,572 INFO toClientNotifyTaskSize = 0

2025-03-18 21:17:36,525 INFO groupCount = 4, subscriberClientCount = 0, subscriberCount = 0

2025-03-18 21:17:36,572 INFO [long-pulling] client count 0

2025-03-18 21:17:36,572 INFO toNotifyTaskSize = 0

2025-03-18 21:17:36,572 INFO toClientNotifyTaskSize = 0

2025-03-18 21:17:46,526 INFO groupCount = 4, subscriberClientCount = 0, subscriberCount = 0

2025-03-18 21:17:46,572 INFO [long-pulling] client count 0

2025-03-18 21:17:46,572 INFO toNotifyTaskSize = 0

2025-03-18 21:17:46,572 INFO toClientNotifyTaskSize = 0

2025-03-18 21:17:56,526 INFO groupCount = 4, subscriberClientCount = 0, subscriberCount = 0

2025-03-18 21:17:56,572 INFO [long-pulling] client count 0

2025-03-18 21:17:56,573 INFO toNotifyTaskSize = 0

2025-03-18 21:17:56,573 INFO toClientNotifyTaskSize = 0

2025-03-18 21:18:06,527 INFO groupCount = 4, subscriberClientCount = 0, subscriberCount = 0

2025-03-18 21:18:06,573 INFO [long-pulling] client count 0

2025-03-18 21:18:06,573 INFO toNotifyTaskSize = 0

2025-03-18 21:18:06,573 INFO toClientNotifyTaskSize = 0

2025-03-18 21:18:16,527 INFO groupCount = 4, subscriberClientCount = 0, subscriberCount = 0

2025-03-18 21:18:16,573 INFO [long-pulling] client count 0

2025-03-18 21:18:16,573 INFO toNotifyTaskSize = 0

2025-03-18 21:18:16,573 INFO toClientNotifyTaskSize = 0

2025-03-18 21:18:26,527 INFO groupCount = 4, subscriberClientCount = 0, subscriberCount = 0

2025-03-18 21:18:26,573 INFO [long-pulling] client count 0

2025-03-18 21:18:26,573 INFO toNotifyTaskSize = 0

2025-03-18 21:18:26,573 INFO toClientNotifyTaskSize = 0

2025-03-18 21:18:36,527 INFO groupCount = 4, subscriberClientCount = 0, subscriberCount = 0

2025-03-18 21:18:36,574 INFO [long-pulling] client count 0

2025-03-18 21:18:36,574 INFO toNotifyTaskSize = 0

2025-03-18 21:18:36,574 INFO toClientNotifyTaskSize = 0

2025-03-18 21:18:46,528 INFO groupCount = 4, subscriberClientCount = 0, subscriberCount = 0

2025-03-18 21:18:46,574 INFO [long-pulling] client count 0

2025-03-18 21:18:46,574 INFO toNotifyTaskSize = 0

2025-03-18 21:18:46,574 INFO toClientNotifyTaskSize = 0

2025-03-18 21:18:56,528 INFO groupCount = 4, subscriberClientCount = 0, subscriberCount = 0

2025-03-18 21:18:56,574 INFO [long-pulling] client count 0

2025-03-18 21:18:56,574 INFO toNotifyTaskSize = 0

2025-03-18 21:18:56,574 INFO toClientNotifyTaskSize = 0

2025-03-18 21:19:06,529 INFO groupCount = 4, subscriberClientCount = 0, subscriberCount = 0

2025-03-18 21:19:06,574 INFO [long-pulling] client count 0

2025-03-18 21:19:06,575 INFO toNotifyTaskSize = 0

2025-03-18 21:19:06,575 INFO toClientNotifyTaskSize = 0

