2025-03-19 15:26:31,996 INFO notifyConnectTimeout:200

2025-03-19 15:26:32,002 INFO notifySocketTimeout:8000

2025-03-19 15:26:32,002 INFO isHealthCheck:true

2025-03-19 15:26:32,002 INFO maxHealthCheckFailCount:12

2025-03-19 15:26:32,002 INFO maxContent:10485760

2025-03-19 15:26:32,003 INFO spring.datasource.platform:""

2025-03-19 15:26:36,546 INFO use local db service for init

2025-03-19 15:26:37,116 WARN Lexical error at line 4, column 66.  Encountered: <EOF> after : "".

2025-03-19 15:26:37,119 WARN Syntax error: Encountered "*" at line 1, column 1.

2025-03-19 15:26:37,156 WARN Table/View 'CONFIG_INFO' already exists in Schema 'NACOS'.

2025-03-19 15:26:37,190 WARN Table/View 'HIS_CONFIG_INFO' already exists in Schema 'NACOS'.

2025-03-19 15:26:37,207 WARN Table/View 'CONFIG_INFO_BETA' already exists in Schema 'NACOS'.

2025-03-19 15:26:37,215 WARN Table/View 'CONFIG_INFO_TAG' already exists in Schema 'NACOS'.

2025-03-19 15:26:37,223 WARN Table/View 'CONFIG_INFO_AGGR' already exists in Schema 'NACOS'.

2025-03-19 15:26:37,230 WARN Table/View 'APP_LIST' already exists in Schema 'NACOS'.

2025-03-19 15:26:37,237 WARN Table/View 'APP_CONFIGDATA_RELATION_SUBS' already exists in Schema 'NACOS'.

2025-03-19 15:26:37,244 WARN Table/View 'APP_CONFIGDATA_RELATION_PUBS' already exists in Schema 'NACOS'.

2025-03-19 15:26:37,250 WARN Table/View 'CONFIG_TAGS_RELATION' already exists in Schema 'NACOS'.

2025-03-19 15:26:37,260 WARN Table/View 'GROUP_CAPACITY' already exists in Schema 'NACOS'.

2025-03-19 15:26:37,267 WARN Table/View 'TENANT_CAPACITY' already exists in Schema 'NACOS'.

2025-03-19 15:26:37,274 WARN Table/View 'TENANT_INFO' already exists in Schema 'NACOS'.

2025-03-19 15:26:37,282 WARN Table/View 'USERS' already exists in Schema 'NACOS'.

2025-03-19 15:26:37,288 WARN Table/View 'ROLES' already exists in Schema 'NACOS'.

2025-03-19 15:26:37,295 WARN Table/View 'PERMISSIONS' already exists in Schema 'NACOS'.

2025-03-19 15:26:37,336 WARN The statement was aborted because it would have caused a duplicate key value in a unique or primary key constraint or unique index identified by 'SQL250318202117370' defined on 'USERS'.

2025-03-19 15:26:37,340 WARN The statement was aborted because it would have caused a duplicate key value in a unique or primary key constraint or unique index identified by 'UK_USERNAME_ROLE' defined on 'ROLES'.

2025-03-19 15:26:37,341 WARN Lexical error at line 4, column 13.  Encountered: "`" (96), after : "".

2025-03-19 15:26:37,341 WARN Lexical error at line 1, column 13.  Encountered: "`" (96), after : "".

2025-03-19 15:26:37,341 WARN Lexical error at line 1, column 13.  Encountered: "`" (96), after : "".

2025-03-19 15:26:37,341 WARN Lexical error at line 1, column 13.  Encountered: "`" (96), after : "".

2025-03-19 15:26:37,341 INFO use StandaloneDatabaseOperateImpl

2025-03-19 15:26:38,173 WARN DumpService start

2025-03-19 15:26:38,175 INFO start clear all config-info.

2025-03-19 15:26:38,176 WARN clear all config-info failed.

2025-03-19 15:26:38,176 WARN clear all config-info-tenant failed.

2025-03-19 15:26:38,445 INFO [all-dump] 876074614118174720 / 876074614118174720

2025-03-19 15:26:38,445 INFO start clear all config-info-beta.

2025-03-19 15:26:38,445 WARN clear all config-info-beta failed.

2025-03-19 15:26:38,445 WARN clear all config-info-beta-tenant failed.

2025-03-19 15:26:38,452 INFO start clear all config-info-tag.

2025-03-19 15:26:38,452 WARN clear all config-info-tag failed.

2025-03-19 15:26:38,452 WARN clear all config-info-tag-tenant failed.

