2025-03-19 00:05:36,882 WARN clearConfigHistory start

2025-03-19 00:05:36,907 INFO [capacityManagement] start correct usage

2025-03-19 00:05:36,909 INFO [capacityManagement] end correct usage, cost: 0s

2025-03-19 00:15:36,884 WARN clearConfigHistory start

2025-03-19 00:15:36,909 INFO [capacityManagement] start correct usage

2025-03-19 00:15:36,910 INFO [capacityManagement] end correct usage, cost: 0s

2025-03-19 00:25:36,884 WARN clearConfigHistory start

2025-03-19 00:25:36,910 INFO [capacityManagement] start correct usage

2025-03-19 00:25:36,910 INFO [capacityManagement] end correct usage, cost: 0s

2025-03-19 00:35:36,885 WARN clearConfigHistory start

2025-03-19 00:35:36,910 INFO [capacityManagement] start correct usage

2025-03-19 00:35:36,911 INFO [capacityManagement] end correct usage, cost: 0s

2025-03-19 00:45:36,886 WARN clearConfigHistory start

2025-03-19 00:45:36,912 INFO [capacityManagement] start correct usage

2025-03-19 00:45:36,913 INFO [capacityManagement] end correct usage, cost: 0s

2025-03-19 01:04:55,848 WARN clearConfigHistory start

2025-03-19 01:04:55,874 INFO [capacityManagement] start correct usage

2025-03-19 01:04:55,875 INFO [capacityManagement] end correct usage, cost: 0s

2025-03-19 01:14:57,021 WARN clearConfigHistory start

2025-03-19 01:14:57,047 INFO [capacityManagement] start correct usage

2025-03-19 01:14:57,094 INFO [capacityManagement] end correct usage, cost: 0s

2025-03-19 01:24:57,022 WARN clearConfigHistory start

2025-03-19 01:24:57,095 INFO [capacityManagement] start correct usage

2025-03-19 01:24:57,096 INFO [capacityManagement] end correct usage, cost: 0s

2025-03-19 01:34:57,023 WARN clearConfigHistory start

2025-03-19 01:34:57,096 INFO [capacityManagement] start correct usage

2025-03-19 01:34:57,097 INFO [capacityManagement] end correct usage, cost: 0s

2025-03-19 02:00:44,646 WARN [NotifyCenter] Start destroying Publisher

2025-03-19 02:00:44,647 WARN [NotifyCenter] Destruction of the end

2025-03-19 02:00:44,650 WARN [ConfigServer-HttpClientManager] Start destroying NacosRestTemplate

2025-03-19 02:00:44,651 WARN [ConfigServer-HttpClientManager] Destruction of the end

2025-03-19 02:00:44,659 WARN [WatchFileCenter] start close

2025-03-19 02:00:44,659 WARN [WatchFileCenter] start to shutdown this watcher which is watch : /home/nacos/data/tps

2025-03-19 02:00:44,667 WARN [HttpClientBeanHolder] Start destroying common HttpClient

2025-03-19 02:00:44,667 WARN [ThreadPoolManager] Start destroying ThreadPool

2025-03-19 02:00:44,670 WARN [WatchFileCenter] start to shutdown this watcher which is watch : /home/nacos/conf

2025-03-19 02:00:44,670 WARN [WatchFileCenter] start to shutdown this watcher which is watch : /home/nacos/data/loader

2025-03-19 02:00:44,670 INFO Shutting down ExecutorService 'taskScheduler'

2025-03-19 02:00:44,670 WARN [WatchFileCenter] already closed

2025-03-19 02:00:44,671 WARN [HttpClientBeanHolder] Destruction of the end

2025-03-19 02:00:44,675 INFO Shutting down ExecutorService 'applicationTaskExecutor'

2025-03-19 02:00:46,795 WARN [ThreadPoolManager] Destruction of the end

2025-03-19 15:26:32,011 INFO Starting Nacos v2.0.2 on f5024875a02e with PID 1 (/home/nacos/target/nacos-server.jar started by root in /home/nacos)

2025-03-19 15:26:32,011 INFO The following profiles are active: standalone

2025-03-19 15:26:35,622 INFO Bean 'org.springframework.security.access.expression.method.DefaultMethodSecurityExpressionHandler@5ab9b447' of type [org.springframework.security.access.expression.method.DefaultMethodSecurityExpressionHandler] is not eligible for getting processed by all BeanPostProcessors (for example: not eligible for auto-proxying)

2025-03-19 15:26:35,628 INFO Bean 'methodSecurityMetadataSource' of type [org.springframework.security.access.method.DelegatingMethodSecurityMetadataSource] is not eligible for getting processed by all BeanPostProcessors (for example: not eligible for auto-proxying)

2025-03-19 15:26:35,939 INFO Tomcat initialized with port(s): 8848 (http)

2025-03-19 15:26:35,983 INFO Starting service [Tomcat]

2025-03-19 15:26:35,984 INFO Starting Servlet engine: [Apache Tomcat/9.0.38]

2025-03-19 15:26:36,288 INFO At least one JAR was scanned for TLDs yet contained no TLDs. Enable debug logging for this logger for a complete list of JARs that were scanned but no TLDs were found in them. Skipping unneeded JARs during scanning can improve startup time and JSP compilation time.

2025-03-19 15:26:36,324 INFO Initializing Spring embedded WebApplicationContext

2025-03-19 15:26:36,324 INFO Root WebApplicationContext: initialization completed in 4239 ms

2025-03-19 15:26:36,716 INFO HikariPool-1 - Starting...

2025-03-19 15:26:36,720 WARN Registered driver with driverClassName=org.apache.derby.jdbc.EmbeddedDriver was not found, trying direct instantiation.

2025-03-19 15:26:37,018 INFO HikariPool-1 - Driver does not support get/set network timeout for connections. (Feature not implemented: No details.)

2025-03-19 15:26:37,023 INFO HikariPool-1 - Start completed.

2025-03-19 15:26:37,589 INFO Nacos-related cluster resource initialization

2025-03-19 15:26:37,596 INFO The cluster resource is initialized

2025-03-19 15:26:38,010 INFO Reflections took 33 ms to scan 1 urls, producing 5 keys and 10 values 

2025-03-19 15:26:38,041 INFO Reflections took 7 ms to scan 1 urls, producing 4 keys and 23 values 

2025-03-19 15:26:38,061 INFO Reflections took 8 ms to scan 1 urls, producing 5 keys and 19 values 

2025-03-19 15:26:38,073 INFO Reflections took 2 ms to scan 1 urls, producing 2 keys and 12 values 

2025-03-19 15:26:38,443 WARN There are no [com.alibaba.nacos.config.server.model.event.LocalDataChangeEvent] publishers for this event, please register

2025-03-19 15:26:38,444 WARN There are no [com.alibaba.nacos.config.server.model.event.LocalDataChangeEvent] publishers for this event, please register

2025-03-19 15:26:38,445 WARN There are no [com.alibaba.nacos.config.server.model.event.LocalDataChangeEvent] publishers for this event, please register

2025-03-19 15:26:38,445 WARN There are no [com.alibaba.nacos.config.server.model.event.LocalDataChangeEvent] publishers for this event, please register

2025-03-19 15:26:38,693 INFO Reflections took 29 ms to scan 2 urls, producing 3 keys and 6 values 

2025-03-19 15:26:38,724 INFO Reflections took 30 ms to scan 2 urls, producing 4 keys and 9 values 

2025-03-19 15:26:38,755 INFO Reflections took 30 ms to scan 2 urls, producing 3 keys and 10 values 

2025-03-19 15:26:38,758 INFO Reflections took 2 ms to scan 1 urls, producing 2 keys and 2 values 

2025-03-19 15:26:38,788 INFO Reflections took 29 ms to scan 2 urls, producing 1 keys and 5 values 

2025-03-19 15:26:38,817 INFO Reflections took 28 ms to scan 2 urls, producing 1 keys and 7 values 

2025-03-19 15:26:38,846 INFO Reflections took 28 ms to scan 2 urls, producing 2 keys and 8 values 

2025-03-19 15:26:38,849 INFO Reflections took 1 ms to scan 1 urls, producing 1 keys and 1 values 

2025-03-19 15:26:40,083 INFO Initializing ExecutorService 'applicationTaskExecutor'

2025-03-19 15:26:40,243 INFO Adding welcome page: class path resource [static/index.html]

2025-03-19 15:26:40,676 INFO Creating filter chain: Ant [pattern='/**'], []

2025-03-19 15:26:40,729 INFO Creating filter chain: any request, [org.springframework.security.web.context.request.async.WebAsyncManagerIntegrationFilter@6c15e8c7, org.springframework.security.web.context.SecurityContextPersistenceFilter@15dc339f, org.springframework.security.web.header.HeaderWriterFilter@7efe7b87, org.springframework.security.web.csrf.CsrfFilter@3a543f31, org.springframework.security.web.authentication.logout.LogoutFilter@76889e60, org.springframework.security.web.savedrequest.RequestCacheAwareFilter@34acbc60, org.springframework.security.web.servletapi.SecurityContextHolderAwareRequestFilter@718dbd79, org.springframework.security.web.authentication.AnonymousAuthenticationFilter@56380231, org.springframework.security.web.session.SessionManagementFilter@5a2bd7c8, org.springframework.security.web.access.ExceptionTranslationFilter@2b9f74d0]

2025-03-19 15:26:40,870 INFO Initializing ExecutorService 'taskScheduler'

2025-03-19 15:26:40,895 INFO Exposing 16 endpoint(s) beneath base path '/actuator'

2025-03-19 15:26:41,022 INFO Tomcat started on port(s): 8848 (http) with context path '/nacos'

2025-03-19 15:26:41,025 INFO Started Nacos in 9.896 seconds (JVM running for 10.522)

2025-03-19 15:26:41,025 INFO Nacos started successfully in stand alone mode. use embedded storage

2025-03-19 15:27:47,337 INFO Transport failed

io.grpc.netty.shaded.io.netty.handler.codec.http2.Http2Exception: Unexpected HTTP/1.x request: GET / 
	at io.grpc.netty.shaded.io.netty.handler.codec.http2.Http2Exception.connectionError(Http2Exception.java:103)
	at io.grpc.netty.shaded.io.netty.handler.codec.http2.Http2ConnectionHandler$PrefaceDecoder.readClientPrefaceString(Http2ConnectionHandler.java:302)
	at io.grpc.netty.shaded.io.netty.handler.codec.http2.Http2ConnectionHandler$PrefaceDecoder.decode(Http2ConnectionHandler.java:239)
	at io.grpc.netty.shaded.io.netty.handler.codec.http2.Http2ConnectionHandler.decode(Http2ConnectionHandler.java:438)
	at io.grpc.netty.shaded.io.netty.handler.codec.ByteToMessageDecoder.decodeRemovalReentryProtection(ByteToMessageDecoder.java:505)
	at io.grpc.netty.shaded.io.netty.handler.codec.ByteToMessageDecoder.callDecode(ByteToMessageDecoder.java:444)
	at io.grpc.netty.shaded.io.netty.handler.codec.ByteToMessageDecoder.channelRead(ByteToMessageDecoder.java:283)
	at io.grpc.netty.shaded.io.netty.channel.AbstractChannelHandlerContext.invokeChannelRead(AbstractChannelHandlerContext.java:374)
	at io.grpc.netty.shaded.io.netty.channel.AbstractChannelHandlerContext.invokeChannelRead(AbstractChannelHandlerContext.java:360)
	at io.grpc.netty.shaded.io.netty.channel.AbstractChannelHandlerContext.fireChannelRead(AbstractChannelHandlerContext.java:352)
	at io.grpc.netty.shaded.io.netty.channel.DefaultChannelPipeline$HeadContext.channelRead(DefaultChannelPipeline.java:1421)
	at io.grpc.netty.shaded.io.netty.channel.AbstractChannelHandlerContext.invokeChannelRead(AbstractChannelHandlerContext.java:374)
	at io.grpc.netty.shaded.io.netty.channel.AbstractChannelHandlerContext.invokeChannelRead(AbstractChannelHandlerContext.java:360)
	at io.grpc.netty.shaded.io.netty.channel.DefaultChannelPipeline.fireChannelRead(DefaultChannelPipeline.java:930)
	at io.grpc.netty.shaded.io.netty.channel.epoll.AbstractEpollStreamChannel$EpollStreamUnsafe.epollInReady(AbstractEpollStreamChannel.java:794)
	at io.grpc.netty.shaded.io.netty.channel.epoll.EpollEventLoop.processReady(EpollEventLoop.java:424)
	at io.grpc.netty.shaded.io.netty.channel.epoll.EpollEventLoop.run(EpollEventLoop.java:326)
	at io.grpc.netty.shaded.io.netty.util.concurrent.SingleThreadEventExecutor$5.run(SingleThreadEventExecutor.java:918)
	at io.grpc.netty.shaded.io.netty.util.internal.ThreadExecutorMap$2.run(ThreadExecutorMap.java:74)
	at io.grpc.netty.shaded.io.netty.util.concurrent.FastThreadLocalRunnable.run(FastThreadLocalRunnable.java:30)
	at java.lang.Thread.run(Thread.java:748)
2025-03-19 15:27:48,357 INFO Transport failed

io.grpc.netty.shaded.io.netty.handler.codec.http2.Http2Exception: Unexpected HTTP/1.x request: GET / 
	at io.grpc.netty.shaded.io.netty.handler.codec.http2.Http2Exception.connectionError(Http2Exception.java:103)
	at io.grpc.netty.shaded.io.netty.handler.codec.http2.Http2ConnectionHandler$PrefaceDecoder.readClientPrefaceString(Http2ConnectionHandler.java:302)
	at io.grpc.netty.shaded.io.netty.handler.codec.http2.Http2ConnectionHandler$PrefaceDecoder.decode(Http2ConnectionHandler.java:239)
	at io.grpc.netty.shaded.io.netty.handler.codec.http2.Http2ConnectionHandler.decode(Http2ConnectionHandler.java:438)
	at io.grpc.netty.shaded.io.netty.handler.codec.ByteToMessageDecoder.decodeRemovalReentryProtection(ByteToMessageDecoder.java:505)
	at io.grpc.netty.shaded.io.netty.handler.codec.ByteToMessageDecoder.callDecode(ByteToMessageDecoder.java:444)
	at io.grpc.netty.shaded.io.netty.handler.codec.ByteToMessageDecoder.channelRead(ByteToMessageDecoder.java:283)
	at io.grpc.netty.shaded.io.netty.channel.AbstractChannelHandlerContext.invokeChannelRead(AbstractChannelHandlerContext.java:374)
	at io.grpc.netty.shaded.io.netty.channel.AbstractChannelHandlerContext.invokeChannelRead(AbstractChannelHandlerContext.java:360)
	at io.grpc.netty.shaded.io.netty.channel.AbstractChannelHandlerContext.fireChannelRead(AbstractChannelHandlerContext.java:352)
	at io.grpc.netty.shaded.io.netty.channel.DefaultChannelPipeline$HeadContext.channelRead(DefaultChannelPipeline.java:1421)
	at io.grpc.netty.shaded.io.netty.channel.AbstractChannelHandlerContext.invokeChannelRead(AbstractChannelHandlerContext.java:374)
	at io.grpc.netty.shaded.io.netty.channel.AbstractChannelHandlerContext.invokeChannelRead(AbstractChannelHandlerContext.java:360)
	at io.grpc.netty.shaded.io.netty.channel.DefaultChannelPipeline.fireChannelRead(DefaultChannelPipeline.java:930)
	at io.grpc.netty.shaded.io.netty.channel.epoll.AbstractEpollStreamChannel$EpollStreamUnsafe.epollInReady(AbstractEpollStreamChannel.java:794)
	at io.grpc.netty.shaded.io.netty.channel.epoll.EpollEventLoop.processReady(EpollEventLoop.java:424)
	at io.grpc.netty.shaded.io.netty.channel.epoll.EpollEventLoop.run(EpollEventLoop.java:326)
	at io.grpc.netty.shaded.io.netty.util.concurrent.SingleThreadEventExecutor$5.run(SingleThreadEventExecutor.java:918)
	at io.grpc.netty.shaded.io.netty.util.internal.ThreadExecutorMap$2.run(ThreadExecutorMap.java:74)
	at io.grpc.netty.shaded.io.netty.util.concurrent.FastThreadLocalRunnable.run(FastThreadLocalRunnable.java:30)
	at java.lang.Thread.run(Thread.java:748)
2025-03-19 15:27:50,059 INFO Transport failed

io.grpc.netty.shaded.io.netty.handler.codec.http2.Http2Exception: Unexpected HTTP/1.x request: GET / 
	at io.grpc.netty.shaded.io.netty.handler.codec.http2.Http2Exception.connectionError(Http2Exception.java:103)
	at io.grpc.netty.shaded.io.netty.handler.codec.http2.Http2ConnectionHandler$PrefaceDecoder.readClientPrefaceString(Http2ConnectionHandler.java:302)
	at io.grpc.netty.shaded.io.netty.handler.codec.http2.Http2ConnectionHandler$PrefaceDecoder.decode(Http2ConnectionHandler.java:239)
	at io.grpc.netty.shaded.io.netty.handler.codec.http2.Http2ConnectionHandler.decode(Http2ConnectionHandler.java:438)
	at io.grpc.netty.shaded.io.netty.handler.codec.ByteToMessageDecoder.decodeRemovalReentryProtection(ByteToMessageDecoder.java:505)
	at io.grpc.netty.shaded.io.netty.handler.codec.ByteToMessageDecoder.callDecode(ByteToMessageDecoder.java:444)
	at io.grpc.netty.shaded.io.netty.handler.codec.ByteToMessageDecoder.channelRead(ByteToMessageDecoder.java:283)
	at io.grpc.netty.shaded.io.netty.channel.AbstractChannelHandlerContext.invokeChannelRead(AbstractChannelHandlerContext.java:374)
	at io.grpc.netty.shaded.io.netty.channel.AbstractChannelHandlerContext.invokeChannelRead(AbstractChannelHandlerContext.java:360)
	at io.grpc.netty.shaded.io.netty.channel.AbstractChannelHandlerContext.fireChannelRead(AbstractChannelHandlerContext.java:352)
	at io.grpc.netty.shaded.io.netty.channel.DefaultChannelPipeline$HeadContext.channelRead(DefaultChannelPipeline.java:1421)
	at io.grpc.netty.shaded.io.netty.channel.AbstractChannelHandlerContext.invokeChannelRead(AbstractChannelHandlerContext.java:374)
	at io.grpc.netty.shaded.io.netty.channel.AbstractChannelHandlerContext.invokeChannelRead(AbstractChannelHandlerContext.java:360)
	at io.grpc.netty.shaded.io.netty.channel.DefaultChannelPipeline.fireChannelRead(DefaultChannelPipeline.java:930)
	at io.grpc.netty.shaded.io.netty.channel.epoll.AbstractEpollStreamChannel$EpollStreamUnsafe.epollInReady(AbstractEpollStreamChannel.java:794)
	at io.grpc.netty.shaded.io.netty.channel.epoll.EpollEventLoop.processReady(EpollEventLoop.java:424)
	at io.grpc.netty.shaded.io.netty.channel.epoll.EpollEventLoop.run(EpollEventLoop.java:326)
	at io.grpc.netty.shaded.io.netty.util.concurrent.SingleThreadEventExecutor$5.run(SingleThreadEventExecutor.java:918)
	at io.grpc.netty.shaded.io.netty.util.internal.ThreadExecutorMap$2.run(ThreadExecutorMap.java:74)
	at io.grpc.netty.shaded.io.netty.util.concurrent.FastThreadLocalRunnable.run(FastThreadLocalRunnable.java:30)
	at java.lang.Thread.run(Thread.java:748)
2025-03-19 15:27:53,125 INFO Transport failed

io.grpc.netty.shaded.io.netty.handler.codec.http2.Http2Exception: Unexpected HTTP/1.x request: GET / 
	at io.grpc.netty.shaded.io.netty.handler.codec.http2.Http2Exception.connectionError(Http2Exception.java:103)
	at io.grpc.netty.shaded.io.netty.handler.codec.http2.Http2ConnectionHandler$PrefaceDecoder.readClientPrefaceString(Http2ConnectionHandler.java:302)
	at io.grpc.netty.shaded.io.netty.handler.codec.http2.Http2ConnectionHandler$PrefaceDecoder.decode(Http2ConnectionHandler.java:239)
	at io.grpc.netty.shaded.io.netty.handler.codec.http2.Http2ConnectionHandler.decode(Http2ConnectionHandler.java:438)
	at io.grpc.netty.shaded.io.netty.handler.codec.ByteToMessageDecoder.decodeRemovalReentryProtection(ByteToMessageDecoder.java:505)
	at io.grpc.netty.shaded.io.netty.handler.codec.ByteToMessageDecoder.callDecode(ByteToMessageDecoder.java:444)
	at io.grpc.netty.shaded.io.netty.handler.codec.ByteToMessageDecoder.channelRead(ByteToMessageDecoder.java:283)
	at io.grpc.netty.shaded.io.netty.channel.AbstractChannelHandlerContext.invokeChannelRead(AbstractChannelHandlerContext.java:374)
	at io.grpc.netty.shaded.io.netty.channel.AbstractChannelHandlerContext.invokeChannelRead(AbstractChannelHandlerContext.java:360)
	at io.grpc.netty.shaded.io.netty.channel.AbstractChannelHandlerContext.fireChannelRead(AbstractChannelHandlerContext.java:352)
	at io.grpc.netty.shaded.io.netty.channel.DefaultChannelPipeline$HeadContext.channelRead(DefaultChannelPipeline.java:1421)
	at io.grpc.netty.shaded.io.netty.channel.AbstractChannelHandlerContext.invokeChannelRead(AbstractChannelHandlerContext.java:374)
	at io.grpc.netty.shaded.io.netty.channel.AbstractChannelHandlerContext.invokeChannelRead(AbstractChannelHandlerContext.java:360)
	at io.grpc.netty.shaded.io.netty.channel.DefaultChannelPipeline.fireChannelRead(DefaultChannelPipeline.java:930)
	at io.grpc.netty.shaded.io.netty.channel.epoll.AbstractEpollStreamChannel$EpollStreamUnsafe.epollInReady(AbstractEpollStreamChannel.java:794)
	at io.grpc.netty.shaded.io.netty.channel.epoll.EpollEventLoop.processReady(EpollEventLoop.java:424)
	at io.grpc.netty.shaded.io.netty.channel.epoll.EpollEventLoop.run(EpollEventLoop.java:326)
	at io.grpc.netty.shaded.io.netty.util.concurrent.SingleThreadEventExecutor$5.run(SingleThreadEventExecutor.java:918)
	at io.grpc.netty.shaded.io.netty.util.internal.ThreadExecutorMap$2.run(ThreadExecutorMap.java:74)
	at io.grpc.netty.shaded.io.netty.util.concurrent.FastThreadLocalRunnable.run(FastThreadLocalRunnable.java:30)
	at java.lang.Thread.run(Thread.java:748)
2025-03-19 15:27:58,144 INFO Transport failed

io.grpc.netty.shaded.io.netty.handler.codec.http2.Http2Exception: Unexpected HTTP/1.x request: GET / 
	at io.grpc.netty.shaded.io.netty.handler.codec.http2.Http2Exception.connectionError(Http2Exception.java:103)
	at io.grpc.netty.shaded.io.netty.handler.codec.http2.Http2ConnectionHandler$PrefaceDecoder.readClientPrefaceString(Http2ConnectionHandler.java:302)
	at io.grpc.netty.shaded.io.netty.handler.codec.http2.Http2ConnectionHandler$PrefaceDecoder.decode(Http2ConnectionHandler.java:239)
	at io.grpc.netty.shaded.io.netty.handler.codec.http2.Http2ConnectionHandler.decode(Http2ConnectionHandler.java:438)
	at io.grpc.netty.shaded.io.netty.handler.codec.ByteToMessageDecoder.decodeRemovalReentryProtection(ByteToMessageDecoder.java:505)
	at io.grpc.netty.shaded.io.netty.handler.codec.ByteToMessageDecoder.callDecode(ByteToMessageDecoder.java:444)
	at io.grpc.netty.shaded.io.netty.handler.codec.ByteToMessageDecoder.channelRead(ByteToMessageDecoder.java:283)
	at io.grpc.netty.shaded.io.netty.channel.AbstractChannelHandlerContext.invokeChannelRead(AbstractChannelHandlerContext.java:374)
	at io.grpc.netty.shaded.io.netty.channel.AbstractChannelHandlerContext.invokeChannelRead(AbstractChannelHandlerContext.java:360)
	at io.grpc.netty.shaded.io.netty.channel.AbstractChannelHandlerContext.fireChannelRead(AbstractChannelHandlerContext.java:352)
	at io.grpc.netty.shaded.io.netty.channel.DefaultChannelPipeline$HeadContext.channelRead(DefaultChannelPipeline.java:1421)
	at io.grpc.netty.shaded.io.netty.channel.AbstractChannelHandlerContext.invokeChannelRead(AbstractChannelHandlerContext.java:374)
	at io.grpc.netty.shaded.io.netty.channel.AbstractChannelHandlerContext.invokeChannelRead(AbstractChannelHandlerContext.java:360)
	at io.grpc.netty.shaded.io.netty.channel.DefaultChannelPipeline.fireChannelRead(DefaultChannelPipeline.java:930)
	at io.grpc.netty.shaded.io.netty.channel.epoll.AbstractEpollStreamChannel$EpollStreamUnsafe.epollInReady(AbstractEpollStreamChannel.java:794)
	at io.grpc.netty.shaded.io.netty.channel.epoll.EpollEventLoop.processReady(EpollEventLoop.java:424)
	at io.grpc.netty.shaded.io.netty.channel.epoll.EpollEventLoop.run(EpollEventLoop.java:326)
	at io.grpc.netty.shaded.io.netty.util.concurrent.SingleThreadEventExecutor$5.run(SingleThreadEventExecutor.java:918)
	at io.grpc.netty.shaded.io.netty.util.internal.ThreadExecutorMap$2.run(ThreadExecutorMap.java:74)
	at io.grpc.netty.shaded.io.netty.util.concurrent.FastThreadLocalRunnable.run(FastThreadLocalRunnable.java:30)
	at java.lang.Thread.run(Thread.java:748)
2025-03-19 15:28:27,384 INFO Initializing Spring DispatcherServlet 'dispatcherServlet'

2025-03-19 15:28:27,384 INFO Initializing Servlet 'dispatcherServlet'

2025-03-19 15:28:27,395 INFO Completed initialization in 10 ms

2025-03-19 15:36:38,463 WARN clearConfigHistory start

2025-03-19 15:36:38,492 INFO [capacityManagement] start correct usage

2025-03-19 15:36:38,515 INFO [capacityManagement] end correct usage, cost: 0s

2025-03-19 15:46:38,474 WARN clearConfigHistory start

2025-03-19 15:46:38,516 INFO [capacityManagement] start correct usage

2025-03-19 15:46:38,516 INFO [capacityManagement] end correct usage, cost: 0s

2025-03-19 15:56:38,477 WARN clearConfigHistory start

2025-03-19 15:56:38,516 INFO [capacityManagement] start correct usage

2025-03-19 15:56:38,517 INFO [capacityManagement] end correct usage, cost: 0s

2025-03-19 16:06:38,478 WARN clearConfigHistory start

2025-03-19 16:06:38,517 INFO [capacityManagement] start correct usage

2025-03-19 16:06:38,517 INFO [capacityManagement] end correct usage, cost: 0s

2025-03-19 16:16:38,478 WARN clearConfigHistory start

2025-03-19 16:16:38,517 INFO [capacityManagement] start correct usage

2025-03-19 16:16:38,519 INFO [capacityManagement] end correct usage, cost: 0s

2025-03-19 16:42:01,438 WARN clearConfigHistory start

2025-03-19 16:42:01,478 INFO [capacityManagement] start correct usage

2025-03-19 16:42:01,479 INFO [capacityManagement] end correct usage, cost: 0s

2025-03-19 16:52:01,439 WARN clearConfigHistory start

2025-03-19 16:52:01,480 INFO [capacityManagement] start correct usage

2025-03-19 16:52:01,481 INFO [capacityManagement] end correct usage, cost: 0s

2025-03-19 17:02:01,441 WARN clearConfigHistory start

2025-03-19 17:02:01,481 INFO [capacityManagement] start correct usage

2025-03-19 17:02:01,482 INFO [capacityManagement] end correct usage, cost: 0s

