2025-03-19 02:00:44,667 WARN [NamingServerHttpClientManager] Start destroying HTTP-Client

2025-03-19 02:00:44,675 WARN [NamingServerHttpClientManager] Destruction of the end

2025-03-19 02:00:44,975 ERROR [HEALTH-CHECK] error while processing NIO task

java.lang.InterruptedException: null
	at java.util.concurrent.locks.AbstractQueuedSynchronizer$ConditionObject.reportInterruptAfterWait(AbstractQueuedSynchronizer.java:2014)
	at java.util.concurrent.locks.AbstractQueuedSynchronizer$ConditionObject.awaitNanos(AbstractQueuedSynchronizer.java:2088)
	at java.util.concurrent.LinkedBlockingQueue.poll(LinkedBlockingQueue.java:467)
	at com.alibaba.nacos.naming.healthcheck.TcpSuperSenseProcessor.processTask(TcpSuperSenseProcessor.java:137)
	at com.alibaba.nacos.naming.healthcheck.TcpSuperSenseProcessor.run(TcpSuperSenseProcessor.java:154)
	at java.util.concurrent.Executors$RunnableAdapter.call(Executors.java:511)
	at java.util.concurrent.FutureTask.run(FutureTask.java:266)
	at java.util.concurrent.ThreadPoolExecutor.runWorker(ThreadPoolExecutor.java:1149)
	at java.util.concurrent.ThreadPoolExecutor$Worker.run(ThreadPoolExecutor.java:624)
	at java.lang.Thread.run(Thread.java:748)
2025-03-19 02:00:44,975 ERROR [HEALTH-CHECK-V2] error while processing NIO task

java.lang.InterruptedException: null
	at java.util.concurrent.locks.AbstractQueuedSynchronizer$ConditionObject.reportInterruptAfterWait(AbstractQueuedSynchronizer.java:2014)
	at java.util.concurrent.locks.AbstractQueuedSynchronizer$ConditionObject.awaitNanos(AbstractQueuedSynchronizer.java:2088)
	at java.util.concurrent.LinkedBlockingQueue.poll(LinkedBlockingQueue.java:467)
	at com.alibaba.nacos.naming.healthcheck.v2.processor.TcpHealthCheckProcessor.processTask(TcpHealthCheckProcessor.java:122)
	at com.alibaba.nacos.naming.healthcheck.v2.processor.TcpHealthCheckProcessor.run(TcpHealthCheckProcessor.java:139)
	at java.util.concurrent.Executors$RunnableAdapter.call(Executors.java:511)
	at java.util.concurrent.FutureTask.run(FutureTask.java:266)
	at java.util.concurrent.ThreadPoolExecutor.runWorker(ThreadPoolExecutor.java:1149)
	at java.util.concurrent.ThreadPoolExecutor$Worker.run(ThreadPoolExecutor.java:624)
	at java.lang.Thread.run(Thread.java:748)
2025-03-19 15:26:37,628 WARN naming.distro config will be removed, please use core.protocol.distro replace.

2025-03-19 15:26:37,628 WARN Using naming.distro config to replace core.distro config

2025-03-19 15:26:37,734 INFO open empty service auto clean job, initialDelay : 50000 ms, period : 30000 ms

2025-03-19 15:26:37,734 INFO listen for service meta change

2025-03-19 15:30:58,318 INFO Client connection 1742369406201_172.18.0.1_47118 disconnect, remove instances and subscribers

2025-03-19 15:33:07,117 INFO Client connection 1742369460749_172.18.0.1_47126 disconnect, remove instances and subscribers

2025-03-19 15:37:01,755 INFO Client connection 1742369589191_172.18.0.1_47242 disconnect, remove instances and subscribers

2025-03-19 15:37:20,630 INFO Client connection 1742369825755_172.18.0.1_48182 disconnect, remove instances and subscribers

2025-03-19 15:49:54,640 INFO Client connection 1742370220090_172.18.0.1_48760 disconnect, remove instances and subscribers

2025-03-19 15:51:41,226 INFO Client connection 1742370597095_172.18.0.1_48910 disconnect, remove instances and subscribers

2025-03-19 15:54:06,366 INFO Client connection 1742370703029_172.18.0.1_49082 disconnect, remove instances and subscribers

2025-03-19 17:04:09,383 INFO Client connection 1742374939410_172.18.0.1_52530 disconnect, remove instances and subscribers

2025-03-19 17:04:16,130 INFO Client connection 1742375051118_172.18.0.1_52564 disconnect, remove instances and subscribers

2025-03-19 17:05:39,503 INFO Client connection 1742375058942_172.18.0.1_52572 disconnect, remove instances and subscribers

