2025-03-19 15:26:37,620 INFO raft peers changed: [Member{ip='f5024875a02e', port=8848, state=UP, extendInfo={raftPort=7848, version=2.0.2}}]

2025-03-19 15:26:37,646 INFO initializing Raft sub-system

2025-03-19 15:26:37,647 INFO finish loading all datums, size: 0 cost 1 ms.

2025-03-19 15:26:37,649 INFO cache loaded, datum count: 0, current term: 0

2025-03-19 15:26:37,649 INFO finish to load data from disk, cost: 3 ms.

2025-03-19 15:26:37,651 INFO timer started: leader timeout ms: 15000, heart-beat timeout ms: 5000

2025-03-19 15:26:37,735 INFO add listener: com.alibaba.nacos.naming.domains.meta.

2025-03-19 15:26:38,146 INFO add listener: com.alibaba.nacos.naming.domains.meta.00-00---000-NACOS_SWITCH_DOMAIN-000---00-00

2025-03-19 15:26:42,641 WARN start to close old raft protocol!!!

2025-03-19 15:26:42,641 WARN stop old raft protocol task for notifier

2025-03-19 15:26:42,642 WARN stop old raft protocol task for master task

2025-03-19 15:26:42,642 WARN stop old raft protocol task for heartbeat task

2025-03-19 15:26:42,642 WARN clean old cache datum for old raft

2025-03-19 15:26:42,642 WARN start to close old raft protocol!!!

2025-03-19 15:26:42,642 WARN stop old raft protocol task for notifier

2025-03-19 15:26:42,642 WARN stop old raft protocol task for master task

2025-03-19 15:26:42,642 WARN stop old raft protocol task for heartbeat task

2025-03-19 15:26:42,642 WARN clean old cache datum for old raft

2025-03-19 15:26:42,642 WARN start to move old raft protocol metadata

2025-03-19 15:26:42,643 WARN start to move old raft protocol metadata

