2025-03-19 15:26:38,622 INFO Register tps control,pointName=CONFIG_PUSH_COUNT, point=com.alibaba.nacos.core.remote.control.TpsMonitorPoint@33b082c5 

2025-03-19 15:26:38,623 INFO Load rule from local,pointName=CONFIG_PUSH_COUNT, ruleContent= 

2025-03-19 15:26:38,623 INFO Apply tps control rule parse start,pointName=[CONFIG_PUSH_COUNT]  

2025-03-19 15:26:38,623 INFO Clear point  control rule ,pointName=[CONFIG_PUSH_COUNT]  

2025-03-19 15:26:38,623 INFO Clear point  control rule for monitorKeys, pointName=[CONFIG_PUSH_COUNT]  

2025-03-19 15:26:38,623 INFO Register tps control,pointName=CONFIG_PUSH_SUCCESS, point=com.alibaba.nacos.core.remote.control.TpsMonitorPoint@16073fa8 

2025-03-19 15:26:38,623 INFO Load rule from local,pointName=CONFIG_PUSH_SUCCESS, ruleContent= 

2025-03-19 15:26:38,623 INFO Apply tps control rule parse start,pointName=[CONFIG_PUSH_SUCCESS]  

2025-03-19 15:26:38,623 INFO Clear point  control rule ,pointName=[CONFIG_PUSH_SUCCESS]  

2025-03-19 15:26:38,623 INFO Clear point  control rule for monitorKeys, pointName=[CONFIG_PUSH_SUCCESS]  

2025-03-19 15:26:38,623 INFO Register tps control,pointName=CONFIG_PUSH_FAIL, point=com.alibaba.nacos.core.remote.control.TpsMonitorPoint@1cc9cfb2 

2025-03-19 15:26:38,623 INFO Load rule from local,pointName=CONFIG_PUSH_FAIL, ruleContent= 

2025-03-19 15:26:38,623 INFO Apply tps control rule parse start,pointName=[CONFIG_PUSH_FAIL]  

2025-03-19 15:26:38,624 INFO Clear point  control rule ,pointName=[CONFIG_PUSH_FAIL]  

2025-03-19 15:26:38,624 INFO Clear point  control rule for monitorKeys, pointName=[CONFIG_PUSH_FAIL]  

2025-03-19 15:26:40,988 INFO Register tps control,pointName=ConfigQuery, point=com.alibaba.nacos.core.remote.control.TpsMonitorPoint@7c8d5312 

2025-03-19 15:26:40,988 INFO Load rule from local,pointName=ConfigQuery, ruleContent= 

2025-03-19 15:26:40,988 INFO Apply tps control rule parse start,pointName=[ConfigQuery]  

2025-03-19 15:26:40,988 INFO Clear point  control rule ,pointName=[ConfigQuery]  

2025-03-19 15:26:40,988 INFO Clear point  control rule for monitorKeys, pointName=[ConfigQuery]  

2025-03-19 15:26:40,989 INFO Register tps control,pointName=ClusterConfigChangeNotify, point=com.alibaba.nacos.core.remote.control.TpsMonitorPoint@7636823f 

2025-03-19 15:26:40,989 INFO Load rule from local,pointName=ClusterConfigChangeNotify, ruleContent= 

2025-03-19 15:26:40,989 INFO Apply tps control rule parse start,pointName=[ClusterConfigChangeNotify]  

2025-03-19 15:26:40,989 INFO Clear point  control rule ,pointName=[ClusterConfigChangeNotify]  

2025-03-19 15:26:40,989 INFO Clear point  control rule for monitorKeys, pointName=[ClusterConfigChangeNotify]  

2025-03-19 15:26:40,989 INFO Register tps control,pointName=ConfigListen, point=com.alibaba.nacos.core.remote.control.TpsMonitorPoint@a0db585 

2025-03-19 15:26:40,989 INFO Load rule from local,pointName=ConfigListen, ruleContent= 

2025-03-19 15:26:40,989 INFO Apply tps control rule parse start,pointName=[ConfigListen]  

2025-03-19 15:26:40,989 INFO Clear point  control rule ,pointName=[ConfigListen]  

2025-03-19 15:26:40,989 INFO Clear point  control rule for monitorKeys, pointName=[ConfigListen]  

2025-03-19 15:26:40,989 INFO Register tps control,pointName=ConfigRemove, point=com.alibaba.nacos.core.remote.control.TpsMonitorPoint@2b34e38c 

2025-03-19 15:26:40,989 INFO Load rule from local,pointName=ConfigRemove, ruleContent= 

2025-03-19 15:26:40,989 INFO Apply tps control rule parse start,pointName=[ConfigRemove]  

2025-03-19 15:26:40,989 INFO Clear point  control rule ,pointName=[ConfigRemove]  

2025-03-19 15:26:40,989 INFO Clear point  control rule for monitorKeys, pointName=[ConfigRemove]  

2025-03-19 15:26:40,989 INFO Register tps control,pointName=ConfigPublish, point=com.alibaba.nacos.core.remote.control.TpsMonitorPoint@3d37203b 

2025-03-19 15:26:40,989 INFO Load rule from local,pointName=ConfigPublish, ruleContent= 

2025-03-19 15:26:40,989 INFO Apply tps control rule parse start,pointName=[ConfigPublish]  

2025-03-19 15:26:40,989 INFO Clear point  control rule ,pointName=[ConfigPublish]  

2025-03-19 15:26:40,989 INFO Clear point  control rule for monitorKeys, pointName=[ConfigPublish]  

2025-03-19 15:26:40,989 INFO Register tps control,pointName=HealthCheck, point=com.alibaba.nacos.core.remote.control.TpsMonitorPoint@7fd26ad8 

2025-03-19 15:26:40,989 INFO Load rule from local,pointName=HealthCheck, ruleContent= 

2025-03-19 15:26:40,989 INFO Apply tps control rule parse start,pointName=[HealthCheck]  

2025-03-19 15:26:40,989 INFO Clear point  control rule ,pointName=[HealthCheck]  

2025-03-19 15:26:40,989 INFO Clear point  control rule for monitorKeys, pointName=[HealthCheck]  

