2025-03-17 00:02:15,070 INFO SPI service [com.alipay.sofa.jraft.JRaftServiceFactory - com.alipay.sofa.jraft.core.DefaultJRaftServiceFactory] loading.

2025-03-17 00:02:15,130 INFO SPI service [com.alipay.sofa.jraft.rpc.RaftRpcFactory - com.alipay.sofa.jraft.rpc.impl.GrpcRaftRpcFactory] loading.

2025-03-17 00:02:15,248 INFO SPI service [com.alipay.sofa.jraft.util.JRaftSignalHandler - com.alipay.sofa.jraft.NodeDescribeSignalHandler] loading.

2025-03-17 00:02:15,249 INFO SPI service [com.alipay.sofa.jraft.util.JRaftSignalHandler - com.alipay.sofa.jraft.NodeMetricsSignalHandler] loading.

2025-03-17 00:02:15,249 INFO SPI service [com.alipay.sofa.jraft.util.JRaftSignalHandler - com.alipay.sofa.jraft.ThreadPoolMetricsSignalHandler] loading.

2025-03-17 00:02:15,251 INFO SPI service [com.alipay.sofa.jraft.util.timer.RaftTimerFactory - com.alipay.sofa.jraft.util.timer.DefaultRaftTimerFactory] loading.

2025-03-17 00:02:15,256 INFO The number of active nodes increment to 1.

2025-03-17 00:02:15,429 INFO Starts FSMCaller successfully.

2025-03-17 00:02:15,436 WARN No data for snapshot reader /home/nacos/data/protocol/raft/naming_persistent_service_v2/snapshot.

2025-03-17 00:02:15,437 INFO Node <naming_persistent_service_v2/be85063d579f:7848> target priority value has changed from: 0, to: -1.

2025-03-17 00:02:15,453 INFO Node <naming_persistent_service_v2/be85063d579f:7848> init, term=2, lastLogId=LogId [index=2, term=2], conf=be85063d579f:7848, oldConf=.

2025-03-17 00:02:15,454 INFO Node <naming_persistent_service_v2/be85063d579f:7848> start vote and grant vote self, term=2.

2025-03-17 00:02:15,472 INFO Save raft meta, path=/home/nacos/data/protocol/raft/naming_persistent_service_v2/meta-data, term=3, votedFor=be85063d579f:7848, cost time=16 ms

2025-03-17 00:02:15,472 INFO Node <naming_persistent_service_v2/be85063d579f:7848> become leader of group, term=3, conf=be85063d579f:7848, oldConf=.

2025-03-17 00:02:15,473 INFO -Djraft.recyclers.maxCapacityPerThread: 4096.

2025-03-17 00:02:15,475 WARN RPC server is not started in RaftGroupService.

2025-03-17 00:02:15,475 INFO Start the RaftGroupService successfully.

2025-03-17 00:02:15,482 INFO onLeaderStart: term=3.

2025-03-17 00:02:15,498 INFO The number of active nodes increment to 2.

2025-03-17 00:02:15,538 INFO Starts FSMCaller successfully.

2025-03-17 00:02:15,538 WARN No data for snapshot reader /home/nacos/data/protocol/raft/naming_instance_metadata/snapshot.

2025-03-17 00:02:15,538 INFO Node <naming_instance_metadata/be85063d579f:7848> target priority value has changed from: 0, to: -1.

2025-03-17 00:02:15,540 INFO Node <naming_instance_metadata/be85063d579f:7848> init, term=2, lastLogId=LogId [index=2, term=2], conf=be85063d579f:7848, oldConf=.

2025-03-17 00:02:15,540 INFO Node <naming_instance_metadata/be85063d579f:7848> start vote and grant vote self, term=2.

2025-03-17 00:02:15,541 WARN Channel in TRANSIENT_FAILURE state: be85063d579f:7848.

2025-03-17 00:02:15,541 WARN Channel in SHUTDOWN state: be85063d579f:7848.

2025-03-17 00:02:15,546 INFO Save raft meta, path=/home/nacos/data/protocol/raft/naming_instance_metadata/meta-data, term=3, votedFor=be85063d579f:7848, cost time=5 ms

2025-03-17 00:02:15,546 INFO Node <naming_instance_metadata/be85063d579f:7848> become leader of group, term=3, conf=be85063d579f:7848, oldConf=.

2025-03-17 00:02:15,546 WARN RPC server is not started in RaftGroupService.

2025-03-17 00:02:15,546 INFO Start the RaftGroupService successfully.

2025-03-17 00:02:15,547 INFO onLeaderStart: term=3.

2025-03-17 00:02:15,549 INFO The number of active nodes increment to 3.

2025-03-17 00:02:15,576 INFO Starts FSMCaller successfully.

2025-03-17 00:02:15,577 WARN No data for snapshot reader /home/nacos/data/protocol/raft/naming_service_metadata/snapshot.

2025-03-17 00:02:15,577 INFO Node <naming_service_metadata/be85063d579f:7848> target priority value has changed from: 0, to: -1.

2025-03-17 00:02:15,577 INFO Node <naming_service_metadata/be85063d579f:7848> init, term=2, lastLogId=LogId [index=2, term=2], conf=be85063d579f:7848, oldConf=.

2025-03-17 00:02:15,577 INFO Node <naming_service_metadata/be85063d579f:7848> start vote and grant vote self, term=2.

2025-03-17 00:02:15,579 INFO Save raft meta, path=/home/nacos/data/protocol/raft/naming_service_metadata/meta-data, term=3, votedFor=be85063d579f:7848, cost time=1 ms

2025-03-17 00:02:15,579 INFO Node <naming_service_metadata/be85063d579f:7848> become leader of group, term=3, conf=be85063d579f:7848, oldConf=.

2025-03-17 00:02:15,579 WARN RPC server is not started in RaftGroupService.

2025-03-17 00:02:15,580 INFO Start the RaftGroupService successfully.

2025-03-17 00:02:15,581 INFO onLeaderStart: term=3.

2025-03-17 00:23:27,199 INFO Deleting snapshot /home/nacos/data/protocol/raft/naming_instance_metadata/snapshot/snapshot_3.

2025-03-17 00:23:27,199 INFO Renaming /home/nacos/data/protocol/raft/naming_instance_metadata/snapshot/temp to /home/nacos/data/protocol/raft/naming_instance_metadata/snapshot/snapshot_3.

2025-03-17 00:27:29,028 INFO Deleting snapshot /home/nacos/data/protocol/raft/naming_persistent_service_v2/snapshot/snapshot_3.

2025-03-17 00:27:29,028 INFO Renaming /home/nacos/data/protocol/raft/naming_persistent_service_v2/snapshot/temp to /home/nacos/data/protocol/raft/naming_persistent_service_v2/snapshot/snapshot_3.

2025-03-17 00:27:41,700 INFO Deleting snapshot /home/nacos/data/protocol/raft/naming_service_metadata/snapshot/snapshot_3.

2025-03-17 00:27:41,701 INFO Renaming /home/nacos/data/protocol/raft/naming_service_metadata/snapshot/temp to /home/nacos/data/protocol/raft/naming_service_metadata/snapshot/snapshot_3.

2025-03-17 00:54:13,634 INFO Node <naming_service_metadata/be85063d579f:7848> shutdown, currTerm=3 state=STATE_LEADER.

2025-03-17 00:54:13,636 INFO Fail to find the next candidate.

2025-03-17 00:54:13,636 INFO onLeaderStop: status=Status[ESHUTDOWN<1007>: Raft node is going to quit.].

2025-03-17 00:54:14,133 INFO Save raft meta, path=/home/nacos/data/protocol/raft/naming_service_metadata/meta-data, term=3, votedFor=be85063d579f:7848, cost time=495 ms

2025-03-17 00:54:14,134 INFO Shutting down FSMCaller...

2025-03-17 00:54:14,135 INFO onShutdown.

2025-03-17 00:54:14,135 INFO ThreadPool is terminated: JRaft-RPC-Processor, com.alipay.sofa.jraft.util.MetricThreadPoolExecutor@ed35916[Shutting down, pool size = 0, active threads = 0, queued tasks = 0, completed tasks = 0].

2025-03-17 00:54:14,136 INFO ThreadPool is terminated: JRaft-Node-ScheduleThreadPool, com.alipay.sofa.jraft.util.MetricScheduledThreadPoolExecutor@48a5ff6f[Shutting down, pool size = 0, active threads = 0, queued tasks = 0, completed tasks = 0].

2025-03-17 00:54:14,136 INFO Destroy timer: RepeatedTimer{timeout=null, stopped=true, running=false, destroyed=true, invoking=false, timeoutMs=5000, name='JRaft-ElectionTimer-<naming_service_metadata/be85063d579f:7848>'}.

2025-03-17 00:54:14,136 INFO Destroy timer: RepeatedTimer{timeout=null, stopped=true, running=false, destroyed=true, invoking=false, timeoutMs=5000, name='JRaft-VoteTimer-<naming_service_metadata/be85063d579f:7848>'}.

2025-03-17 00:54:14,136 INFO Destroy timer: RepeatedTimer{timeout=null, stopped=true, running=false, destroyed=true, invoking=false, timeoutMs=2500, name='JRaft-StepDownTimer-<naming_service_metadata/be85063d579f:7848>'}.

2025-03-17 00:54:14,136 INFO Destroy timer: RepeatedTimer{timeout=null, stopped=true, running=false, destroyed=true, invoking=false, timeoutMs=1800000, name='JRaft-SnapshotTimer-<naming_service_metadata/be85063d579f:7848>'}.

2025-03-17 00:54:14,136 INFO Node <naming_service_metadata/be85063d579f:7848> shutdown, currTerm=3 state=STATE_SHUTTING.

2025-03-17 00:54:14,136 INFO The number of active nodes decrement to 2.

2025-03-17 00:54:14,136 INFO Stop the RaftGroupService successfully.

2025-03-17 00:54:14,136 INFO Node <naming_instance_metadata/be85063d579f:7848> shutdown, currTerm=3 state=STATE_LEADER.

2025-03-17 00:54:14,136 INFO Fail to find the next candidate.

2025-03-17 00:54:14,136 INFO onLeaderStop: status=Status[ESHUTDOWN<1007>: Raft node is going to quit.].

2025-03-17 00:54:14,140 INFO Save raft meta, path=/home/nacos/data/protocol/raft/naming_instance_metadata/meta-data, term=3, votedFor=be85063d579f:7848, cost time=3 ms

2025-03-17 00:54:14,140 INFO Shutting down FSMCaller...

2025-03-17 00:54:14,140 INFO onShutdown.

2025-03-17 00:54:14,140 INFO ThreadPool is terminated: JRaft-RPC-Processor, com.alipay.sofa.jraft.util.MetricThreadPoolExecutor@17bcbb77[Shutting down, pool size = 0, active threads = 0, queued tasks = 0, completed tasks = 0].

2025-03-17 00:54:14,141 INFO ThreadPool is terminated: JRaft-Node-ScheduleThreadPool, com.alipay.sofa.jraft.util.MetricScheduledThreadPoolExecutor@12f2a33d[Shutting down, pool size = 0, active threads = 0, queued tasks = 0, completed tasks = 0].

2025-03-17 00:54:14,141 INFO Destroy timer: RepeatedTimer{timeout=null, stopped=true, running=false, destroyed=true, invoking=false, timeoutMs=5000, name='JRaft-ElectionTimer-<naming_instance_metadata/be85063d579f:7848>'}.

2025-03-17 00:54:14,141 INFO Destroy timer: RepeatedTimer{timeout=null, stopped=true, running=false, destroyed=true, invoking=false, timeoutMs=5000, name='JRaft-VoteTimer-<naming_instance_metadata/be85063d579f:7848>'}.

2025-03-17 00:54:14,141 INFO Destroy timer: RepeatedTimer{timeout=null, stopped=true, running=false, destroyed=true, invoking=false, timeoutMs=2500, name='JRaft-StepDownTimer-<naming_instance_metadata/be85063d579f:7848>'}.

2025-03-17 00:54:14,141 INFO Destroy timer: RepeatedTimer{timeout=null, stopped=true, running=false, destroyed=true, invoking=false, timeoutMs=1800000, name='JRaft-SnapshotTimer-<naming_instance_metadata/be85063d579f:7848>'}.

2025-03-17 00:54:14,141 INFO The number of active nodes decrement to 1.

2025-03-17 00:54:14,141 INFO Node <naming_instance_metadata/be85063d579f:7848> shutdown, currTerm=3 state=STATE_SHUTTING.

2025-03-17 00:54:14,141 INFO Stop the RaftGroupService successfully.

2025-03-17 00:54:14,141 INFO Node <naming_persistent_service_v2/be85063d579f:7848> shutdown, currTerm=3 state=STATE_LEADER.

2025-03-17 00:54:14,141 INFO onLeaderStop: status=Status[ESHUTDOWN<1007>: Raft node is going to quit.].

2025-03-17 00:54:14,141 INFO Fail to find the next candidate.

2025-03-17 00:54:14,144 INFO Save raft meta, path=/home/nacos/data/protocol/raft/naming_persistent_service_v2/meta-data, term=3, votedFor=be85063d579f:7848, cost time=3 ms

2025-03-17 00:54:14,144 INFO Shutting down FSMCaller...

2025-03-17 00:54:14,144 INFO onShutdown.

2025-03-17 00:54:14,144 INFO ThreadPool is terminated: JRaft-RPC-Processor, com.alipay.sofa.jraft.util.MetricThreadPoolExecutor@6cae3375[Shutting down, pool size = 0, active threads = 0, queued tasks = 0, completed tasks = 0].

2025-03-17 00:54:14,144 INFO ThreadPool is terminated: JRaft-Node-ScheduleThreadPool, com.alipay.sofa.jraft.util.MetricScheduledThreadPoolExecutor@1e3b5a94[Shutting down, pool size = 0, active threads = 0, queued tasks = 0, completed tasks = 0].

2025-03-17 00:54:14,144 INFO The number of active nodes decrement to 0.

2025-03-17 00:54:14,146 INFO ThreadPool is terminated: JRaft-Global-ElectionTimer, com.alipay.sofa.jraft.util.MetricScheduledThreadPoolExecutor@61d0fbeb[Shutting down, pool size = 0, active threads = 0, queued tasks = 0, completed tasks = 3].

2025-03-17 00:54:14,146 INFO Destroy timer: RepeatedTimer{timeout=null, stopped=true, running=false, destroyed=true, invoking=false, timeoutMs=5000, name='JRaft-ElectionTimer-<naming_persistent_service_v2/be85063d579f:7848>'}.

2025-03-17 00:54:14,146 INFO ThreadPool is terminated: JRaft-Global-VoteTimer, com.alipay.sofa.jraft.util.MetricScheduledThreadPoolExecutor@64250f1e[Shutting down, pool size = 0, active threads = 0, queued tasks = 0, completed tasks = 3].

2025-03-17 00:54:14,146 INFO Destroy timer: RepeatedTimer{timeout=null, stopped=true, running=false, destroyed=true, invoking=false, timeoutMs=5000, name='JRaft-VoteTimer-<naming_persistent_service_v2/be85063d579f:7848>'}.

2025-03-17 00:54:14,147 INFO ThreadPool is terminated: JRaft-Global-StepDownTimer, com.alipay.sofa.jraft.util.MetricScheduledThreadPoolExecutor@7de0d4c2[Shutting down, pool size = 0, active threads = 0, queued tasks = 0, completed tasks = 3741].

2025-03-17 00:54:14,147 INFO Destroy timer: RepeatedTimer{timeout=null, stopped=true, running=false, destroyed=true, invoking=false, timeoutMs=2500, name='JRaft-StepDownTimer-<naming_persistent_service_v2/be85063d579f:7848>'}.

2025-03-17 00:54:14,150 INFO ThreadPool is terminated: JRaft-Global-SnapshotTimer, com.alipay.sofa.jraft.util.MetricScheduledThreadPoolExecutor@7c7de1a9[Shutting down, pool size = 0, active threads = 0, queued tasks = 0, completed tasks = 4].

2025-03-17 00:54:14,150 INFO Destroy timer: RepeatedTimer{timeout=null, stopped=true, running=false, destroyed=true, invoking=false, timeoutMs=1800000, name='JRaft-SnapshotTimer-<naming_persistent_service_v2/be85063d579f:7848>'}.

2025-03-17 00:54:14,151 INFO Node <naming_persistent_service_v2/be85063d579f:7848> shutdown, currTerm=3 state=STATE_SHUTTING.

2025-03-17 00:54:14,151 INFO Stop the RaftGroupService successfully.

2025-03-17 00:54:14,151 INFO Shutdown managed channel: be85063d579f:7848, ManagedChannelOrphanWrapper{delegate=ManagedChannelImpl{logId=10, target=be85063d579f:7848}}.

2025-03-17 00:54:14,156 INFO Connection disconnected: /172.18.0.3:45342

2025-03-17 00:54:14,157 INFO ThreadPool is terminated: JRaft-RPC-Processor, com.alipay.sofa.jraft.util.MetricThreadPoolExecutor@12bf50e6[Shutting down, pool size = 0, active threads = 0, queued tasks = 0, completed tasks = 2402].

2025-03-17 21:43:13,422 INFO SPI service [com.alipay.sofa.jraft.JRaftServiceFactory - com.alipay.sofa.jraft.core.DefaultJRaftServiceFactory] loading.

2025-03-17 21:43:13,470 INFO SPI service [com.alipay.sofa.jraft.rpc.RaftRpcFactory - com.alipay.sofa.jraft.rpc.impl.GrpcRaftRpcFactory] loading.

2025-03-17 21:43:13,588 INFO SPI service [com.alipay.sofa.jraft.util.JRaftSignalHandler - com.alipay.sofa.jraft.NodeDescribeSignalHandler] loading.

2025-03-17 21:43:13,588 INFO SPI service [com.alipay.sofa.jraft.util.JRaftSignalHandler - com.alipay.sofa.jraft.NodeMetricsSignalHandler] loading.

2025-03-17 21:43:13,589 INFO SPI service [com.alipay.sofa.jraft.util.JRaftSignalHandler - com.alipay.sofa.jraft.ThreadPoolMetricsSignalHandler] loading.

2025-03-17 21:43:13,591 INFO SPI service [com.alipay.sofa.jraft.util.timer.RaftTimerFactory - com.alipay.sofa.jraft.util.timer.DefaultRaftTimerFactory] loading.

2025-03-17 21:43:13,597 INFO The number of active nodes increment to 1.

2025-03-17 21:43:13,746 INFO Starts FSMCaller successfully.

2025-03-17 21:43:13,754 INFO Loading snapshot, meta=last_included_index: 3
last_included_term: 3
peers: "be85063d579f:7848"
.

2025-03-17 21:43:13,817 INFO Node <naming_persistent_service_v2/be85063d579f:7848> onSnapshotLoadDone, last_included_index: 3
last_included_term: 3
peers: "be85063d579f:7848"


2025-03-17 21:43:13,818 INFO Node <naming_persistent_service_v2/be85063d579f:7848> target priority value has changed from: 0, to: -1.

2025-03-17 21:43:13,835 INFO Node <naming_persistent_service_v2/be85063d579f:7848> init, term=3, lastLogId=LogId [index=3, term=3], conf=be85063d579f:7848, oldConf=.

2025-03-17 21:43:13,836 INFO Node <naming_persistent_service_v2/be85063d579f:7848> start vote and grant vote self, term=3.

2025-03-17 21:43:13,846 INFO Save raft meta, path=/home/nacos/data/protocol/raft/naming_persistent_service_v2/meta-data, term=4, votedFor=be85063d579f:7848, cost time=8 ms

2025-03-17 21:43:13,846 INFO Node <naming_persistent_service_v2/be85063d579f:7848> become leader of group, term=4, conf=be85063d579f:7848, oldConf=.

2025-03-17 21:43:13,848 INFO -Djraft.recyclers.maxCapacityPerThread: 4096.

2025-03-17 21:43:13,850 WARN RPC server is not started in RaftGroupService.

2025-03-17 21:43:13,850 INFO Start the RaftGroupService successfully.

2025-03-17 21:43:13,856 INFO onLeaderStart: term=4.

2025-03-17 21:43:13,871 INFO The number of active nodes increment to 2.

2025-03-17 21:43:13,899 INFO Starts FSMCaller successfully.

2025-03-17 21:43:13,900 INFO Loading snapshot, meta=last_included_index: 3
last_included_term: 3
peers: "be85063d579f:7848"
.

2025-03-17 21:43:13,902 INFO Node <naming_instance_metadata/be85063d579f:7848> onSnapshotLoadDone, last_included_index: 3
last_included_term: 3
peers: "be85063d579f:7848"


2025-03-17 21:43:13,902 INFO Node <naming_instance_metadata/be85063d579f:7848> target priority value has changed from: 0, to: -1.

2025-03-17 21:43:13,903 INFO Node <naming_instance_metadata/be85063d579f:7848> init, term=3, lastLogId=LogId [index=3, term=3], conf=be85063d579f:7848, oldConf=.

2025-03-17 21:43:13,903 INFO Node <naming_instance_metadata/be85063d579f:7848> start vote and grant vote self, term=3.

2025-03-17 21:43:13,908 INFO Save raft meta, path=/home/nacos/data/protocol/raft/naming_instance_metadata/meta-data, term=4, votedFor=be85063d579f:7848, cost time=4 ms

2025-03-17 21:43:13,908 INFO Node <naming_instance_metadata/be85063d579f:7848> become leader of group, term=4, conf=be85063d579f:7848, oldConf=.

2025-03-17 21:43:13,908 WARN RPC server is not started in RaftGroupService.

2025-03-17 21:43:13,908 INFO Start the RaftGroupService successfully.

2025-03-17 21:43:13,910 INFO onLeaderStart: term=4.

2025-03-17 21:43:13,913 INFO The number of active nodes increment to 3.

2025-03-17 21:43:13,917 WARN Channel in TRANSIENT_FAILURE state: be85063d579f:7848.

2025-03-17 21:43:13,917 WARN Channel in SHUTDOWN state: be85063d579f:7848.

2025-03-17 21:43:13,950 INFO Starts FSMCaller successfully.

2025-03-17 21:43:13,950 INFO Loading snapshot, meta=last_included_index: 3
last_included_term: 3
peers: "be85063d579f:7848"
.

2025-03-17 21:43:13,951 INFO Node <naming_service_metadata/be85063d579f:7848> onSnapshotLoadDone, last_included_index: 3
last_included_term: 3
peers: "be85063d579f:7848"


2025-03-17 21:43:13,951 INFO Node <naming_service_metadata/be85063d579f:7848> target priority value has changed from: 0, to: -1.

2025-03-17 21:43:13,952 INFO Node <naming_service_metadata/be85063d579f:7848> init, term=3, lastLogId=LogId [index=3, term=3], conf=be85063d579f:7848, oldConf=.

2025-03-17 21:43:13,952 INFO Node <naming_service_metadata/be85063d579f:7848> start vote and grant vote self, term=3.

2025-03-17 21:43:13,956 INFO Save raft meta, path=/home/nacos/data/protocol/raft/naming_service_metadata/meta-data, term=4, votedFor=be85063d579f:7848, cost time=1 ms

2025-03-17 21:43:13,956 INFO Node <naming_service_metadata/be85063d579f:7848> become leader of group, term=4, conf=be85063d579f:7848, oldConf=.

2025-03-17 21:43:13,956 WARN RPC server is not started in RaftGroupService.

2025-03-17 21:43:13,956 INFO Start the RaftGroupService successfully.

2025-03-17 21:43:13,957 INFO onLeaderStart: term=4.

2025-03-17 21:58:42,460 INFO Node <naming_service_metadata/be85063d579f:7848> shutdown, currTerm=4 state=STATE_LEADER.

2025-03-17 21:58:42,461 INFO Fail to find the next candidate.

2025-03-17 21:58:42,461 INFO onLeaderStop: status=Status[ESHUTDOWN<1007>: Raft node is going to quit.].

2025-03-17 21:58:42,464 INFO Save raft meta, path=/home/nacos/data/protocol/raft/naming_service_metadata/meta-data, term=4, votedFor=be85063d579f:7848, cost time=2 ms

2025-03-17 21:58:42,464 INFO Shutting down FSMCaller...

2025-03-17 21:58:42,464 INFO onShutdown.

2025-03-17 21:58:42,465 INFO ThreadPool is terminated: JRaft-RPC-Processor, com.alipay.sofa.jraft.util.MetricThreadPoolExecutor@30f0cae8[Shutting down, pool size = 0, active threads = 0, queued tasks = 0, completed tasks = 0].

2025-03-17 21:58:42,465 INFO ThreadPool is terminated: JRaft-Node-ScheduleThreadPool, com.alipay.sofa.jraft.util.MetricScheduledThreadPoolExecutor@79f114bd[Shutting down, pool size = 0, active threads = 0, queued tasks = 0, completed tasks = 0].

2025-03-17 21:58:42,465 INFO Destroy timer: RepeatedTimer{timeout=null, stopped=true, running=false, destroyed=true, invoking=false, timeoutMs=5000, name='JRaft-ElectionTimer-<naming_service_metadata/be85063d579f:7848>'}.

2025-03-17 21:58:42,465 INFO Destroy timer: RepeatedTimer{timeout=null, stopped=true, running=false, destroyed=true, invoking=false, timeoutMs=5000, name='JRaft-VoteTimer-<naming_service_metadata/be85063d579f:7848>'}.

2025-03-17 21:58:42,465 INFO Destroy timer: RepeatedTimer{timeout=null, stopped=true, running=false, destroyed=true, invoking=false, timeoutMs=2500, name='JRaft-StepDownTimer-<naming_service_metadata/be85063d579f:7848>'}.

2025-03-17 21:58:42,465 INFO The number of active nodes decrement to 2.

2025-03-17 21:58:42,465 INFO Destroy timer: RepeatedTimer{timeout=null, stopped=true, running=false, destroyed=true, invoking=false, timeoutMs=1800000, name='JRaft-SnapshotTimer-<naming_service_metadata/be85063d579f:7848>'}.

2025-03-17 21:58:42,465 INFO Node <naming_service_metadata/be85063d579f:7848> shutdown, currTerm=4 state=STATE_SHUTTING.

2025-03-17 21:58:42,465 INFO Stop the RaftGroupService successfully.

2025-03-17 21:58:42,465 INFO Node <naming_instance_metadata/be85063d579f:7848> shutdown, currTerm=4 state=STATE_LEADER.

2025-03-17 21:58:42,465 INFO Fail to find the next candidate.

2025-03-17 21:58:42,465 INFO onLeaderStop: status=Status[ESHUTDOWN<1007>: Raft node is going to quit.].

2025-03-17 21:58:42,467 INFO Save raft meta, path=/home/nacos/data/protocol/raft/naming_instance_metadata/meta-data, term=4, votedFor=be85063d579f:7848, cost time=2 ms

2025-03-17 21:58:42,467 INFO Shutting down FSMCaller...

2025-03-17 21:58:42,467 INFO onShutdown.

2025-03-17 21:58:42,468 INFO ThreadPool is terminated: JRaft-RPC-Processor, com.alipay.sofa.jraft.util.MetricThreadPoolExecutor@5b999f2[Shutting down, pool size = 0, active threads = 0, queued tasks = 0, completed tasks = 0].

2025-03-17 21:58:42,468 INFO ThreadPool is terminated: JRaft-Node-ScheduleThreadPool, com.alipay.sofa.jraft.util.MetricScheduledThreadPoolExecutor@3870db9d[Shutting down, pool size = 0, active threads = 0, queued tasks = 0, completed tasks = 0].

2025-03-17 21:58:42,468 INFO Destroy timer: RepeatedTimer{timeout=null, stopped=true, running=false, destroyed=true, invoking=false, timeoutMs=5000, name='JRaft-ElectionTimer-<naming_instance_metadata/be85063d579f:7848>'}.

2025-03-17 21:58:42,468 INFO Destroy timer: RepeatedTimer{timeout=null, stopped=true, running=false, destroyed=true, invoking=false, timeoutMs=5000, name='JRaft-VoteTimer-<naming_instance_metadata/be85063d579f:7848>'}.

2025-03-17 21:58:42,468 INFO Destroy timer: RepeatedTimer{timeout=null, stopped=true, running=false, destroyed=true, invoking=false, timeoutMs=2500, name='JRaft-StepDownTimer-<naming_instance_metadata/be85063d579f:7848>'}.

2025-03-17 21:58:42,468 INFO Destroy timer: RepeatedTimer{timeout=null, stopped=true, running=false, destroyed=true, invoking=false, timeoutMs=1800000, name='JRaft-SnapshotTimer-<naming_instance_metadata/be85063d579f:7848>'}.

2025-03-17 21:58:42,468 INFO The number of active nodes decrement to 1.

2025-03-17 21:58:42,468 INFO Node <naming_instance_metadata/be85063d579f:7848> shutdown, currTerm=4 state=STATE_SHUTTING.

2025-03-17 21:58:42,468 INFO Stop the RaftGroupService successfully.

2025-03-17 21:58:42,468 INFO Node <naming_persistent_service_v2/be85063d579f:7848> shutdown, currTerm=4 state=STATE_LEADER.

2025-03-17 21:58:42,468 INFO Fail to find the next candidate.

2025-03-17 21:58:42,468 INFO onLeaderStop: status=Status[ESHUTDOWN<1007>: Raft node is going to quit.].

2025-03-17 21:58:42,470 INFO Save raft meta, path=/home/nacos/data/protocol/raft/naming_persistent_service_v2/meta-data, term=4, votedFor=be85063d579f:7848, cost time=2 ms

2025-03-17 21:58:42,470 INFO Shutting down FSMCaller...

2025-03-17 21:58:42,470 INFO onShutdown.

2025-03-17 21:58:42,470 INFO ThreadPool is terminated: JRaft-RPC-Processor, com.alipay.sofa.jraft.util.MetricThreadPoolExecutor@3f1cd887[Shutting down, pool size = 0, active threads = 0, queued tasks = 0, completed tasks = 0].

2025-03-17 21:58:42,470 INFO ThreadPool is terminated: JRaft-Node-ScheduleThreadPool, com.alipay.sofa.jraft.util.MetricScheduledThreadPoolExecutor@7623a09f[Shutting down, pool size = 0, active threads = 0, queued tasks = 0, completed tasks = 0].

2025-03-17 21:58:42,470 INFO The number of active nodes decrement to 0.

2025-03-17 21:58:42,472 INFO ThreadPool is terminated: JRaft-Global-ElectionTimer, com.alipay.sofa.jraft.util.MetricScheduledThreadPoolExecutor@7786f3fc[Shutting down, pool size = 0, active threads = 0, queued tasks = 0, completed tasks = 3].

2025-03-17 21:58:42,472 INFO Destroy timer: RepeatedTimer{timeout=null, stopped=true, running=false, destroyed=true, invoking=false, timeoutMs=5000, name='JRaft-ElectionTimer-<naming_persistent_service_v2/be85063d579f:7848>'}.

2025-03-17 21:58:42,472 INFO ThreadPool is terminated: JRaft-Global-VoteTimer, com.alipay.sofa.jraft.util.MetricScheduledThreadPoolExecutor@573862e8[Shutting down, pool size = 0, active threads = 0, queued tasks = 0, completed tasks = 3].

2025-03-17 21:58:42,472 INFO Destroy timer: RepeatedTimer{timeout=null, stopped=true, running=false, destroyed=true, invoking=false, timeoutMs=5000, name='JRaft-VoteTimer-<naming_persistent_service_v2/be85063d579f:7848>'}.

2025-03-17 21:58:42,472 INFO ThreadPool is terminated: JRaft-Global-StepDownTimer, com.alipay.sofa.jraft.util.MetricScheduledThreadPoolExecutor@20c6cbab[Shutting down, pool size = 0, active threads = 0, queued tasks = 0, completed tasks = 1113].

2025-03-17 21:58:42,472 INFO Destroy timer: RepeatedTimer{timeout=null, stopped=true, running=false, destroyed=true, invoking=false, timeoutMs=2500, name='JRaft-StepDownTimer-<naming_persistent_service_v2/be85063d579f:7848>'}.

2025-03-17 21:58:42,473 INFO ThreadPool is terminated: JRaft-Global-SnapshotTimer, com.alipay.sofa.jraft.util.MetricScheduledThreadPoolExecutor@45db7298[Shutting down, pool size = 0, active threads = 0, queued tasks = 0, completed tasks = 0].

2025-03-17 21:58:42,473 INFO Destroy timer: RepeatedTimer{timeout=null, stopped=true, running=false, destroyed=true, invoking=false, timeoutMs=1800000, name='JRaft-SnapshotTimer-<naming_persistent_service_v2/be85063d579f:7848>'}.

2025-03-17 21:58:42,473 INFO Node <naming_persistent_service_v2/be85063d579f:7848> shutdown, currTerm=4 state=STATE_SHUTTING.

2025-03-17 21:58:42,473 INFO Stop the RaftGroupService successfully.

2025-03-17 21:58:42,473 INFO Shutdown managed channel: be85063d579f:7848, ManagedChannelOrphanWrapper{delegate=ManagedChannelImpl{logId=10, target=be85063d579f:7848}}.

2025-03-17 21:58:42,478 INFO Connection disconnected: /172.18.0.6:48876

2025-03-17 21:58:42,479 INFO ThreadPool is terminated: JRaft-RPC-Processor, com.alipay.sofa.jraft.util.MetricThreadPoolExecutor@755b00c4[Shutting down, pool size = 0, active threads = 0, queued tasks = 0, completed tasks = 786].

2025-03-17 21:58:59,753 INFO SPI service [com.alipay.sofa.jraft.JRaftServiceFactory - com.alipay.sofa.jraft.core.DefaultJRaftServiceFactory] loading.

2025-03-17 21:58:59,803 INFO SPI service [com.alipay.sofa.jraft.rpc.RaftRpcFactory - com.alipay.sofa.jraft.rpc.impl.GrpcRaftRpcFactory] loading.

2025-03-17 21:58:59,972 INFO SPI service [com.alipay.sofa.jraft.util.JRaftSignalHandler - com.alipay.sofa.jraft.NodeDescribeSignalHandler] loading.

2025-03-17 21:58:59,973 INFO SPI service [com.alipay.sofa.jraft.util.JRaftSignalHandler - com.alipay.sofa.jraft.NodeMetricsSignalHandler] loading.

2025-03-17 21:58:59,974 INFO SPI service [com.alipay.sofa.jraft.util.JRaftSignalHandler - com.alipay.sofa.jraft.ThreadPoolMetricsSignalHandler] loading.

2025-03-17 21:58:59,978 INFO SPI service [com.alipay.sofa.jraft.util.timer.RaftTimerFactory - com.alipay.sofa.jraft.util.timer.DefaultRaftTimerFactory] loading.

2025-03-17 21:58:59,987 INFO The number of active nodes increment to 1.

2025-03-17 21:59:00,652 INFO Starts FSMCaller successfully.

2025-03-17 21:59:00,659 INFO Loading snapshot, meta=last_included_index: 3
last_included_term: 3
peers: "be85063d579f:7848"
.

2025-03-17 21:59:00,725 INFO Node <naming_persistent_service_v2/be85063d579f:7848> onSnapshotLoadDone, last_included_index: 3
last_included_term: 3
peers: "be85063d579f:7848"


2025-03-17 21:59:00,725 INFO Node <naming_persistent_service_v2/be85063d579f:7848> target priority value has changed from: 0, to: -1.

2025-03-17 21:59:00,747 INFO Node <naming_persistent_service_v2/be85063d579f:7848> init, term=4, lastLogId=LogId [index=4, term=4], conf=be85063d579f:7848, oldConf=.

2025-03-17 21:59:00,749 INFO Node <naming_persistent_service_v2/be85063d579f:7848> start vote and grant vote self, term=4.

2025-03-17 21:59:00,799 INFO Save raft meta, path=/home/nacos/data/protocol/raft/naming_persistent_service_v2/meta-data, term=5, votedFor=be85063d579f:7848, cost time=47 ms

2025-03-17 21:59:00,799 INFO Node <naming_persistent_service_v2/be85063d579f:7848> become leader of group, term=5, conf=be85063d579f:7848, oldConf=.

2025-03-17 21:59:00,801 INFO -Djraft.recyclers.maxCapacityPerThread: 4096.

2025-03-17 21:59:00,802 WARN RPC server is not started in RaftGroupService.

2025-03-17 21:59:00,802 INFO Start the RaftGroupService successfully.

2025-03-17 21:59:00,813 INFO onLeaderStart: term=5.

2025-03-17 21:59:00,822 INFO The number of active nodes increment to 2.

2025-03-17 21:59:00,848 INFO Starts FSMCaller successfully.

2025-03-17 21:59:00,848 INFO Loading snapshot, meta=last_included_index: 3
last_included_term: 3
peers: "be85063d579f:7848"
.

2025-03-17 21:59:00,850 INFO Node <naming_instance_metadata/be85063d579f:7848> onSnapshotLoadDone, last_included_index: 3
last_included_term: 3
peers: "be85063d579f:7848"


2025-03-17 21:59:00,850 INFO Node <naming_instance_metadata/be85063d579f:7848> target priority value has changed from: 0, to: -1.

2025-03-17 21:59:00,851 INFO Node <naming_instance_metadata/be85063d579f:7848> init, term=4, lastLogId=LogId [index=4, term=4], conf=be85063d579f:7848, oldConf=.

2025-03-17 21:59:00,851 INFO Node <naming_instance_metadata/be85063d579f:7848> start vote and grant vote self, term=4.

2025-03-17 21:59:00,854 INFO Save raft meta, path=/home/nacos/data/protocol/raft/naming_instance_metadata/meta-data, term=5, votedFor=be85063d579f:7848, cost time=2 ms

2025-03-17 21:59:00,854 INFO Node <naming_instance_metadata/be85063d579f:7848> become leader of group, term=5, conf=be85063d579f:7848, oldConf=.

2025-03-17 21:59:00,854 WARN RPC server is not started in RaftGroupService.

2025-03-17 21:59:00,854 INFO Start the RaftGroupService successfully.

2025-03-17 21:59:00,855 INFO onLeaderStart: term=5.

2025-03-17 21:59:00,857 INFO The number of active nodes increment to 3.

2025-03-17 21:59:00,882 WARN Channel in TRANSIENT_FAILURE state: be85063d579f:7848.

2025-03-17 21:59:00,882 WARN Channel in SHUTDOWN state: be85063d579f:7848.

2025-03-17 21:59:00,889 INFO Starts FSMCaller successfully.

2025-03-17 21:59:00,889 INFO Loading snapshot, meta=last_included_index: 3
last_included_term: 3
peers: "be85063d579f:7848"
.

2025-03-17 21:59:00,890 INFO Node <naming_service_metadata/be85063d579f:7848> onSnapshotLoadDone, last_included_index: 3
last_included_term: 3
peers: "be85063d579f:7848"


2025-03-17 21:59:00,890 INFO Node <naming_service_metadata/be85063d579f:7848> target priority value has changed from: 0, to: -1.

2025-03-17 21:59:00,891 INFO Node <naming_service_metadata/be85063d579f:7848> init, term=4, lastLogId=LogId [index=4, term=4], conf=be85063d579f:7848, oldConf=.

2025-03-17 21:59:00,891 INFO Node <naming_service_metadata/be85063d579f:7848> start vote and grant vote self, term=4.

2025-03-17 21:59:00,894 INFO Save raft meta, path=/home/nacos/data/protocol/raft/naming_service_metadata/meta-data, term=5, votedFor=be85063d579f:7848, cost time=3 ms

2025-03-17 21:59:00,895 INFO Node <naming_service_metadata/be85063d579f:7848> become leader of group, term=5, conf=be85063d579f:7848, oldConf=.

2025-03-17 21:59:00,895 WARN RPC server is not started in RaftGroupService.

2025-03-17 21:59:00,895 INFO Start the RaftGroupService successfully.

2025-03-17 21:59:00,897 INFO onLeaderStart: term=5.

2025-03-17 22:17:50,531 INFO Deleting snapshot /home/nacos/data/protocol/raft/naming_persistent_service_v2/snapshot/snapshot_5.

2025-03-17 22:17:50,531 INFO Renaming /home/nacos/data/protocol/raft/naming_persistent_service_v2/snapshot/temp to /home/nacos/data/protocol/raft/naming_persistent_service_v2/snapshot/snapshot_5.

2025-03-17 22:17:50,531 INFO Deleting snapshot /home/nacos/data/protocol/raft/naming_persistent_service_v2/snapshot/snapshot_3.

2025-03-17 22:20:49,296 INFO Deleting snapshot /home/nacos/data/protocol/raft/naming_instance_metadata/snapshot/snapshot_5.

2025-03-17 22:20:49,296 INFO Renaming /home/nacos/data/protocol/raft/naming_instance_metadata/snapshot/temp to /home/nacos/data/protocol/raft/naming_instance_metadata/snapshot/snapshot_5.

2025-03-17 22:20:49,296 INFO Deleting snapshot /home/nacos/data/protocol/raft/naming_instance_metadata/snapshot/snapshot_3.

2025-03-17 22:22:16,532 INFO Deleting snapshot /home/nacos/data/protocol/raft/naming_service_metadata/snapshot/snapshot_5.

2025-03-17 22:22:16,532 INFO Renaming /home/nacos/data/protocol/raft/naming_service_metadata/snapshot/temp to /home/nacos/data/protocol/raft/naming_service_metadata/snapshot/snapshot_5.

2025-03-17 22:22:16,532 INFO Deleting snapshot /home/nacos/data/protocol/raft/naming_service_metadata/snapshot/snapshot_3.

