2025-03-17 00:02:07,329 INFO notifyConnectTimeout:200

2025-03-17 00:02:07,336 INFO notifySocketTimeout:8000

2025-03-17 00:02:07,336 INFO isHealthCheck:true

2025-03-17 00:02:07,336 INFO maxHealthCheckFailCount:12

2025-03-17 00:02:07,337 INFO maxContent:10485760

2025-03-17 00:02:07,337 INFO spring.datasource.platform:""

2025-03-17 00:02:12,115 INFO use local db service for init

2025-03-17 00:02:12,795 WARN Lexical error at line 4, column 66.  Encountered: <EOF> after : "".

2025-03-17 00:02:12,799 WARN Syntax error: Encountered "*" at line 1, column 1.

2025-03-17 00:02:12,841 WARN Table/View 'CONFIG_INFO' already exists in Schema 'NACOS'.

2025-03-17 00:02:12,878 WARN Table/View 'HIS_CONFIG_INFO' already exists in Schema 'NACOS'.

2025-03-17 00:02:12,897 WARN Table/View 'CONFIG_INFO_BETA' already exists in Schema 'NACOS'.

2025-03-17 00:02:12,904 WARN Table/View 'CONFIG_INFO_TAG' already exists in Schema 'NACOS'.

2025-03-17 00:02:12,911 WARN Table/View 'CONFIG_INFO_AGGR' already exists in Schema 'NACOS'.

2025-03-17 00:02:12,918 WARN Table/View 'APP_LIST' already exists in Schema 'NACOS'.

2025-03-17 00:02:12,925 WARN Table/View 'APP_CONFIGDATA_RELATION_SUBS' already exists in Schema 'NACOS'.

2025-03-17 00:02:12,931 WARN Table/View 'APP_CONFIGDATA_RELATION_PUBS' already exists in Schema 'NACOS'.

2025-03-17 00:02:12,938 WARN Table/View 'CONFIG_TAGS_RELATION' already exists in Schema 'NACOS'.

2025-03-17 00:02:12,950 WARN Table/View 'GROUP_CAPACITY' already exists in Schema 'NACOS'.

2025-03-17 00:02:12,956 WARN Table/View 'TENANT_CAPACITY' already exists in Schema 'NACOS'.

2025-03-17 00:02:12,963 WARN Table/View 'TENANT_INFO' already exists in Schema 'NACOS'.

2025-03-17 00:02:12,973 WARN Table/View 'USERS' already exists in Schema 'NACOS'.

2025-03-17 00:02:12,980 WARN Table/View 'ROLES' already exists in Schema 'NACOS'.

2025-03-17 00:02:12,985 WARN Table/View 'PERMISSIONS' already exists in Schema 'NACOS'.

2025-03-17 00:02:13,030 WARN The statement was aborted because it would have caused a duplicate key value in a unique or primary key constraint or unique index identified by 'SQL250316204413330' defined on 'USERS'.

2025-03-17 00:02:13,035 WARN The statement was aborted because it would have caused a duplicate key value in a unique or primary key constraint or unique index identified by 'UK_USERNAME_ROLE' defined on 'ROLES'.

2025-03-17 00:02:13,035 WARN Lexical error at line 4, column 13.  Encountered: "`" (96), after : "".

2025-03-17 00:02:13,035 WARN Lexical error at line 1, column 13.  Encountered: "`" (96), after : "".

2025-03-17 00:02:13,036 WARN Lexical error at line 1, column 13.  Encountered: "`" (96), after : "".

2025-03-17 00:02:13,036 WARN Lexical error at line 1, column 13.  Encountered: "`" (96), after : "".

2025-03-17 00:02:13,036 INFO use StandaloneDatabaseOperateImpl

2025-03-17 00:02:13,961 WARN DumpService start

2025-03-17 00:02:13,964 INFO start clear all config-info.

2025-03-17 00:02:13,965 WARN clear all config-info failed.

2025-03-17 00:02:13,965 WARN clear all config-info-tenant failed.

2025-03-17 00:02:14,212 INFO [all-dump] 875358692663382016 / 875358692663382016

2025-03-17 00:02:14,212 INFO start clear all config-info-beta.

2025-03-17 00:02:14,212 WARN clear all config-info-beta failed.

2025-03-17 00:02:14,212 WARN clear all config-info-beta-tenant failed.

2025-03-17 00:02:14,224 INFO start clear all config-info-tag.

2025-03-17 00:02:14,224 WARN clear all config-info-tag failed.

2025-03-17 00:02:14,224 WARN clear all config-info-tag-tenant failed.

2025-03-17 21:43:06,241 INFO notifyConnectTimeout:200

2025-03-17 21:43:06,245 INFO notifySocketTimeout:8000

2025-03-17 21:43:06,246 INFO isHealthCheck:true

2025-03-17 21:43:06,246 INFO maxHealthCheckFailCount:12

2025-03-17 21:43:06,246 INFO maxContent:10485760

2025-03-17 21:43:06,246 INFO spring.datasource.platform:""

2025-03-17 21:43:10,750 INFO use local db service for init

2025-03-17 21:43:11,204 WARN Lexical error at line 4, column 66.  Encountered: <EOF> after : "".

2025-03-17 21:43:11,207 WARN Syntax error: Encountered "*" at line 1, column 1.

2025-03-17 21:43:11,242 WARN Table/View 'CONFIG_INFO' already exists in Schema 'NACOS'.

2025-03-17 21:43:11,274 WARN Table/View 'HIS_CONFIG_INFO' already exists in Schema 'NACOS'.

2025-03-17 21:43:11,290 WARN Table/View 'CONFIG_INFO_BETA' already exists in Schema 'NACOS'.

2025-03-17 21:43:11,296 WARN Table/View 'CONFIG_INFO_TAG' already exists in Schema 'NACOS'.

2025-03-17 21:43:11,305 WARN Table/View 'CONFIG_INFO_AGGR' already exists in Schema 'NACOS'.

2025-03-17 21:43:11,312 WARN Table/View 'APP_LIST' already exists in Schema 'NACOS'.

2025-03-17 21:43:11,318 WARN Table/View 'APP_CONFIGDATA_RELATION_SUBS' already exists in Schema 'NACOS'.

2025-03-17 21:43:11,324 WARN Table/View 'APP_CONFIGDATA_RELATION_PUBS' already exists in Schema 'NACOS'.

2025-03-17 21:43:11,330 WARN Table/View 'CONFIG_TAGS_RELATION' already exists in Schema 'NACOS'.

2025-03-17 21:43:11,340 WARN Table/View 'GROUP_CAPACITY' already exists in Schema 'NACOS'.

2025-03-17 21:43:11,346 WARN Table/View 'TENANT_CAPACITY' already exists in Schema 'NACOS'.

2025-03-17 21:43:11,352 WARN Table/View 'TENANT_INFO' already exists in Schema 'NACOS'.

2025-03-17 21:43:11,360 WARN Table/View 'USERS' already exists in Schema 'NACOS'.

2025-03-17 21:43:11,365 WARN Table/View 'ROLES' already exists in Schema 'NACOS'.

2025-03-17 21:43:11,370 WARN Table/View 'PERMISSIONS' already exists in Schema 'NACOS'.

2025-03-17 21:43:11,410 WARN The statement was aborted because it would have caused a duplicate key value in a unique or primary key constraint or unique index identified by 'SQL250316204413330' defined on 'USERS'.

2025-03-17 21:43:11,415 WARN The statement was aborted because it would have caused a duplicate key value in a unique or primary key constraint or unique index identified by 'UK_USERNAME_ROLE' defined on 'ROLES'.

2025-03-17 21:43:11,415 WARN Lexical error at line 4, column 13.  Encountered: "`" (96), after : "".

2025-03-17 21:43:11,416 WARN Lexical error at line 1, column 13.  Encountered: "`" (96), after : "".

2025-03-17 21:43:11,416 WARN Lexical error at line 1, column 13.  Encountered: "`" (96), after : "".

2025-03-17 21:43:11,416 WARN Lexical error at line 1, column 13.  Encountered: "`" (96), after : "".

2025-03-17 21:43:11,416 INFO use StandaloneDatabaseOperateImpl

2025-03-17 21:43:12,304 WARN DumpService start

2025-03-17 21:43:12,305 INFO start clear all config-info.

2025-03-17 21:43:12,305 WARN clear all config-info failed.

2025-03-17 21:43:12,305 WARN clear all config-info-tenant failed.

2025-03-17 21:43:12,572 INFO [all-dump] 875358692663382016 / 875358692663382016

2025-03-17 21:43:12,572 INFO start clear all config-info-beta.

2025-03-17 21:43:12,572 WARN clear all config-info-beta failed.

2025-03-17 21:43:12,572 WARN clear all config-info-beta-tenant failed.

2025-03-17 21:43:12,585 INFO start clear all config-info-tag.

2025-03-17 21:43:12,585 WARN clear all config-info-tag failed.

2025-03-17 21:43:12,585 WARN clear all config-info-tag-tenant failed.

2025-03-17 21:58:52,247 INFO notifyConnectTimeout:200

2025-03-17 21:58:52,250 INFO notifySocketTimeout:8000

2025-03-17 21:58:52,250 INFO isHealthCheck:true

2025-03-17 21:58:52,250 INFO maxHealthCheckFailCount:12

2025-03-17 21:58:52,250 INFO maxContent:10485760

2025-03-17 21:58:52,251 INFO spring.datasource.platform:""

2025-03-17 21:58:56,990 INFO use local db service for init

2025-03-17 21:58:57,615 WARN Lexical error at line 4, column 66.  Encountered: <EOF> after : "".

2025-03-17 21:58:57,618 WARN Syntax error: Encountered "*" at line 1, column 1.

2025-03-17 21:58:57,656 WARN Table/View 'CONFIG_INFO' already exists in Schema 'NACOS'.

2025-03-17 21:58:57,689 WARN Table/View 'HIS_CONFIG_INFO' already exists in Schema 'NACOS'.

2025-03-17 21:58:57,706 WARN Table/View 'CONFIG_INFO_BETA' already exists in Schema 'NACOS'.

2025-03-17 21:58:57,714 WARN Table/View 'CONFIG_INFO_TAG' already exists in Schema 'NACOS'.

2025-03-17 21:58:57,721 WARN Table/View 'CONFIG_INFO_AGGR' already exists in Schema 'NACOS'.

2025-03-17 21:58:57,729 WARN Table/View 'APP_LIST' already exists in Schema 'NACOS'.

2025-03-17 21:58:57,736 WARN Table/View 'APP_CONFIGDATA_RELATION_SUBS' already exists in Schema 'NACOS'.

2025-03-17 21:58:57,745 WARN Table/View 'APP_CONFIGDATA_RELATION_PUBS' already exists in Schema 'NACOS'.

2025-03-17 21:58:57,757 WARN Table/View 'CONFIG_TAGS_RELATION' already exists in Schema 'NACOS'.

2025-03-17 21:58:57,772 WARN Table/View 'GROUP_CAPACITY' already exists in Schema 'NACOS'.

2025-03-17 21:58:57,780 WARN Table/View 'TENANT_CAPACITY' already exists in Schema 'NACOS'.

2025-03-17 21:58:57,792 WARN Table/View 'TENANT_INFO' already exists in Schema 'NACOS'.

2025-03-17 21:58:57,809 WARN Table/View 'USERS' already exists in Schema 'NACOS'.

2025-03-17 21:58:57,819 WARN Table/View 'ROLES' already exists in Schema 'NACOS'.

2025-03-17 21:58:57,830 WARN Table/View 'PERMISSIONS' already exists in Schema 'NACOS'.

2025-03-17 21:58:57,880 WARN The statement was aborted because it would have caused a duplicate key value in a unique or primary key constraint or unique index identified by 'SQL250316204413330' defined on 'USERS'.

2025-03-17 21:58:57,885 WARN The statement was aborted because it would have caused a duplicate key value in a unique or primary key constraint or unique index identified by 'UK_USERNAME_ROLE' defined on 'ROLES'.

2025-03-17 21:58:57,885 WARN Lexical error at line 4, column 13.  Encountered: "`" (96), after : "".

2025-03-17 21:58:57,886 WARN Lexical error at line 1, column 13.  Encountered: "`" (96), after : "".

2025-03-17 21:58:57,886 WARN Lexical error at line 1, column 13.  Encountered: "`" (96), after : "".

2025-03-17 21:58:57,886 WARN Lexical error at line 1, column 13.  Encountered: "`" (96), after : "".

2025-03-17 21:58:57,886 INFO use StandaloneDatabaseOperateImpl

2025-03-17 21:58:58,733 WARN DumpService start

2025-03-17 21:58:58,734 INFO start clear all config-info.

2025-03-17 21:58:58,735 WARN clear all config-info failed.

2025-03-17 21:58:58,735 WARN clear all config-info-tenant failed.

2025-03-17 21:58:58,960 INFO [all-dump] 875358692663382016 / 875358692663382016

2025-03-17 21:58:58,961 INFO start clear all config-info-beta.

2025-03-17 21:58:58,961 WARN clear all config-info-beta failed.

2025-03-17 21:58:58,961 WARN clear all config-info-beta-tenant failed.

2025-03-17 21:58:58,968 INFO start clear all config-info-tag.

2025-03-17 21:58:58,969 WARN clear all config-info-tag failed.

2025-03-17 21:58:58,969 WARN clear all config-info-tag-tenant failed.

