2025-03-18 00:41:24,577 WARN clearConfigHistory start

2025-03-18 00:41:24,604 INFO [capacityManagement] start correct usage

2025-03-18 00:41:24,652 INFO [capacityManagement] end correct usage, cost: 0s

2025-03-18 00:51:24,652 INFO [capacityManagement] start correct usage

2025-03-18 00:51:24,652 WARN clearConfigHistory start

2025-03-18 00:51:24,654 INFO [capacityManagement] end correct usage, cost: 0s

2025-03-18 01:01:24,654 WARN clearConfigHistory start

2025-03-18 01:01:24,654 INFO [capacityManagement] start correct usage

2025-03-18 01:01:24,655 INFO [capacityManagement] end correct usage, cost: 0s

2025-03-18 01:11:24,655 WARN clearConfigHistory start

2025-03-18 01:11:24,655 INFO [capacityManagement] start correct usage

2025-03-18 01:11:24,656 INFO [capacityManagement] end correct usage, cost: 0s

2025-03-18 01:21:24,657 WARN clearConfigHistory start

2025-03-18 01:21:24,657 INFO [capacityManagement] start correct usage

2025-03-18 01:21:24,657 INFO [capacityManagement] end correct usage, cost: 0s

2025-03-18 01:31:24,657 WARN clearConfigHistory start

2025-03-18 01:31:24,657 INFO [capacityManagement] start correct usage

2025-03-18 01:31:24,658 INFO [capacityManagement] end correct usage, cost: 0s

2025-03-18 01:41:24,659 WARN clearConfigHistory start

2025-03-18 01:41:24,659 INFO [capacityManagement] start correct usage

2025-03-18 01:41:24,661 INFO [capacityManagement] end correct usage, cost: 0s

2025-03-18 01:51:24,661 WARN clearConfigHistory start

2025-03-18 01:51:24,661 INFO [capacityManagement] start correct usage

2025-03-18 01:51:24,662 INFO [capacityManagement] end correct usage, cost: 0s

2025-03-18 02:01:24,662 WARN clearConfigHistory start

2025-03-18 02:01:24,663 INFO [capacityManagement] start correct usage

2025-03-18 02:01:24,664 INFO [capacityManagement] end correct usage, cost: 0s

2025-03-18 02:11:24,664 WARN clearConfigHistory start

2025-03-18 02:11:24,664 INFO [capacityManagement] start correct usage

2025-03-18 02:11:24,666 INFO [capacityManagement] end correct usage, cost: 0s

2025-03-18 02:21:24,666 INFO [capacityManagement] start correct usage

2025-03-18 02:21:24,666 WARN clearConfigHistory start

2025-03-18 02:21:24,670 INFO [capacityManagement] end correct usage, cost: 0s

2025-03-18 02:31:24,669 WARN clearConfigHistory start

2025-03-18 02:31:24,670 INFO [capacityManagement] start correct usage

2025-03-18 02:31:24,671 INFO [capacityManagement] end correct usage, cost: 0s

2025-03-18 02:41:01,065 WARN [NotifyCenter] Start destroying Publisher

2025-03-18 02:41:01,066 WARN [NotifyCenter] Destruction of the end

2025-03-18 02:41:01,069 WARN [WatchFileCenter] start close

2025-03-18 02:41:01,069 WARN [WatchFileCenter] start to shutdown this watcher which is watch : /home/nacos/data/tps

2025-03-18 02:41:01,070 WARN [WatchFileCenter] start to shutdown this watcher which is watch : /home/nacos/conf

2025-03-18 02:41:01,070 WARN [WatchFileCenter] start to shutdown this watcher which is watch : /home/nacos/data/loader

2025-03-18 02:41:01,070 WARN [WatchFileCenter] already closed

2025-03-18 02:41:01,071 WARN [ThreadPoolManager] Start destroying ThreadPool

2025-03-18 02:41:01,071 WARN [HttpClientBeanHolder] Start destroying common HttpClient

2025-03-18 02:41:01,072 WARN [HttpClientBeanHolder] Destruction of the end

2025-03-18 02:41:01,072 WARN [ConfigServer-HttpClientManager] Start destroying NacosRestTemplate

2025-03-18 02:41:01,097 WARN [ConfigServer-HttpClientManager] Destruction of the end

2025-03-18 02:41:01,100 INFO Shutting down ExecutorService 'taskScheduler'

2025-03-18 02:41:01,102 INFO Shutting down ExecutorService 'applicationTaskExecutor'

2025-03-18 02:41:03,205 WARN [ThreadPoolManager] Destruction of the end

