2025-03-18 00:35:55,275 INFO PERFORMANCE:|0|0|0|-1|-1|0|0

2025-03-18 00:35:55,276 INFO Task worker status: 
naming_0%8, pending tasks: 0
naming_1%8, pending tasks: 0
naming_2%8, pending tasks: 0
naming_3%8, pending tasks: 0
naming_4%8, pending tasks: 0
naming_5%8, pending tasks: 0
naming_6%8, pending tasks: 0
naming_7%8, pending tasks: 0


2025-03-18 00:35:55,276 INFO DISTRO:|0|0|0|0|0|

2025-03-18 00:36:55,276 INFO PERFORMANCE:|0|0|0|-1|-1|0|0

2025-03-18 00:36:55,276 INFO Task worker status: 
naming_0%8, pending tasks: 0
naming_1%8, pending tasks: 0
naming_2%8, pending tasks: 0
naming_3%8, pending tasks: 0
naming_4%8, pending tasks: 0
naming_5%8, pending tasks: 0
naming_6%8, pending tasks: 0
naming_7%8, pending tasks: 0


2025-03-18 00:36:55,276 INFO DISTRO:|0|0|0|0|0|

2025-03-18 00:37:55,277 INFO PERFORMANCE:|0|0|0|-1|-1|0|0

2025-03-18 00:37:55,277 INFO Task worker status: 
naming_0%8, pending tasks: 0
naming_1%8, pending tasks: 0
naming_2%8, pending tasks: 0
naming_3%8, pending tasks: 0
naming_4%8, pending tasks: 0
naming_5%8, pending tasks: 0
naming_6%8, pending tasks: 0
naming_7%8, pending tasks: 0


2025-03-18 00:37:55,277 INFO DISTRO:|0|0|0|0|0|

2025-03-18 00:38:55,277 INFO PERFORMANCE:|0|0|0|-1|-1|0|0

2025-03-18 00:38:55,277 INFO Task worker status: 
naming_0%8, pending tasks: 0
naming_1%8, pending tasks: 0
naming_2%8, pending tasks: 0
naming_3%8, pending tasks: 0
naming_4%8, pending tasks: 0
naming_5%8, pending tasks: 0
naming_6%8, pending tasks: 0
naming_7%8, pending tasks: 0


2025-03-18 00:38:55,277 INFO DISTRO:|0|0|0|0|0|

2025-03-18 00:39:55,278 INFO PERFORMANCE:|0|0|0|-1|-1|0|0

2025-03-18 00:39:55,278 INFO Task worker status: 
naming_0%8, pending tasks: 0
naming_1%8, pending tasks: 0
naming_2%8, pending tasks: 0
naming_3%8, pending tasks: 0
naming_4%8, pending tasks: 0
naming_5%8, pending tasks: 0
naming_6%8, pending tasks: 0
naming_7%8, pending tasks: 0


2025-03-18 00:39:55,278 INFO DISTRO:|0|0|0|0|0|

2025-03-18 00:40:55,278 INFO PERFORMANCE:|0|0|0|-1|-1|0|0

2025-03-18 00:40:55,279 INFO Task worker status: 
naming_0%8, pending tasks: 0
naming_1%8, pending tasks: 0
naming_2%8, pending tasks: 0
naming_3%8, pending tasks: 0
naming_4%8, pending tasks: 0
naming_5%8, pending tasks: 0
naming_6%8, pending tasks: 0
naming_7%8, pending tasks: 0


2025-03-18 00:40:55,279 INFO DISTRO:|0|0|0|0|0|

2025-03-18 00:41:55,279 INFO PERFORMANCE:|serviceCount|ipCount|subscribeCount|maxPushCost|avgPushCost|totalPushCount|failPushCount

2025-03-18 00:41:55,279 INFO DISTRO:|V1SyncDone|V1SyncFail|V2SyncDone|V2SyncFail|V2VerifyFail|

2025-03-18 00:41:55,279 INFO PERFORMANCE:|0|0|0|-1|-1|0|0

2025-03-18 00:41:55,279 INFO Task worker status: 
naming_0%8, pending tasks: 0
naming_1%8, pending tasks: 0
naming_2%8, pending tasks: 0
naming_3%8, pending tasks: 0
naming_4%8, pending tasks: 0
naming_5%8, pending tasks: 0
naming_6%8, pending tasks: 0
naming_7%8, pending tasks: 0


2025-03-18 00:41:55,279 INFO DISTRO:|0|0|0|0|0|

2025-03-18 00:42:55,280 INFO PERFORMANCE:|0|0|0|-1|-1|0|0

2025-03-18 00:42:55,280 INFO Task worker status: 
naming_0%8, pending tasks: 0
naming_1%8, pending tasks: 0
naming_2%8, pending tasks: 0
naming_3%8, pending tasks: 0
naming_4%8, pending tasks: 0
naming_5%8, pending tasks: 0
naming_6%8, pending tasks: 0
naming_7%8, pending tasks: 0


2025-03-18 00:42:55,280 INFO DISTRO:|0|0|0|0|0|

2025-03-18 00:43:55,281 INFO PERFORMANCE:|0|0|0|-1|-1|0|0

2025-03-18 00:43:55,281 INFO Task worker status: 
naming_0%8, pending tasks: 0
naming_1%8, pending tasks: 0
naming_2%8, pending tasks: 0
naming_3%8, pending tasks: 0
naming_4%8, pending tasks: 0
naming_5%8, pending tasks: 0
naming_6%8, pending tasks: 0
naming_7%8, pending tasks: 0


2025-03-18 00:43:55,281 INFO DISTRO:|0|0|0|0|0|

2025-03-18 00:44:55,281 INFO PERFORMANCE:|0|0|0|-1|-1|0|0

2025-03-18 00:44:55,281 INFO Task worker status: 
naming_0%8, pending tasks: 0
naming_1%8, pending tasks: 0
naming_2%8, pending tasks: 0
naming_3%8, pending tasks: 0
naming_4%8, pending tasks: 0
naming_5%8, pending tasks: 0
naming_6%8, pending tasks: 0
naming_7%8, pending tasks: 0


2025-03-18 00:44:55,282 INFO DISTRO:|0|0|0|0|0|

2025-03-18 00:45:55,282 INFO PERFORMANCE:|0|0|0|-1|-1|0|0

2025-03-18 00:45:55,282 INFO Task worker status: 
naming_0%8, pending tasks: 0
naming_1%8, pending tasks: 0
naming_2%8, pending tasks: 0
naming_3%8, pending tasks: 0
naming_4%8, pending tasks: 0
naming_5%8, pending tasks: 0
naming_6%8, pending tasks: 0
naming_7%8, pending tasks: 0


2025-03-18 00:45:55,282 INFO DISTRO:|0|0|0|0|0|

2025-03-18 00:46:55,283 INFO PERFORMANCE:|0|0|0|-1|-1|0|0

2025-03-18 00:46:55,283 INFO Task worker status: 
naming_0%8, pending tasks: 0
naming_1%8, pending tasks: 0
naming_2%8, pending tasks: 0
naming_3%8, pending tasks: 0
naming_4%8, pending tasks: 0
naming_5%8, pending tasks: 0
naming_6%8, pending tasks: 0
naming_7%8, pending tasks: 0


2025-03-18 00:46:55,283 INFO DISTRO:|0|0|0|0|0|

2025-03-18 00:47:55,283 INFO PERFORMANCE:|0|0|0|-1|-1|0|0

2025-03-18 00:47:55,284 INFO Task worker status: 
naming_0%8, pending tasks: 0
naming_1%8, pending tasks: 0
naming_2%8, pending tasks: 0
naming_3%8, pending tasks: 0
naming_4%8, pending tasks: 0
naming_5%8, pending tasks: 0
naming_6%8, pending tasks: 0
naming_7%8, pending tasks: 0


2025-03-18 00:47:55,284 INFO DISTRO:|0|0|0|0|0|

2025-03-18 00:48:55,284 INFO PERFORMANCE:|0|0|0|-1|-1|0|0

2025-03-18 00:48:55,284 INFO Task worker status: 
naming_0%8, pending tasks: 0
naming_1%8, pending tasks: 0
naming_2%8, pending tasks: 0
naming_3%8, pending tasks: 0
naming_4%8, pending tasks: 0
naming_5%8, pending tasks: 0
naming_6%8, pending tasks: 0
naming_7%8, pending tasks: 0


2025-03-18 00:48:55,284 INFO DISTRO:|0|0|0|0|0|

2025-03-18 00:49:55,284 INFO PERFORMANCE:|0|0|0|-1|-1|0|0

2025-03-18 00:49:55,284 INFO Task worker status: 
naming_0%8, pending tasks: 0
naming_1%8, pending tasks: 0
naming_2%8, pending tasks: 0
naming_3%8, pending tasks: 0
naming_4%8, pending tasks: 0
naming_5%8, pending tasks: 0
naming_6%8, pending tasks: 0
naming_7%8, pending tasks: 0


2025-03-18 00:49:55,284 INFO DISTRO:|0|0|0|0|0|

2025-03-18 00:50:55,285 INFO PERFORMANCE:|0|0|0|-1|-1|0|0

2025-03-18 00:50:55,285 INFO Task worker status: 
naming_0%8, pending tasks: 0
naming_1%8, pending tasks: 0
naming_2%8, pending tasks: 0
naming_3%8, pending tasks: 0
naming_4%8, pending tasks: 0
naming_5%8, pending tasks: 0
naming_6%8, pending tasks: 0
naming_7%8, pending tasks: 0


2025-03-18 00:50:55,285 INFO DISTRO:|0|0|0|0|0|

2025-03-18 00:51:55,285 INFO PERFORMANCE:|serviceCount|ipCount|subscribeCount|maxPushCost|avgPushCost|totalPushCount|failPushCount

2025-03-18 00:51:55,285 INFO DISTRO:|V1SyncDone|V1SyncFail|V2SyncDone|V2SyncFail|V2VerifyFail|

2025-03-18 00:51:55,285 INFO PERFORMANCE:|0|0|0|-1|-1|0|0

2025-03-18 00:51:55,285 INFO Task worker status: 
naming_0%8, pending tasks: 0
naming_1%8, pending tasks: 0
naming_2%8, pending tasks: 0
naming_3%8, pending tasks: 0
naming_4%8, pending tasks: 0
naming_5%8, pending tasks: 0
naming_6%8, pending tasks: 0
naming_7%8, pending tasks: 0


2025-03-18 00:51:55,286 INFO DISTRO:|0|0|0|0|0|

2025-03-18 00:52:55,286 INFO PERFORMANCE:|0|0|0|-1|-1|0|0

2025-03-18 00:52:55,286 INFO Task worker status: 
naming_0%8, pending tasks: 0
naming_1%8, pending tasks: 0
naming_2%8, pending tasks: 0
naming_3%8, pending tasks: 0
naming_4%8, pending tasks: 0
naming_5%8, pending tasks: 0
naming_6%8, pending tasks: 0
naming_7%8, pending tasks: 0


2025-03-18 00:52:55,286 INFO DISTRO:|0|0|0|0|0|

2025-03-18 00:53:55,286 INFO PERFORMANCE:|0|0|0|-1|-1|0|0

2025-03-18 00:53:55,287 INFO Task worker status: 
naming_0%8, pending tasks: 0
naming_1%8, pending tasks: 0
naming_2%8, pending tasks: 0
naming_3%8, pending tasks: 0
naming_4%8, pending tasks: 0
naming_5%8, pending tasks: 0
naming_6%8, pending tasks: 0
naming_7%8, pending tasks: 0


2025-03-18 00:53:55,287 INFO DISTRO:|0|0|0|0|0|

2025-03-18 00:54:55,287 INFO PERFORMANCE:|0|0|0|-1|-1|0|0

2025-03-18 00:54:55,287 INFO Task worker status: 
naming_0%8, pending tasks: 0
naming_1%8, pending tasks: 0
naming_2%8, pending tasks: 0
naming_3%8, pending tasks: 0
naming_4%8, pending tasks: 0
naming_5%8, pending tasks: 0
naming_6%8, pending tasks: 0
naming_7%8, pending tasks: 0


2025-03-18 00:54:55,287 INFO DISTRO:|0|0|0|0|0|

2025-03-18 00:55:55,288 INFO PERFORMANCE:|0|0|0|-1|-1|0|0

2025-03-18 00:55:55,288 INFO Task worker status: 
naming_0%8, pending tasks: 0
naming_1%8, pending tasks: 0
naming_2%8, pending tasks: 0
naming_3%8, pending tasks: 0
naming_4%8, pending tasks: 0
naming_5%8, pending tasks: 0
naming_6%8, pending tasks: 0
naming_7%8, pending tasks: 0


2025-03-18 00:55:55,288 INFO DISTRO:|0|0|0|0|0|

2025-03-18 00:56:55,289 INFO PERFORMANCE:|0|0|0|-1|-1|0|0

2025-03-18 00:56:55,289 INFO Task worker status: 
naming_0%8, pending tasks: 0
naming_1%8, pending tasks: 0
naming_2%8, pending tasks: 0
naming_3%8, pending tasks: 0
naming_4%8, pending tasks: 0
naming_5%8, pending tasks: 0
naming_6%8, pending tasks: 0
naming_7%8, pending tasks: 0


2025-03-18 00:56:55,289 INFO DISTRO:|0|0|0|0|0|

2025-03-18 00:57:55,289 INFO PERFORMANCE:|0|0|0|-1|-1|0|0

2025-03-18 00:57:55,289 INFO Task worker status: 
naming_0%8, pending tasks: 0
naming_1%8, pending tasks: 0
naming_2%8, pending tasks: 0
naming_3%8, pending tasks: 0
naming_4%8, pending tasks: 0
naming_5%8, pending tasks: 0
naming_6%8, pending tasks: 0
naming_7%8, pending tasks: 0


2025-03-18 00:57:55,289 INFO DISTRO:|0|0|0|0|0|

2025-03-18 00:58:55,289 INFO PERFORMANCE:|0|0|0|-1|-1|0|0

2025-03-18 00:58:55,290 INFO Task worker status: 
naming_0%8, pending tasks: 0
naming_1%8, pending tasks: 0
naming_2%8, pending tasks: 0
naming_3%8, pending tasks: 0
naming_4%8, pending tasks: 0
naming_5%8, pending tasks: 0
naming_6%8, pending tasks: 0
naming_7%8, pending tasks: 0


2025-03-18 00:58:55,290 INFO DISTRO:|0|0|0|0|0|

2025-03-18 00:59:55,290 INFO PERFORMANCE:|0|0|0|-1|-1|0|0

2025-03-18 00:59:55,290 INFO Task worker status: 
naming_0%8, pending tasks: 0
naming_1%8, pending tasks: 0
naming_2%8, pending tasks: 0
naming_3%8, pending tasks: 0
naming_4%8, pending tasks: 0
naming_5%8, pending tasks: 0
naming_6%8, pending tasks: 0
naming_7%8, pending tasks: 0


2025-03-18 00:59:55,290 INFO DISTRO:|0|0|0|0|0|

2025-03-18 01:00:55,290 INFO PERFORMANCE:|0|0|0|-1|-1|0|0

2025-03-18 01:00:55,290 INFO Task worker status: 
naming_0%8, pending tasks: 0
naming_1%8, pending tasks: 0
naming_2%8, pending tasks: 0
naming_3%8, pending tasks: 0
naming_4%8, pending tasks: 0
naming_5%8, pending tasks: 0
naming_6%8, pending tasks: 0
naming_7%8, pending tasks: 0


2025-03-18 01:00:55,290 INFO DISTRO:|0|0|0|0|0|

2025-03-18 01:01:55,290 INFO PERFORMANCE:|serviceCount|ipCount|subscribeCount|maxPushCost|avgPushCost|totalPushCount|failPushCount

2025-03-18 01:01:55,290 INFO DISTRO:|V1SyncDone|V1SyncFail|V2SyncDone|V2SyncFail|V2VerifyFail|

2025-03-18 01:01:55,290 INFO PERFORMANCE:|0|0|0|-1|-1|0|0

2025-03-18 01:01:55,290 INFO Task worker status: 
naming_0%8, pending tasks: 0
naming_1%8, pending tasks: 0
naming_2%8, pending tasks: 0
naming_3%8, pending tasks: 0
naming_4%8, pending tasks: 0
naming_5%8, pending tasks: 0
naming_6%8, pending tasks: 0
naming_7%8, pending tasks: 0


2025-03-18 01:01:55,291 INFO DISTRO:|0|0|0|0|0|

2025-03-18 01:02:55,291 INFO PERFORMANCE:|0|0|0|-1|-1|0|0

2025-03-18 01:02:55,291 INFO Task worker status: 
naming_0%8, pending tasks: 0
naming_1%8, pending tasks: 0
naming_2%8, pending tasks: 0
naming_3%8, pending tasks: 0
naming_4%8, pending tasks: 0
naming_5%8, pending tasks: 0
naming_6%8, pending tasks: 0
naming_7%8, pending tasks: 0


2025-03-18 01:02:55,291 INFO DISTRO:|0|0|0|0|0|

2025-03-18 01:03:55,291 INFO PERFORMANCE:|0|0|0|-1|-1|0|0

2025-03-18 01:03:55,291 INFO Task worker status: 
naming_0%8, pending tasks: 0
naming_1%8, pending tasks: 0
naming_2%8, pending tasks: 0
naming_3%8, pending tasks: 0
naming_4%8, pending tasks: 0
naming_5%8, pending tasks: 0
naming_6%8, pending tasks: 0
naming_7%8, pending tasks: 0


2025-03-18 01:03:55,291 INFO DISTRO:|0|0|0|0|0|

2025-03-18 01:04:55,292 INFO PERFORMANCE:|0|0|0|-1|-1|0|0

2025-03-18 01:04:55,292 INFO Task worker status: 
naming_0%8, pending tasks: 0
naming_1%8, pending tasks: 0
naming_2%8, pending tasks: 0
naming_3%8, pending tasks: 0
naming_4%8, pending tasks: 0
naming_5%8, pending tasks: 0
naming_6%8, pending tasks: 0
naming_7%8, pending tasks: 0


2025-03-18 01:04:55,292 INFO DISTRO:|0|0|0|0|0|

2025-03-18 01:05:55,292 INFO PERFORMANCE:|0|0|0|-1|-1|0|0

2025-03-18 01:05:55,293 INFO Task worker status: 
naming_0%8, pending tasks: 0
naming_1%8, pending tasks: 0
naming_2%8, pending tasks: 0
naming_3%8, pending tasks: 0
naming_4%8, pending tasks: 0
naming_5%8, pending tasks: 0
naming_6%8, pending tasks: 0
naming_7%8, pending tasks: 0


2025-03-18 01:05:55,293 INFO DISTRO:|0|0|0|0|0|

2025-03-18 01:06:55,293 INFO PERFORMANCE:|0|0|0|-1|-1|0|0

2025-03-18 01:06:55,293 INFO Task worker status: 
naming_0%8, pending tasks: 0
naming_1%8, pending tasks: 0
naming_2%8, pending tasks: 0
naming_3%8, pending tasks: 0
naming_4%8, pending tasks: 0
naming_5%8, pending tasks: 0
naming_6%8, pending tasks: 0
naming_7%8, pending tasks: 0


2025-03-18 01:06:55,294 INFO DISTRO:|0|0|0|0|0|

2025-03-18 01:07:55,294 INFO PERFORMANCE:|0|0|0|-1|-1|0|0

2025-03-18 01:07:55,294 INFO Task worker status: 
naming_0%8, pending tasks: 0
naming_1%8, pending tasks: 0
naming_2%8, pending tasks: 0
naming_3%8, pending tasks: 0
naming_4%8, pending tasks: 0
naming_5%8, pending tasks: 0
naming_6%8, pending tasks: 0
naming_7%8, pending tasks: 0


2025-03-18 01:07:55,294 INFO DISTRO:|0|0|0|0|0|

2025-03-18 01:08:55,294 INFO PERFORMANCE:|0|0|0|-1|-1|0|0

2025-03-18 01:08:55,294 INFO Task worker status: 
naming_0%8, pending tasks: 0
naming_1%8, pending tasks: 0
naming_2%8, pending tasks: 0
naming_3%8, pending tasks: 0
naming_4%8, pending tasks: 0
naming_5%8, pending tasks: 0
naming_6%8, pending tasks: 0
naming_7%8, pending tasks: 0


2025-03-18 01:08:55,294 INFO DISTRO:|0|0|0|0|0|

2025-03-18 01:09:55,295 INFO PERFORMANCE:|0|0|0|-1|-1|0|0

2025-03-18 01:09:55,295 INFO Task worker status: 
naming_0%8, pending tasks: 0
naming_1%8, pending tasks: 0
naming_2%8, pending tasks: 0
naming_3%8, pending tasks: 0
naming_4%8, pending tasks: 0
naming_5%8, pending tasks: 0
naming_6%8, pending tasks: 0
naming_7%8, pending tasks: 0


2025-03-18 01:09:55,295 INFO DISTRO:|0|0|0|0|0|

2025-03-18 01:10:55,295 INFO PERFORMANCE:|0|0|0|-1|-1|0|0

2025-03-18 01:10:55,295 INFO Task worker status: 
naming_0%8, pending tasks: 0
naming_1%8, pending tasks: 0
naming_2%8, pending tasks: 0
naming_3%8, pending tasks: 0
naming_4%8, pending tasks: 0
naming_5%8, pending tasks: 0
naming_6%8, pending tasks: 0
naming_7%8, pending tasks: 0


2025-03-18 01:10:55,295 INFO DISTRO:|0|0|0|0|0|

2025-03-18 01:11:55,295 INFO PERFORMANCE:|serviceCount|ipCount|subscribeCount|maxPushCost|avgPushCost|totalPushCount|failPushCount

2025-03-18 01:11:55,296 INFO DISTRO:|V1SyncDone|V1SyncFail|V2SyncDone|V2SyncFail|V2VerifyFail|

2025-03-18 01:11:55,296 INFO PERFORMANCE:|0|0|0|-1|-1|0|0

2025-03-18 01:11:55,296 INFO Task worker status: 
naming_0%8, pending tasks: 0
naming_1%8, pending tasks: 0
naming_2%8, pending tasks: 0
naming_3%8, pending tasks: 0
naming_4%8, pending tasks: 0
naming_5%8, pending tasks: 0
naming_6%8, pending tasks: 0
naming_7%8, pending tasks: 0


2025-03-18 01:11:55,296 INFO DISTRO:|0|0|0|0|0|

2025-03-18 01:12:55,296 INFO PERFORMANCE:|0|0|0|-1|-1|0|0

2025-03-18 01:12:55,296 INFO Task worker status: 
naming_0%8, pending tasks: 0
naming_1%8, pending tasks: 0
naming_2%8, pending tasks: 0
naming_3%8, pending tasks: 0
naming_4%8, pending tasks: 0
naming_5%8, pending tasks: 0
naming_6%8, pending tasks: 0
naming_7%8, pending tasks: 0


2025-03-18 01:12:55,296 INFO DISTRO:|0|0|0|0|0|

2025-03-18 01:13:55,296 INFO PERFORMANCE:|0|0|0|-1|-1|0|0

2025-03-18 01:13:55,296 INFO Task worker status: 
naming_0%8, pending tasks: 0
naming_1%8, pending tasks: 0
naming_2%8, pending tasks: 0
naming_3%8, pending tasks: 0
naming_4%8, pending tasks: 0
naming_5%8, pending tasks: 0
naming_6%8, pending tasks: 0
naming_7%8, pending tasks: 0


2025-03-18 01:13:55,296 INFO DISTRO:|0|0|0|0|0|

2025-03-18 01:14:55,297 INFO PERFORMANCE:|0|0|0|-1|-1|0|0

2025-03-18 01:14:55,297 INFO Task worker status: 
naming_0%8, pending tasks: 0
naming_1%8, pending tasks: 0
naming_2%8, pending tasks: 0
naming_3%8, pending tasks: 0
naming_4%8, pending tasks: 0
naming_5%8, pending tasks: 0
naming_6%8, pending tasks: 0
naming_7%8, pending tasks: 0


2025-03-18 01:14:55,297 INFO DISTRO:|0|0|0|0|0|

2025-03-18 01:15:55,298 INFO PERFORMANCE:|0|0|0|-1|-1|0|0

2025-03-18 01:15:55,298 INFO Task worker status: 
naming_0%8, pending tasks: 0
naming_1%8, pending tasks: 0
naming_2%8, pending tasks: 0
naming_3%8, pending tasks: 0
naming_4%8, pending tasks: 0
naming_5%8, pending tasks: 0
naming_6%8, pending tasks: 0
naming_7%8, pending tasks: 0


2025-03-18 01:15:55,298 INFO DISTRO:|0|0|0|0|0|

2025-03-18 01:16:55,298 INFO PERFORMANCE:|0|0|0|-1|-1|0|0

2025-03-18 01:16:55,298 INFO Task worker status: 
naming_0%8, pending tasks: 0
naming_1%8, pending tasks: 0
naming_2%8, pending tasks: 0
naming_3%8, pending tasks: 0
naming_4%8, pending tasks: 0
naming_5%8, pending tasks: 0
naming_6%8, pending tasks: 0
naming_7%8, pending tasks: 0


2025-03-18 01:16:55,298 INFO DISTRO:|0|0|0|0|0|

2025-03-18 01:17:55,298 INFO PERFORMANCE:|0|0|0|-1|-1|0|0

2025-03-18 01:17:55,299 INFO Task worker status: 
naming_0%8, pending tasks: 0
naming_1%8, pending tasks: 0
naming_2%8, pending tasks: 0
naming_3%8, pending tasks: 0
naming_4%8, pending tasks: 0
naming_5%8, pending tasks: 0
naming_6%8, pending tasks: 0
naming_7%8, pending tasks: 0


2025-03-18 01:17:55,299 INFO DISTRO:|0|0|0|0|0|

2025-03-18 01:18:55,299 INFO PERFORMANCE:|0|0|0|-1|-1|0|0

2025-03-18 01:18:55,299 INFO Task worker status: 
naming_0%8, pending tasks: 0
naming_1%8, pending tasks: 0
naming_2%8, pending tasks: 0
naming_3%8, pending tasks: 0
naming_4%8, pending tasks: 0
naming_5%8, pending tasks: 0
naming_6%8, pending tasks: 0
naming_7%8, pending tasks: 0


2025-03-18 01:18:55,299 INFO DISTRO:|0|0|0|0|0|

2025-03-18 01:19:55,300 INFO PERFORMANCE:|0|0|0|-1|-1|0|0

2025-03-18 01:19:55,300 INFO Task worker status: 
naming_0%8, pending tasks: 0
naming_1%8, pending tasks: 0
naming_2%8, pending tasks: 0
naming_3%8, pending tasks: 0
naming_4%8, pending tasks: 0
naming_5%8, pending tasks: 0
naming_6%8, pending tasks: 0
naming_7%8, pending tasks: 0


2025-03-18 01:19:55,300 INFO DISTRO:|0|0|0|0|0|

2025-03-18 01:20:55,300 INFO PERFORMANCE:|0|0|0|-1|-1|0|0

2025-03-18 01:20:55,300 INFO Task worker status: 
naming_0%8, pending tasks: 0
naming_1%8, pending tasks: 0
naming_2%8, pending tasks: 0
naming_3%8, pending tasks: 0
naming_4%8, pending tasks: 0
naming_5%8, pending tasks: 0
naming_6%8, pending tasks: 0
naming_7%8, pending tasks: 0


2025-03-18 01:20:55,300 INFO DISTRO:|0|0|0|0|0|

2025-03-18 01:21:55,300 INFO PERFORMANCE:|serviceCount|ipCount|subscribeCount|maxPushCost|avgPushCost|totalPushCount|failPushCount

2025-03-18 01:21:55,300 INFO DISTRO:|V1SyncDone|V1SyncFail|V2SyncDone|V2SyncFail|V2VerifyFail|

2025-03-18 01:21:55,300 INFO PERFORMANCE:|0|0|0|-1|-1|0|0

2025-03-18 01:21:55,301 INFO Task worker status: 
naming_0%8, pending tasks: 0
naming_1%8, pending tasks: 0
naming_2%8, pending tasks: 0
naming_3%8, pending tasks: 0
naming_4%8, pending tasks: 0
naming_5%8, pending tasks: 0
naming_6%8, pending tasks: 0
naming_7%8, pending tasks: 0


2025-03-18 01:21:55,301 INFO DISTRO:|0|0|0|0|0|

2025-03-18 01:22:55,301 INFO PERFORMANCE:|0|0|0|-1|-1|0|0

2025-03-18 01:22:55,301 INFO Task worker status: 
naming_0%8, pending tasks: 0
naming_1%8, pending tasks: 0
naming_2%8, pending tasks: 0
naming_3%8, pending tasks: 0
naming_4%8, pending tasks: 0
naming_5%8, pending tasks: 0
naming_6%8, pending tasks: 0
naming_7%8, pending tasks: 0


2025-03-18 01:22:55,301 INFO DISTRO:|0|0|0|0|0|

2025-03-18 01:23:55,301 INFO PERFORMANCE:|0|0|0|-1|-1|0|0

2025-03-18 01:23:55,301 INFO Task worker status: 
naming_0%8, pending tasks: 0
naming_1%8, pending tasks: 0
naming_2%8, pending tasks: 0
naming_3%8, pending tasks: 0
naming_4%8, pending tasks: 0
naming_5%8, pending tasks: 0
naming_6%8, pending tasks: 0
naming_7%8, pending tasks: 0


2025-03-18 01:23:55,301 INFO DISTRO:|0|0|0|0|0|

2025-03-18 01:24:55,301 INFO PERFORMANCE:|0|0|0|-1|-1|0|0

2025-03-18 01:24:55,301 INFO Task worker status: 
naming_0%8, pending tasks: 0
naming_1%8, pending tasks: 0
naming_2%8, pending tasks: 0
naming_3%8, pending tasks: 0
naming_4%8, pending tasks: 0
naming_5%8, pending tasks: 0
naming_6%8, pending tasks: 0
naming_7%8, pending tasks: 0


2025-03-18 01:24:55,301 INFO DISTRO:|0|0|0|0|0|

2025-03-18 01:25:55,301 INFO PERFORMANCE:|0|0|0|-1|-1|0|0

2025-03-18 01:25:55,302 INFO Task worker status: 
naming_0%8, pending tasks: 0
naming_1%8, pending tasks: 0
naming_2%8, pending tasks: 0
naming_3%8, pending tasks: 0
naming_4%8, pending tasks: 0
naming_5%8, pending tasks: 0
naming_6%8, pending tasks: 0
naming_7%8, pending tasks: 0


2025-03-18 01:25:55,302 INFO DISTRO:|0|0|0|0|0|

2025-03-18 01:26:55,302 INFO PERFORMANCE:|0|0|0|-1|-1|0|0

2025-03-18 01:26:55,302 INFO Task worker status: 
naming_0%8, pending tasks: 0
naming_1%8, pending tasks: 0
naming_2%8, pending tasks: 0
naming_3%8, pending tasks: 0
naming_4%8, pending tasks: 0
naming_5%8, pending tasks: 0
naming_6%8, pending tasks: 0
naming_7%8, pending tasks: 0


2025-03-18 01:26:55,302 INFO DISTRO:|0|0|0|0|0|

2025-03-18 01:27:55,302 INFO PERFORMANCE:|0|0|0|-1|-1|0|0

2025-03-18 01:27:55,302 INFO Task worker status: 
naming_0%8, pending tasks: 0
naming_1%8, pending tasks: 0
naming_2%8, pending tasks: 0
naming_3%8, pending tasks: 0
naming_4%8, pending tasks: 0
naming_5%8, pending tasks: 0
naming_6%8, pending tasks: 0
naming_7%8, pending tasks: 0


2025-03-18 01:27:55,302 INFO DISTRO:|0|0|0|0|0|

2025-03-18 01:28:55,302 INFO PERFORMANCE:|0|0|0|-1|-1|0|0

2025-03-18 01:28:55,302 INFO Task worker status: 
naming_0%8, pending tasks: 0
naming_1%8, pending tasks: 0
naming_2%8, pending tasks: 0
naming_3%8, pending tasks: 0
naming_4%8, pending tasks: 0
naming_5%8, pending tasks: 0
naming_6%8, pending tasks: 0
naming_7%8, pending tasks: 0


2025-03-18 01:28:55,302 INFO DISTRO:|0|0|0|0|0|

2025-03-18 01:29:55,302 INFO PERFORMANCE:|0|0|0|-1|-1|0|0

2025-03-18 01:29:55,302 INFO Task worker status: 
naming_0%8, pending tasks: 0
naming_1%8, pending tasks: 0
naming_2%8, pending tasks: 0
naming_3%8, pending tasks: 0
naming_4%8, pending tasks: 0
naming_5%8, pending tasks: 0
naming_6%8, pending tasks: 0
naming_7%8, pending tasks: 0


2025-03-18 01:29:55,302 INFO DISTRO:|0|0|0|0|0|

2025-03-18 01:30:55,303 INFO PERFORMANCE:|0|0|0|-1|-1|0|0

2025-03-18 01:30:55,303 INFO Task worker status: 
naming_0%8, pending tasks: 0
naming_1%8, pending tasks: 0
naming_2%8, pending tasks: 0
naming_3%8, pending tasks: 0
naming_4%8, pending tasks: 0
naming_5%8, pending tasks: 0
naming_6%8, pending tasks: 0
naming_7%8, pending tasks: 0


2025-03-18 01:30:55,303 INFO DISTRO:|0|0|0|0|0|

2025-03-18 01:31:55,303 INFO PERFORMANCE:|serviceCount|ipCount|subscribeCount|maxPushCost|avgPushCost|totalPushCount|failPushCount

2025-03-18 01:31:55,303 INFO DISTRO:|V1SyncDone|V1SyncFail|V2SyncDone|V2SyncFail|V2VerifyFail|

2025-03-18 01:31:55,303 INFO PERFORMANCE:|0|0|0|-1|-1|0|0

2025-03-18 01:31:55,303 INFO Task worker status: 
naming_0%8, pending tasks: 0
naming_1%8, pending tasks: 0
naming_2%8, pending tasks: 0
naming_3%8, pending tasks: 0
naming_4%8, pending tasks: 0
naming_5%8, pending tasks: 0
naming_6%8, pending tasks: 0
naming_7%8, pending tasks: 0


2025-03-18 01:31:55,303 INFO DISTRO:|0|0|0|0|0|

2025-03-18 01:32:55,303 INFO PERFORMANCE:|0|0|0|-1|-1|0|0

2025-03-18 01:32:55,303 INFO Task worker status: 
naming_0%8, pending tasks: 0
naming_1%8, pending tasks: 0
naming_2%8, pending tasks: 0
naming_3%8, pending tasks: 0
naming_4%8, pending tasks: 0
naming_5%8, pending tasks: 0
naming_6%8, pending tasks: 0
naming_7%8, pending tasks: 0


2025-03-18 01:32:55,303 INFO DISTRO:|0|0|0|0|0|

2025-03-18 01:33:55,304 INFO PERFORMANCE:|0|0|0|-1|-1|0|0

2025-03-18 01:33:55,304 INFO Task worker status: 
naming_0%8, pending tasks: 0
naming_1%8, pending tasks: 0
naming_2%8, pending tasks: 0
naming_3%8, pending tasks: 0
naming_4%8, pending tasks: 0
naming_5%8, pending tasks: 0
naming_6%8, pending tasks: 0
naming_7%8, pending tasks: 0


2025-03-18 01:33:55,304 INFO DISTRO:|0|0|0|0|0|

2025-03-18 01:34:55,304 INFO PERFORMANCE:|0|0|0|-1|-1|0|0

2025-03-18 01:34:55,305 INFO Task worker status: 
naming_0%8, pending tasks: 0
naming_1%8, pending tasks: 0
naming_2%8, pending tasks: 0
naming_3%8, pending tasks: 0
naming_4%8, pending tasks: 0
naming_5%8, pending tasks: 0
naming_6%8, pending tasks: 0
naming_7%8, pending tasks: 0


2025-03-18 01:34:55,305 INFO DISTRO:|0|0|0|0|0|

2025-03-18 01:35:55,305 INFO PERFORMANCE:|0|0|0|-1|-1|0|0

2025-03-18 01:35:55,305 INFO Task worker status: 
naming_0%8, pending tasks: 0
naming_1%8, pending tasks: 0
naming_2%8, pending tasks: 0
naming_3%8, pending tasks: 0
naming_4%8, pending tasks: 0
naming_5%8, pending tasks: 0
naming_6%8, pending tasks: 0
naming_7%8, pending tasks: 0


2025-03-18 01:35:55,305 INFO DISTRO:|0|0|0|0|0|

2025-03-18 01:36:55,305 INFO PERFORMANCE:|0|0|0|-1|-1|0|0

2025-03-18 01:36:55,306 INFO Task worker status: 
naming_0%8, pending tasks: 0
naming_1%8, pending tasks: 0
naming_2%8, pending tasks: 0
naming_3%8, pending tasks: 0
naming_4%8, pending tasks: 0
naming_5%8, pending tasks: 0
naming_6%8, pending tasks: 0
naming_7%8, pending tasks: 0


2025-03-18 01:36:55,306 INFO DISTRO:|0|0|0|0|0|

2025-03-18 01:37:55,306 INFO PERFORMANCE:|0|0|0|-1|-1|0|0

2025-03-18 01:37:55,306 INFO Task worker status: 
naming_0%8, pending tasks: 0
naming_1%8, pending tasks: 0
naming_2%8, pending tasks: 0
naming_3%8, pending tasks: 0
naming_4%8, pending tasks: 0
naming_5%8, pending tasks: 0
naming_6%8, pending tasks: 0
naming_7%8, pending tasks: 0


2025-03-18 01:37:55,306 INFO DISTRO:|0|0|0|0|0|

2025-03-18 01:38:55,306 INFO PERFORMANCE:|0|0|0|-1|-1|0|0

2025-03-18 01:38:55,307 INFO Task worker status: 
naming_0%8, pending tasks: 0
naming_1%8, pending tasks: 0
naming_2%8, pending tasks: 0
naming_3%8, pending tasks: 0
naming_4%8, pending tasks: 0
naming_5%8, pending tasks: 0
naming_6%8, pending tasks: 0
naming_7%8, pending tasks: 0


2025-03-18 01:38:55,307 INFO DISTRO:|0|0|0|0|0|

2025-03-18 01:39:55,307 INFO PERFORMANCE:|0|0|0|-1|-1|0|0

2025-03-18 01:39:55,307 INFO Task worker status: 
naming_0%8, pending tasks: 0
naming_1%8, pending tasks: 0
naming_2%8, pending tasks: 0
naming_3%8, pending tasks: 0
naming_4%8, pending tasks: 0
naming_5%8, pending tasks: 0
naming_6%8, pending tasks: 0
naming_7%8, pending tasks: 0


2025-03-18 01:39:55,307 INFO DISTRO:|0|0|0|0|0|

2025-03-18 01:40:55,307 INFO PERFORMANCE:|0|0|0|-1|-1|0|0

2025-03-18 01:40:55,307 INFO Task worker status: 
naming_0%8, pending tasks: 0
naming_1%8, pending tasks: 0
naming_2%8, pending tasks: 0
naming_3%8, pending tasks: 0
naming_4%8, pending tasks: 0
naming_5%8, pending tasks: 0
naming_6%8, pending tasks: 0
naming_7%8, pending tasks: 0


2025-03-18 01:40:55,307 INFO DISTRO:|0|0|0|0|0|

2025-03-18 01:41:55,308 INFO PERFORMANCE:|serviceCount|ipCount|subscribeCount|maxPushCost|avgPushCost|totalPushCount|failPushCount

2025-03-18 01:41:55,308 INFO DISTRO:|V1SyncDone|V1SyncFail|V2SyncDone|V2SyncFail|V2VerifyFail|

2025-03-18 01:41:55,308 INFO PERFORMANCE:|0|0|0|-1|-1|0|0

2025-03-18 01:41:55,308 INFO Task worker status: 
naming_0%8, pending tasks: 0
naming_1%8, pending tasks: 0
naming_2%8, pending tasks: 0
naming_3%8, pending tasks: 0
naming_4%8, pending tasks: 0
naming_5%8, pending tasks: 0
naming_6%8, pending tasks: 0
naming_7%8, pending tasks: 0


2025-03-18 01:41:55,308 INFO DISTRO:|0|0|0|0|0|

2025-03-18 01:42:55,308 INFO PERFORMANCE:|0|0|0|-1|-1|0|0

2025-03-18 01:42:55,308 INFO Task worker status: 
naming_0%8, pending tasks: 0
naming_1%8, pending tasks: 0
naming_2%8, pending tasks: 0
naming_3%8, pending tasks: 0
naming_4%8, pending tasks: 0
naming_5%8, pending tasks: 0
naming_6%8, pending tasks: 0
naming_7%8, pending tasks: 0


2025-03-18 01:42:55,308 INFO DISTRO:|0|0|0|0|0|

2025-03-18 01:43:55,309 INFO PERFORMANCE:|0|0|0|-1|-1|0|0

2025-03-18 01:43:55,309 INFO Task worker status: 
naming_0%8, pending tasks: 0
naming_1%8, pending tasks: 0
naming_2%8, pending tasks: 0
naming_3%8, pending tasks: 0
naming_4%8, pending tasks: 0
naming_5%8, pending tasks: 0
naming_6%8, pending tasks: 0
naming_7%8, pending tasks: 0


2025-03-18 01:43:55,309 INFO DISTRO:|0|0|0|0|0|

2025-03-18 01:44:55,309 INFO PERFORMANCE:|0|0|0|-1|-1|0|0

2025-03-18 01:44:55,309 INFO Task worker status: 
naming_0%8, pending tasks: 0
naming_1%8, pending tasks: 0
naming_2%8, pending tasks: 0
naming_3%8, pending tasks: 0
naming_4%8, pending tasks: 0
naming_5%8, pending tasks: 0
naming_6%8, pending tasks: 0
naming_7%8, pending tasks: 0


2025-03-18 01:44:55,310 INFO DISTRO:|0|0|0|0|0|

2025-03-18 01:45:55,310 INFO PERFORMANCE:|0|0|0|-1|-1|0|0

2025-03-18 01:45:55,310 INFO Task worker status: 
naming_0%8, pending tasks: 0
naming_1%8, pending tasks: 0
naming_2%8, pending tasks: 0
naming_3%8, pending tasks: 0
naming_4%8, pending tasks: 0
naming_5%8, pending tasks: 0
naming_6%8, pending tasks: 0
naming_7%8, pending tasks: 0


2025-03-18 01:45:55,310 INFO DISTRO:|0|0|0|0|0|

2025-03-18 01:46:55,310 INFO PERFORMANCE:|0|0|0|-1|-1|0|0

2025-03-18 01:46:55,310 INFO Task worker status: 
naming_0%8, pending tasks: 0
naming_1%8, pending tasks: 0
naming_2%8, pending tasks: 0
naming_3%8, pending tasks: 0
naming_4%8, pending tasks: 0
naming_5%8, pending tasks: 0
naming_6%8, pending tasks: 0
naming_7%8, pending tasks: 0


2025-03-18 01:46:55,310 INFO DISTRO:|0|0|0|0|0|

2025-03-18 01:47:55,310 INFO PERFORMANCE:|0|0|0|-1|-1|0|0

2025-03-18 01:47:55,310 INFO Task worker status: 
naming_0%8, pending tasks: 0
naming_1%8, pending tasks: 0
naming_2%8, pending tasks: 0
naming_3%8, pending tasks: 0
naming_4%8, pending tasks: 0
naming_5%8, pending tasks: 0
naming_6%8, pending tasks: 0
naming_7%8, pending tasks: 0


2025-03-18 01:47:55,310 INFO DISTRO:|0|0|0|0|0|

2025-03-18 01:48:55,311 INFO PERFORMANCE:|0|0|0|-1|-1|0|0

2025-03-18 01:48:55,311 INFO Task worker status: 
naming_0%8, pending tasks: 0
naming_1%8, pending tasks: 0
naming_2%8, pending tasks: 0
naming_3%8, pending tasks: 0
naming_4%8, pending tasks: 0
naming_5%8, pending tasks: 0
naming_6%8, pending tasks: 0
naming_7%8, pending tasks: 0


2025-03-18 01:48:55,311 INFO DISTRO:|0|0|0|0|0|

2025-03-18 01:49:55,311 INFO PERFORMANCE:|0|0|0|-1|-1|0|0

2025-03-18 01:49:55,312 INFO Task worker status: 
naming_0%8, pending tasks: 0
naming_1%8, pending tasks: 0
naming_2%8, pending tasks: 0
naming_3%8, pending tasks: 0
naming_4%8, pending tasks: 0
naming_5%8, pending tasks: 0
naming_6%8, pending tasks: 0
naming_7%8, pending tasks: 0


2025-03-18 01:49:55,312 INFO DISTRO:|0|0|0|0|0|

2025-03-18 01:50:55,312 INFO PERFORMANCE:|0|0|0|-1|-1|0|0

2025-03-18 01:50:55,312 INFO Task worker status: 
naming_0%8, pending tasks: 0
naming_1%8, pending tasks: 0
naming_2%8, pending tasks: 0
naming_3%8, pending tasks: 0
naming_4%8, pending tasks: 0
naming_5%8, pending tasks: 0
naming_6%8, pending tasks: 0
naming_7%8, pending tasks: 0


2025-03-18 01:50:55,312 INFO DISTRO:|0|0|0|0|0|

2025-03-18 01:51:55,312 INFO PERFORMANCE:|serviceCount|ipCount|subscribeCount|maxPushCost|avgPushCost|totalPushCount|failPushCount

2025-03-18 01:51:55,312 INFO DISTRO:|V1SyncDone|V1SyncFail|V2SyncDone|V2SyncFail|V2VerifyFail|

2025-03-18 01:51:55,312 INFO PERFORMANCE:|0|0|0|-1|-1|0|0

2025-03-18 01:51:55,312 INFO Task worker status: 
naming_0%8, pending tasks: 0
naming_1%8, pending tasks: 0
naming_2%8, pending tasks: 0
naming_3%8, pending tasks: 0
naming_4%8, pending tasks: 0
naming_5%8, pending tasks: 0
naming_6%8, pending tasks: 0
naming_7%8, pending tasks: 0


2025-03-18 01:51:55,312 INFO DISTRO:|0|0|0|0|0|

2025-03-18 01:52:55,313 INFO PERFORMANCE:|0|0|0|-1|-1|0|0

2025-03-18 01:52:55,313 INFO Task worker status: 
naming_0%8, pending tasks: 0
naming_1%8, pending tasks: 0
naming_2%8, pending tasks: 0
naming_3%8, pending tasks: 0
naming_4%8, pending tasks: 0
naming_5%8, pending tasks: 0
naming_6%8, pending tasks: 0
naming_7%8, pending tasks: 0


2025-03-18 01:52:55,313 INFO DISTRO:|0|0|0|0|0|

2025-03-18 01:53:55,313 INFO PERFORMANCE:|0|0|0|-1|-1|0|0

2025-03-18 01:53:55,313 INFO Task worker status: 
naming_0%8, pending tasks: 0
naming_1%8, pending tasks: 0
naming_2%8, pending tasks: 0
naming_3%8, pending tasks: 0
naming_4%8, pending tasks: 0
naming_5%8, pending tasks: 0
naming_6%8, pending tasks: 0
naming_7%8, pending tasks: 0


2025-03-18 01:53:55,314 INFO DISTRO:|0|0|0|0|0|

2025-03-18 01:54:55,314 INFO PERFORMANCE:|0|0|0|-1|-1|0|0

2025-03-18 01:54:55,314 INFO Task worker status: 
naming_0%8, pending tasks: 0
naming_1%8, pending tasks: 0
naming_2%8, pending tasks: 0
naming_3%8, pending tasks: 0
naming_4%8, pending tasks: 0
naming_5%8, pending tasks: 0
naming_6%8, pending tasks: 0
naming_7%8, pending tasks: 0


2025-03-18 01:54:55,314 INFO DISTRO:|0|0|0|0|0|

2025-03-18 01:55:55,314 INFO PERFORMANCE:|0|0|0|-1|-1|0|0

2025-03-18 01:55:55,315 INFO Task worker status: 
naming_0%8, pending tasks: 0
naming_1%8, pending tasks: 0
naming_2%8, pending tasks: 0
naming_3%8, pending tasks: 0
naming_4%8, pending tasks: 0
naming_5%8, pending tasks: 0
naming_6%8, pending tasks: 0
naming_7%8, pending tasks: 0


2025-03-18 01:55:55,315 INFO DISTRO:|0|0|0|0|0|

2025-03-18 01:56:55,315 INFO PERFORMANCE:|0|0|0|-1|-1|0|0

2025-03-18 01:56:55,315 INFO Task worker status: 
naming_0%8, pending tasks: 0
naming_1%8, pending tasks: 0
naming_2%8, pending tasks: 0
naming_3%8, pending tasks: 0
naming_4%8, pending tasks: 0
naming_5%8, pending tasks: 0
naming_6%8, pending tasks: 0
naming_7%8, pending tasks: 0


2025-03-18 01:56:55,315 INFO DISTRO:|0|0|0|0|0|

2025-03-18 01:57:55,315 INFO PERFORMANCE:|0|0|0|-1|-1|0|0

2025-03-18 01:57:55,315 INFO Task worker status: 
naming_0%8, pending tasks: 0
naming_1%8, pending tasks: 0
naming_2%8, pending tasks: 0
naming_3%8, pending tasks: 0
naming_4%8, pending tasks: 0
naming_5%8, pending tasks: 0
naming_6%8, pending tasks: 0
naming_7%8, pending tasks: 0


2025-03-18 01:57:55,315 INFO DISTRO:|0|0|0|0|0|

2025-03-18 01:58:55,316 INFO PERFORMANCE:|0|0|0|-1|-1|0|0

2025-03-18 01:58:55,316 INFO Task worker status: 
naming_0%8, pending tasks: 0
naming_1%8, pending tasks: 0
naming_2%8, pending tasks: 0
naming_3%8, pending tasks: 0
naming_4%8, pending tasks: 0
naming_5%8, pending tasks: 0
naming_6%8, pending tasks: 0
naming_7%8, pending tasks: 0


2025-03-18 01:58:55,316 INFO DISTRO:|0|0|0|0|0|

2025-03-18 01:59:55,316 INFO PERFORMANCE:|0|0|0|-1|-1|0|0

2025-03-18 01:59:55,316 INFO Task worker status: 
naming_0%8, pending tasks: 0
naming_1%8, pending tasks: 0
naming_2%8, pending tasks: 0
naming_3%8, pending tasks: 0
naming_4%8, pending tasks: 0
naming_5%8, pending tasks: 0
naming_6%8, pending tasks: 0
naming_7%8, pending tasks: 0


2025-03-18 01:59:55,316 INFO DISTRO:|0|0|0|0|0|

2025-03-18 02:00:55,317 INFO PERFORMANCE:|0|0|0|-1|-1|0|0

2025-03-18 02:00:55,317 INFO Task worker status: 
naming_0%8, pending tasks: 0
naming_1%8, pending tasks: 0
naming_2%8, pending tasks: 0
naming_3%8, pending tasks: 0
naming_4%8, pending tasks: 0
naming_5%8, pending tasks: 0
naming_6%8, pending tasks: 0
naming_7%8, pending tasks: 0


2025-03-18 02:00:55,317 INFO DISTRO:|0|0|0|0|0|

2025-03-18 02:01:55,317 INFO PERFORMANCE:|serviceCount|ipCount|subscribeCount|maxPushCost|avgPushCost|totalPushCount|failPushCount

2025-03-18 02:01:55,317 INFO DISTRO:|V1SyncDone|V1SyncFail|V2SyncDone|V2SyncFail|V2VerifyFail|

2025-03-18 02:01:55,317 INFO PERFORMANCE:|0|0|0|-1|-1|0|0

2025-03-18 02:01:55,317 INFO Task worker status: 
naming_0%8, pending tasks: 0
naming_1%8, pending tasks: 0
naming_2%8, pending tasks: 0
naming_3%8, pending tasks: 0
naming_4%8, pending tasks: 0
naming_5%8, pending tasks: 0
naming_6%8, pending tasks: 0
naming_7%8, pending tasks: 0


2025-03-18 02:01:55,317 INFO DISTRO:|0|0|0|0|0|

2025-03-18 02:02:55,317 INFO PERFORMANCE:|0|0|0|-1|-1|0|0

2025-03-18 02:02:55,317 INFO Task worker status: 
naming_0%8, pending tasks: 0
naming_1%8, pending tasks: 0
naming_2%8, pending tasks: 0
naming_3%8, pending tasks: 0
naming_4%8, pending tasks: 0
naming_5%8, pending tasks: 0
naming_6%8, pending tasks: 0
naming_7%8, pending tasks: 0


2025-03-18 02:02:55,317 INFO DISTRO:|0|0|0|0|0|

2025-03-18 02:03:55,318 INFO PERFORMANCE:|0|0|0|-1|-1|0|0

2025-03-18 02:03:55,318 INFO Task worker status: 
naming_0%8, pending tasks: 0
naming_1%8, pending tasks: 0
naming_2%8, pending tasks: 0
naming_3%8, pending tasks: 0
naming_4%8, pending tasks: 0
naming_5%8, pending tasks: 0
naming_6%8, pending tasks: 0
naming_7%8, pending tasks: 0


2025-03-18 02:03:55,318 INFO DISTRO:|0|0|0|0|0|

2025-03-18 02:04:55,318 INFO PERFORMANCE:|0|0|0|-1|-1|0|0

2025-03-18 02:04:55,318 INFO Task worker status: 
naming_0%8, pending tasks: 0
naming_1%8, pending tasks: 0
naming_2%8, pending tasks: 0
naming_3%8, pending tasks: 0
naming_4%8, pending tasks: 0
naming_5%8, pending tasks: 0
naming_6%8, pending tasks: 0
naming_7%8, pending tasks: 0


2025-03-18 02:04:55,318 INFO DISTRO:|0|0|0|0|0|

2025-03-18 02:05:55,319 INFO PERFORMANCE:|0|0|0|-1|-1|0|0

2025-03-18 02:05:55,319 INFO Task worker status: 
naming_0%8, pending tasks: 0
naming_1%8, pending tasks: 0
naming_2%8, pending tasks: 0
naming_3%8, pending tasks: 0
naming_4%8, pending tasks: 0
naming_5%8, pending tasks: 0
naming_6%8, pending tasks: 0
naming_7%8, pending tasks: 0


2025-03-18 02:05:55,319 INFO DISTRO:|0|0|0|0|0|

2025-03-18 02:06:55,319 INFO PERFORMANCE:|0|0|0|-1|-1|0|0

2025-03-18 02:06:55,319 INFO Task worker status: 
naming_0%8, pending tasks: 0
naming_1%8, pending tasks: 0
naming_2%8, pending tasks: 0
naming_3%8, pending tasks: 0
naming_4%8, pending tasks: 0
naming_5%8, pending tasks: 0
naming_6%8, pending tasks: 0
naming_7%8, pending tasks: 0


2025-03-18 02:06:55,319 INFO DISTRO:|0|0|0|0|0|

2025-03-18 02:07:55,319 INFO PERFORMANCE:|0|0|0|-1|-1|0|0

2025-03-18 02:07:55,319 INFO Task worker status: 
naming_0%8, pending tasks: 0
naming_1%8, pending tasks: 0
naming_2%8, pending tasks: 0
naming_3%8, pending tasks: 0
naming_4%8, pending tasks: 0
naming_5%8, pending tasks: 0
naming_6%8, pending tasks: 0
naming_7%8, pending tasks: 0


2025-03-18 02:07:55,320 INFO DISTRO:|0|0|0|0|0|

2025-03-18 02:08:55,320 INFO PERFORMANCE:|0|0|0|-1|-1|0|0

2025-03-18 02:08:55,320 INFO Task worker status: 
naming_0%8, pending tasks: 0
naming_1%8, pending tasks: 0
naming_2%8, pending tasks: 0
naming_3%8, pending tasks: 0
naming_4%8, pending tasks: 0
naming_5%8, pending tasks: 0
naming_6%8, pending tasks: 0
naming_7%8, pending tasks: 0


2025-03-18 02:08:55,320 INFO DISTRO:|0|0|0|0|0|

2025-03-18 02:09:55,320 INFO PERFORMANCE:|0|0|0|-1|-1|0|0

2025-03-18 02:09:55,320 INFO Task worker status: 
naming_0%8, pending tasks: 0
naming_1%8, pending tasks: 0
naming_2%8, pending tasks: 0
naming_3%8, pending tasks: 0
naming_4%8, pending tasks: 0
naming_5%8, pending tasks: 0
naming_6%8, pending tasks: 0
naming_7%8, pending tasks: 0


2025-03-18 02:09:55,320 INFO DISTRO:|0|0|0|0|0|

2025-03-18 02:10:55,321 INFO PERFORMANCE:|0|0|0|-1|-1|0|0

2025-03-18 02:10:55,321 INFO Task worker status: 
naming_0%8, pending tasks: 0
naming_1%8, pending tasks: 0
naming_2%8, pending tasks: 0
naming_3%8, pending tasks: 0
naming_4%8, pending tasks: 0
naming_5%8, pending tasks: 0
naming_6%8, pending tasks: 0
naming_7%8, pending tasks: 0


2025-03-18 02:10:55,321 INFO DISTRO:|0|0|0|0|0|

2025-03-18 02:11:55,321 INFO PERFORMANCE:|serviceCount|ipCount|subscribeCount|maxPushCost|avgPushCost|totalPushCount|failPushCount

2025-03-18 02:11:55,321 INFO DISTRO:|V1SyncDone|V1SyncFail|V2SyncDone|V2SyncFail|V2VerifyFail|

2025-03-18 02:11:55,321 INFO PERFORMANCE:|0|0|0|-1|-1|0|0

2025-03-18 02:11:55,321 INFO Task worker status: 
naming_0%8, pending tasks: 0
naming_1%8, pending tasks: 0
naming_2%8, pending tasks: 0
naming_3%8, pending tasks: 0
naming_4%8, pending tasks: 0
naming_5%8, pending tasks: 0
naming_6%8, pending tasks: 0
naming_7%8, pending tasks: 0


2025-03-18 02:11:55,321 INFO DISTRO:|0|0|0|0|0|

2025-03-18 02:12:55,321 INFO PERFORMANCE:|0|0|0|-1|-1|0|0

2025-03-18 02:12:55,322 INFO Task worker status: 
naming_0%8, pending tasks: 0
naming_1%8, pending tasks: 0
naming_2%8, pending tasks: 0
naming_3%8, pending tasks: 0
naming_4%8, pending tasks: 0
naming_5%8, pending tasks: 0
naming_6%8, pending tasks: 0
naming_7%8, pending tasks: 0


2025-03-18 02:12:55,322 INFO DISTRO:|0|0|0|0|0|

2025-03-18 02:13:55,322 INFO PERFORMANCE:|0|0|0|-1|-1|0|0

2025-03-18 02:13:55,322 INFO Task worker status: 
naming_0%8, pending tasks: 0
naming_1%8, pending tasks: 0
naming_2%8, pending tasks: 0
naming_3%8, pending tasks: 0
naming_4%8, pending tasks: 0
naming_5%8, pending tasks: 0
naming_6%8, pending tasks: 0
naming_7%8, pending tasks: 0


2025-03-18 02:13:55,322 INFO DISTRO:|0|0|0|0|0|

2025-03-18 02:14:55,322 INFO PERFORMANCE:|0|0|0|-1|-1|0|0

2025-03-18 02:14:55,322 INFO Task worker status: 
naming_0%8, pending tasks: 0
naming_1%8, pending tasks: 0
naming_2%8, pending tasks: 0
naming_3%8, pending tasks: 0
naming_4%8, pending tasks: 0
naming_5%8, pending tasks: 0
naming_6%8, pending tasks: 0
naming_7%8, pending tasks: 0


2025-03-18 02:14:55,322 INFO DISTRO:|0|0|0|0|0|

2025-03-18 02:15:55,322 INFO PERFORMANCE:|0|0|0|-1|-1|0|0

2025-03-18 02:15:55,322 INFO Task worker status: 
naming_0%8, pending tasks: 0
naming_1%8, pending tasks: 0
naming_2%8, pending tasks: 0
naming_3%8, pending tasks: 0
naming_4%8, pending tasks: 0
naming_5%8, pending tasks: 0
naming_6%8, pending tasks: 0
naming_7%8, pending tasks: 0


2025-03-18 02:15:55,322 INFO DISTRO:|0|0|0|0|0|

2025-03-18 02:16:55,322 INFO PERFORMANCE:|0|0|0|-1|-1|0|0

2025-03-18 02:16:55,322 INFO Task worker status: 
naming_0%8, pending tasks: 0
naming_1%8, pending tasks: 0
naming_2%8, pending tasks: 0
naming_3%8, pending tasks: 0
naming_4%8, pending tasks: 0
naming_5%8, pending tasks: 0
naming_6%8, pending tasks: 0
naming_7%8, pending tasks: 0


2025-03-18 02:16:55,322 INFO DISTRO:|0|0|0|0|0|

2025-03-18 02:17:55,323 INFO PERFORMANCE:|0|0|0|-1|-1|0|0

2025-03-18 02:17:55,323 INFO Task worker status: 
naming_0%8, pending tasks: 0
naming_1%8, pending tasks: 0
naming_2%8, pending tasks: 0
naming_3%8, pending tasks: 0
naming_4%8, pending tasks: 0
naming_5%8, pending tasks: 0
naming_6%8, pending tasks: 0
naming_7%8, pending tasks: 0


2025-03-18 02:17:55,323 INFO DISTRO:|0|0|0|0|0|

2025-03-18 02:18:55,323 INFO PERFORMANCE:|0|0|0|-1|-1|0|0

2025-03-18 02:18:55,323 INFO Task worker status: 
naming_0%8, pending tasks: 0
naming_1%8, pending tasks: 0
naming_2%8, pending tasks: 0
naming_3%8, pending tasks: 0
naming_4%8, pending tasks: 0
naming_5%8, pending tasks: 0
naming_6%8, pending tasks: 0
naming_7%8, pending tasks: 0


2025-03-18 02:18:55,323 INFO DISTRO:|0|0|0|0|0|

2025-03-18 02:19:55,323 INFO PERFORMANCE:|0|0|0|-1|-1|0|0

2025-03-18 02:19:55,324 INFO Task worker status: 
naming_0%8, pending tasks: 0
naming_1%8, pending tasks: 0
naming_2%8, pending tasks: 0
naming_3%8, pending tasks: 0
naming_4%8, pending tasks: 0
naming_5%8, pending tasks: 0
naming_6%8, pending tasks: 0
naming_7%8, pending tasks: 0


2025-03-18 02:19:55,324 INFO DISTRO:|0|0|0|0|0|

2025-03-18 02:20:55,324 INFO PERFORMANCE:|0|0|0|-1|-1|0|0

2025-03-18 02:20:55,324 INFO Task worker status: 
naming_0%8, pending tasks: 0
naming_1%8, pending tasks: 0
naming_2%8, pending tasks: 0
naming_3%8, pending tasks: 0
naming_4%8, pending tasks: 0
naming_5%8, pending tasks: 0
naming_6%8, pending tasks: 0
naming_7%8, pending tasks: 0


2025-03-18 02:20:55,324 INFO DISTRO:|0|0|0|0|0|

2025-03-18 02:21:55,324 INFO PERFORMANCE:|serviceCount|ipCount|subscribeCount|maxPushCost|avgPushCost|totalPushCount|failPushCount

2025-03-18 02:21:55,325 INFO DISTRO:|V1SyncDone|V1SyncFail|V2SyncDone|V2SyncFail|V2VerifyFail|

2025-03-18 02:21:55,325 INFO PERFORMANCE:|0|0|0|-1|-1|0|0

2025-03-18 02:21:55,325 INFO Task worker status: 
naming_0%8, pending tasks: 0
naming_1%8, pending tasks: 0
naming_2%8, pending tasks: 0
naming_3%8, pending tasks: 0
naming_4%8, pending tasks: 0
naming_5%8, pending tasks: 0
naming_6%8, pending tasks: 0
naming_7%8, pending tasks: 0


2025-03-18 02:21:55,325 INFO DISTRO:|0|0|0|0|0|

2025-03-18 02:22:55,325 INFO PERFORMANCE:|0|0|0|-1|-1|0|0

2025-03-18 02:22:55,325 INFO Task worker status: 
naming_0%8, pending tasks: 0
naming_1%8, pending tasks: 0
naming_2%8, pending tasks: 0
naming_3%8, pending tasks: 0
naming_4%8, pending tasks: 0
naming_5%8, pending tasks: 0
naming_6%8, pending tasks: 0
naming_7%8, pending tasks: 0


2025-03-18 02:22:55,325 INFO DISTRO:|0|0|0|0|0|

2025-03-18 02:23:55,325 INFO PERFORMANCE:|0|0|0|-1|-1|0|0

2025-03-18 02:23:55,325 INFO Task worker status: 
naming_0%8, pending tasks: 0
naming_1%8, pending tasks: 0
naming_2%8, pending tasks: 0
naming_3%8, pending tasks: 0
naming_4%8, pending tasks: 0
naming_5%8, pending tasks: 0
naming_6%8, pending tasks: 0
naming_7%8, pending tasks: 0


2025-03-18 02:23:55,325 INFO DISTRO:|0|0|0|0|0|

2025-03-18 02:24:55,325 INFO PERFORMANCE:|0|0|0|-1|-1|0|0

2025-03-18 02:24:55,326 INFO Task worker status: 
naming_0%8, pending tasks: 0
naming_1%8, pending tasks: 0
naming_2%8, pending tasks: 0
naming_3%8, pending tasks: 0
naming_4%8, pending tasks: 0
naming_5%8, pending tasks: 0
naming_6%8, pending tasks: 0
naming_7%8, pending tasks: 0


2025-03-18 02:24:55,326 INFO DISTRO:|0|0|0|0|0|

2025-03-18 02:25:55,326 INFO PERFORMANCE:|0|0|0|-1|-1|0|0

2025-03-18 02:25:55,326 INFO Task worker status: 
naming_0%8, pending tasks: 0
naming_1%8, pending tasks: 0
naming_2%8, pending tasks: 0
naming_3%8, pending tasks: 0
naming_4%8, pending tasks: 0
naming_5%8, pending tasks: 0
naming_6%8, pending tasks: 0
naming_7%8, pending tasks: 0


2025-03-18 02:25:55,326 INFO DISTRO:|0|0|0|0|0|

2025-03-18 02:26:55,326 INFO PERFORMANCE:|0|0|0|-1|-1|0|0

2025-03-18 02:26:55,326 INFO Task worker status: 
naming_0%8, pending tasks: 0
naming_1%8, pending tasks: 0
naming_2%8, pending tasks: 0
naming_3%8, pending tasks: 0
naming_4%8, pending tasks: 0
naming_5%8, pending tasks: 0
naming_6%8, pending tasks: 0
naming_7%8, pending tasks: 0


2025-03-18 02:26:55,326 INFO DISTRO:|0|0|0|0|0|

2025-03-18 02:27:55,326 INFO PERFORMANCE:|0|0|0|-1|-1|0|0

2025-03-18 02:27:55,326 INFO Task worker status: 
naming_0%8, pending tasks: 0
naming_1%8, pending tasks: 0
naming_2%8, pending tasks: 0
naming_3%8, pending tasks: 0
naming_4%8, pending tasks: 0
naming_5%8, pending tasks: 0
naming_6%8, pending tasks: 0
naming_7%8, pending tasks: 0


2025-03-18 02:27:55,326 INFO DISTRO:|0|0|0|0|0|

2025-03-18 02:28:55,327 INFO PERFORMANCE:|0|0|0|-1|-1|0|0

2025-03-18 02:28:55,327 INFO Task worker status: 
naming_0%8, pending tasks: 0
naming_1%8, pending tasks: 0
naming_2%8, pending tasks: 0
naming_3%8, pending tasks: 0
naming_4%8, pending tasks: 0
naming_5%8, pending tasks: 0
naming_6%8, pending tasks: 0
naming_7%8, pending tasks: 0


2025-03-18 02:28:55,327 INFO DISTRO:|0|0|0|0|0|

2025-03-18 02:29:55,327 INFO PERFORMANCE:|0|0|0|-1|-1|0|0

2025-03-18 02:29:55,327 INFO Task worker status: 
naming_0%8, pending tasks: 0
naming_1%8, pending tasks: 0
naming_2%8, pending tasks: 0
naming_3%8, pending tasks: 0
naming_4%8, pending tasks: 0
naming_5%8, pending tasks: 0
naming_6%8, pending tasks: 0
naming_7%8, pending tasks: 0


2025-03-18 02:29:55,327 INFO DISTRO:|0|0|0|0|0|

2025-03-18 02:30:55,327 INFO PERFORMANCE:|0|0|0|-1|-1|0|0

2025-03-18 02:30:55,328 INFO Task worker status: 
naming_0%8, pending tasks: 0
naming_1%8, pending tasks: 0
naming_2%8, pending tasks: 0
naming_3%8, pending tasks: 0
naming_4%8, pending tasks: 0
naming_5%8, pending tasks: 0
naming_6%8, pending tasks: 0
naming_7%8, pending tasks: 0


2025-03-18 02:30:55,328 INFO DISTRO:|0|0|0|0|0|

2025-03-18 02:31:55,328 INFO PERFORMANCE:|serviceCount|ipCount|subscribeCount|maxPushCost|avgPushCost|totalPushCount|failPushCount

2025-03-18 02:31:55,328 INFO DISTRO:|V1SyncDone|V1SyncFail|V2SyncDone|V2SyncFail|V2VerifyFail|

2025-03-18 02:31:55,328 INFO PERFORMANCE:|0|0|0|-1|-1|0|0

2025-03-18 02:31:55,328 INFO Task worker status: 
naming_0%8, pending tasks: 0
naming_1%8, pending tasks: 0
naming_2%8, pending tasks: 0
naming_3%8, pending tasks: 0
naming_4%8, pending tasks: 0
naming_5%8, pending tasks: 0
naming_6%8, pending tasks: 0
naming_7%8, pending tasks: 0


2025-03-18 02:31:55,328 INFO DISTRO:|0|0|0|0|0|

2025-03-18 02:32:55,329 INFO PERFORMANCE:|0|0|0|-1|-1|0|0

2025-03-18 02:32:55,329 INFO Task worker status: 
naming_0%8, pending tasks: 0
naming_1%8, pending tasks: 0
naming_2%8, pending tasks: 0
naming_3%8, pending tasks: 0
naming_4%8, pending tasks: 0
naming_5%8, pending tasks: 0
naming_6%8, pending tasks: 0
naming_7%8, pending tasks: 0


2025-03-18 02:32:55,329 INFO DISTRO:|0|0|0|0|0|

2025-03-18 02:33:55,329 INFO PERFORMANCE:|0|0|0|-1|-1|0|0

2025-03-18 02:33:55,329 INFO Task worker status: 
naming_0%8, pending tasks: 0
naming_1%8, pending tasks: 0
naming_2%8, pending tasks: 0
naming_3%8, pending tasks: 0
naming_4%8, pending tasks: 0
naming_5%8, pending tasks: 0
naming_6%8, pending tasks: 0
naming_7%8, pending tasks: 0


2025-03-18 02:33:55,329 INFO DISTRO:|0|0|0|0|0|

2025-03-18 02:34:55,329 INFO PERFORMANCE:|0|0|0|-1|-1|0|0

2025-03-18 02:34:55,329 INFO Task worker status: 
naming_0%8, pending tasks: 0
naming_1%8, pending tasks: 0
naming_2%8, pending tasks: 0
naming_3%8, pending tasks: 0
naming_4%8, pending tasks: 0
naming_5%8, pending tasks: 0
naming_6%8, pending tasks: 0
naming_7%8, pending tasks: 0


2025-03-18 02:34:55,329 INFO DISTRO:|0|0|0|0|0|

2025-03-18 02:35:55,329 INFO PERFORMANCE:|0|0|0|-1|-1|0|0

2025-03-18 02:35:55,329 INFO Task worker status: 
naming_0%8, pending tasks: 0
naming_1%8, pending tasks: 0
naming_2%8, pending tasks: 0
naming_3%8, pending tasks: 0
naming_4%8, pending tasks: 0
naming_5%8, pending tasks: 0
naming_6%8, pending tasks: 0
naming_7%8, pending tasks: 0


2025-03-18 02:35:55,329 INFO DISTRO:|0|0|0|0|0|

2025-03-18 02:36:55,329 INFO PERFORMANCE:|0|0|0|-1|-1|0|0

2025-03-18 02:36:55,330 INFO Task worker status: 
naming_0%8, pending tasks: 0
naming_1%8, pending tasks: 0
naming_2%8, pending tasks: 0
naming_3%8, pending tasks: 0
naming_4%8, pending tasks: 0
naming_5%8, pending tasks: 0
naming_6%8, pending tasks: 0
naming_7%8, pending tasks: 0


2025-03-18 02:36:55,330 INFO DISTRO:|0|0|0|0|0|

2025-03-18 02:37:55,330 INFO PERFORMANCE:|0|0|0|-1|-1|0|0

2025-03-18 02:37:55,330 INFO Task worker status: 
naming_0%8, pending tasks: 0
naming_1%8, pending tasks: 0
naming_2%8, pending tasks: 0
naming_3%8, pending tasks: 0
naming_4%8, pending tasks: 0
naming_5%8, pending tasks: 0
naming_6%8, pending tasks: 0
naming_7%8, pending tasks: 0


2025-03-18 02:37:55,330 INFO DISTRO:|0|0|0|0|0|

2025-03-18 02:38:55,330 INFO PERFORMANCE:|0|0|0|-1|-1|0|0

2025-03-18 02:38:55,330 INFO Task worker status: 
naming_0%8, pending tasks: 0
naming_1%8, pending tasks: 0
naming_2%8, pending tasks: 0
naming_3%8, pending tasks: 0
naming_4%8, pending tasks: 0
naming_5%8, pending tasks: 0
naming_6%8, pending tasks: 0
naming_7%8, pending tasks: 0


2025-03-18 02:38:55,330 INFO DISTRO:|0|0|0|0|0|

2025-03-18 02:39:55,330 INFO PERFORMANCE:|0|0|0|-1|-1|0|0

2025-03-18 02:39:55,330 INFO Task worker status: 
naming_0%8, pending tasks: 0
naming_1%8, pending tasks: 0
naming_2%8, pending tasks: 0
naming_3%8, pending tasks: 0
naming_4%8, pending tasks: 0
naming_5%8, pending tasks: 0
naming_6%8, pending tasks: 0
naming_7%8, pending tasks: 0


2025-03-18 02:39:55,330 INFO DISTRO:|0|0|0|0|0|

2025-03-18 02:40:55,330 INFO PERFORMANCE:|0|0|0|-1|-1|0|0

2025-03-18 02:40:55,331 INFO Task worker status: 
naming_0%8, pending tasks: 0
naming_1%8, pending tasks: 0
naming_2%8, pending tasks: 0
naming_3%8, pending tasks: 0
naming_4%8, pending tasks: 0
naming_5%8, pending tasks: 0
naming_6%8, pending tasks: 0
naming_7%8, pending tasks: 0


2025-03-18 02:40:55,331 INFO DISTRO:|0|0|0|0|0|

