2025-03-17 00:02:14,331 INFO Init loader limit rule from local,rule=

2025-03-17 00:02:14,403 INFO [ClientConnectionEventListenerRegistry] registry listener - ConfigConnectionEventListener

2025-03-17 00:02:14,429 INFO [ClientConnectionEventListenerRegistry] registry listener - RpcAckCallbackInitorOrCleaner

2025-03-17 00:02:14,711 INFO Nacos GrpcSdkServer Rpc server starting at port 9848

2025-03-17 00:02:14,970 INFO Nacos GrpcSdkServer Rpc server started at port 9848

2025-03-17 00:02:14,971 INFO Nacos GrpcClusterServer Rpc server starting at port 9849

2025-03-17 00:02:14,972 INFO Nacos GrpcClusterServer Rpc server started at port 9849

2025-03-17 00:02:14,989 INFO [ClientConnectionEventListenerRegistry] registry listener - ConnectionBasedClientManager

2025-03-17 00:54:13,172 INFO Nacos GrpcSdkServer Rpc server stopping

2025-03-17 00:54:13,172 INFO Nacos GrpcClusterServer Rpc server stopping

2025-03-17 00:54:13,636 INFO Nacos GrpcSdkServer Rpc server stopped successfully...

2025-03-17 00:54:13,637 INFO Nacos GrpcClusterServer Rpc server stopped successfully...

2025-03-17 21:43:12,820 INFO Init loader limit rule from local,rule=

2025-03-17 21:43:12,866 INFO [ClientConnectionEventListenerRegistry] registry listener - ConfigConnectionEventListener

2025-03-17 21:43:12,883 INFO [ClientConnectionEventListenerRegistry] registry listener - RpcAckCallbackInitorOrCleaner

2025-03-17 21:43:13,077 INFO Nacos GrpcSdkServer Rpc server starting at port 9848

2025-03-17 21:43:13,330 INFO Nacos GrpcSdkServer Rpc server started at port 9848

2025-03-17 21:43:13,331 INFO Nacos GrpcClusterServer Rpc server starting at port 9849

2025-03-17 21:43:13,332 INFO Nacos GrpcClusterServer Rpc server started at port 9849

2025-03-17 21:43:13,346 INFO [ClientConnectionEventListenerRegistry] registry listener - ConnectionBasedClientManager

2025-03-17 21:58:42,446 INFO Nacos GrpcClusterServer Rpc server stopping

2025-03-17 21:58:42,447 INFO Nacos GrpcSdkServer Rpc server stopping

2025-03-17 21:58:42,447 INFO Nacos GrpcClusterServer Rpc server stopped successfully...

2025-03-17 21:58:42,447 INFO Nacos GrpcSdkServer Rpc server stopped successfully...

2025-03-17 21:58:59,051 INFO Init loader limit rule from local,rule=

2025-03-17 21:58:59,106 INFO [ClientConnectionEventListenerRegistry] registry listener - ConfigConnectionEventListener

2025-03-17 21:58:59,124 INFO [ClientConnectionEventListenerRegistry] registry listener - RpcAckCallbackInitorOrCleaner

2025-03-17 21:58:59,360 INFO Nacos GrpcSdkServer Rpc server starting at port 9848

2025-03-17 21:58:59,648 INFO Nacos GrpcSdkServer Rpc server started at port 9848

2025-03-17 21:58:59,650 INFO Nacos GrpcClusterServer Rpc server starting at port 9849

2025-03-17 21:58:59,651 INFO Nacos GrpcClusterServer Rpc server started at port 9849

2025-03-17 21:58:59,666 INFO [ClientConnectionEventListenerRegistry] registry listener - ConnectionBasedClientManager

